#
# A fatal error has been detected by the Java Runtime Environment:
#
#  EXCEPTION_ACCESS_VIOLATION (0xc0000005) at pc=0x00007ff83ebc6490, pid=16696, tid=12520
#
# JRE version: Java(TM) SE Runtime Environment (15.0.1+9) (build 15.0.1+9-18)
# Java VM: Java HotSpot(TM) 64-Bit Server VM (15.0.1+9-18, mixed mode, sharing, tiered, compressed oops, g1 gc, windows-amd64)
# Problematic frame:
# C  [glfw.dll+0x6490]
#
# No core dump will be written. Minidumps are not enabled by default on client versions of Windows
#
# If you would like to submit a bug report, please visit:
#   https://bugreport.java.com/bugreport/crash.jsp
# The crash happened outside the Java Virtual Machine in native code.
# See problematic frame for where to report the bug.
#

---------------  S U M M A R Y ------------

Command Line: -Dfile.encoding=windows-1250 -Duser.country=CZ -Duser.language=cs -Duser.variant educanet.Main

Host: AMD FX(tm)-8350 Eight-Core Processor           , 8 cores, 7G,  Windows 10 , 64 bit Build 19041 (10.0.19041.804)
Time: Wed Mar 10 02:14:44 2021 Støední Evropa (bìžný èas) elapsed time: 2.017314 seconds (0d 0h 0m 2s)

---------------  T H R E A D  ---------------

Current thread (0x000002650018dfc0):  JavaThread "main" [_thread_in_native, id=12520, stack(0x000000ce8fe00000,0x000000ce8ff00000)]

Stack: [0x000000ce8fe00000,0x000000ce8ff00000],  sp=0x000000ce8feff380,  free space=1020k
Native frames: (J=compiled Java code, j=interpreted, Vv=VM code, C=native code)
C  [glfw.dll+0x6490]

Java frames: (J=compiled Java code, j=interpreted, Vv=VM code)
j  org.lwjgl.system.JNI.invokePV(JJ)V+0
j  org.lwjgl.glfw.GLFW.glfwDestroyWindow(J)V+6
j  educanet.Main.run()V+15
j  educanet.Main.main([Ljava/lang/String;)V+0
v  ~StubRoutines::call_stub

siginfo: EXCEPTION_ACCESS_VIOLATION (0xc0000005), reading address 0x0000000000000000


Register to memory mapping:

RIP=0x00007ff83ebc6490 glfw.dll
RAX=0x0 is NULL
RBX=0x0000026521c79200 points into unknown readable memory: 0x0000026523b8dae0 | e0 da b8 23 65 02 00 00
RCX=0x0 is NULL
RDX=0x00007ff83ec17ee0 glfw.dll
RSP=0x000000ce8feff380 is pointing into the stack for thread: 0x000002650018dfc0
RBP=0x000000ce8feff438 is pointing into the stack for thread: 0x000002650018dfc0
RSI=0x0000000000000148 is an unknown value
RDI=0x0000026509cfa1aa is at code_begin+2346 in an Interpreter codelet
invoke return entry points  [0x0000026509cf9880, 0x0000026509cfa280]  2560 bytes
R8 =0x0000026521c79200 points into unknown readable memory: 0x0000026523b8dae0 | e0 da b8 23 65 02 00 00
R9 =0x00007ff83ebc63e0 glfw.dll
R10=0x0000026509cff148 is at code_begin+1000 in an Interpreter codelet
method entry point (kind = native)  [0x0000026509cfed60, 0x0000026509cff7e0]  2688 bytes
R11=0x00000000884209f0 is an oop: java.lang.Class 
{0x00000000884209f0} - klass: 'java/lang/Class'
R12=0x0 is NULL
R13={method} {0x00000265212ffc78} 'invokePV' '(JJ)V' in 'org/lwjgl/system/JNI'
R14=0x000000ce8feff470 is pointing into the stack for thread: 0x000002650018dfc0
R15=0x000002650018dfc0 is a thread


Registers:
RAX=0x0000000000000000, RBX=0x0000026521c79200, RCX=0x0000000000000000, RDX=0x00007ff83ec17ee0
RSP=0x000000ce8feff380, RBP=0x000000ce8feff438, RSI=0x0000000000000148, RDI=0x0000026509cfa1aa
R8 =0x0000026521c79200, R9 =0x00007ff83ebc63e0, R10=0x0000026509cff148, R11=0x00000000884209f0
R12=0x0000000000000000, R13=0x00000265212ffc70, R14=0x000000ce8feff470, R15=0x000002650018dfc0
RIP=0x00007ff83ebc6490, EFLAGS=0x0000000000010287

Top of Stack: (sp=0x000000ce8feff380)
0x000000ce8feff380:   0000026521c79200 0000000000000148
0x000000ce8feff390:   0000000000000001 0000000000000000
0x000000ce8feff3a0:   00000265212ffc70 0000026509cff177
0x000000ce8feff3b0:   0000000000000000 0000000000000000
0x000000ce8feff3c0:   0000026509cf9bc0 00007ff80279c1d7
0x000000ce8feff3d0:   3ff0000000000000 000002650018dfc0
0x000000ce8feff3e0:   000002650018dfc0 0000026509cf9bc0
0x000000ce8feff3f0:   000000ce8feff3f0 0000000000000000
0x000000ce8feff400:   000000ce8feff470 000002652132b570
0x000000ce8feff410:   0000000000000000 00000000884209f0
0x000000ce8feff420:   00000265212ffc70 0000000000000000
0x000000ce8feff430:   000000ce8feff458 000000ce8feff4c0
0x000000ce8feff440:   0000026509cfa1aa 00000000884209f0
0x000000ce8feff450:   0000026509cfc218 00007ff83ebc63e0
0x000000ce8feff460:   0000000000000000 0000026521c79200
0x000000ce8feff470:   0000000000000000 000000ce8feff478 

Instructions: (pc=0x00007ff83ebc6490)
0x00007ff83ebc6390:   18 00 00 00 66 0f 6f 05 c4 02 04 00 f3 0f 7f 05
0x00007ff83ebc63a0:   64 17 05 00 c7 05 6e 17 05 00 08 00 00 00 c7 05
0x00007ff83ebc63b0:   88 17 05 00 01 00 00 00 c7 05 06 1b 05 00 ff ff
0x00007ff83ebc63c0:   ff ff c7 05 bc 17 05 00 01 00 00 00 48 83 c4 28
0x00007ff83ebc63d0:   c3 cc cc cc cc cc cc cc cc cc cc cc cc cc cc cc
0x00007ff83ebc63e0:   40 53 48 83 ec 20 83 3d 03 17 05 00 00 48 8b d9
0x00007ff83ebc63f0:   75 11 33 d2 b9 01 00 01 00 48 83 c4 20 5b e9 5d
0x00007ff83ebc6400:   b8 ff ff 48 85 db 0f 84 a5 00 00 00 0f 57 c0 33
0x00007ff83ebc6410:   c0 0f 11 81 c0 02 00 00 0f 11 81 d0 02 00 00 0f
0x00007ff83ebc6420:   11 81 e0 02 00 00 0f 11 81 f0 02 00 00 0f 11 81
0x00007ff83ebc6430:   00 03 00 00 0f 11 81 10 03 00 00 0f 11 81 20 03
0x00007ff83ebc6440:   00 00 0f 11 81 30 03 00 00 48 89 81 40 03 00 00
0x00007ff83ebc6450:   48 8d 0d 35 25 05 00 e8 54 47 00 00 48 3b d8 75
0x00007ff83ebc6460:   07 33 c9 e8 48 b6 ff ff 48 8b cb e8 80 4a 00 00
0x00007ff83ebc6470:   48 8b 0d 69 1a 05 00 48 8d 15 62 1a 05 00 48 3b
0x00007ff83ebc6480:   cb 74 1b 0f 1f 40 00 66 0f 1f 84 00 00 00 00 00
0x00007ff83ebc6490:   48 8b 01 48 8b d1 48 8b c8 48 3b c3 75 f2 48 8b
0x00007ff83ebc64a0:   03 48 8b cb 48 89 02 48 83 c4 20 5b e9 97 27 01
0x00007ff83ebc64b0:   00 48 83 c4 20 5b c3 cc cc cc cc cc cc cc cc cc
0x00007ff83ebc64c0:   83 3d 29 16 05 00 00 75 0c 33 d2 b9 01 00 01 00
0x00007ff83ebc64d0:   e9 8b b7 ff ff e9 d6 4a 00 00 cc cc cc cc cc cc
0x00007ff83ebc64e0:   33 c0 48 85 d2 74 02 89 02 4d 85 c0 74 03 41 89
0x00007ff83ebc64f0:   00 39 05 f9 15 05 00 75 0c 33 d2 b9 01 00 01 00
0x00007ff83ebc6500:   e9 5b b7 ff ff e9 96 4c 00 00 cc cc cc cc cc cc
0x00007ff83ebc6510:   48 83 ec 28 83 3d d5 15 05 00 00 75 13 33 d2 b9
0x00007ff83ebc6520:   01 00 01 00 e8 37 b7 ff ff 33 c0 48 83 c4 28 c3
0x00007ff83ebc6530:   81 fa 01 20 02 00 0f 8f 94 00 00 00 0f 84 83 00
0x00007ff83ebc6540:   00 00 8d 82 ff ff fd ff 83 f8 0b 0f 87 12 01 00
0x00007ff83ebc6550:   00 48 98 4c 8d 05 a6 9a ff ff 41 8b 84 80 80 66
0x00007ff83ebc6560:   00 00 49 03 c0 ff e0 48 83 c4 28 e9 50 60 00 00
0x00007ff83ebc6570:   48 83 c4 28 e9 87 60 00 00 48 83 c4 28 e9 9e 60
0x00007ff83ebc6580:   00 00 48 83 c4 28 e9 85 60 00 00 48 83 c4 28 e9 


Stack slot to memory mapping:
stack at sp + 0 slots: 0x0000026521c79200 points into unknown readable memory: 0x0000026523b8dae0 | e0 da b8 23 65 02 00 00
stack at sp + 1 slots: 0x0000000000000148 is an unknown value
stack at sp + 2 slots: 0x0000000000000001 is an unknown value
stack at sp + 3 slots: 0x0 is NULL
stack at sp + 4 slots: {method} {0x00000265212ffc78} 'invokePV' '(JJ)V' in 'org/lwjgl/system/JNI'
stack at sp + 5 slots: 0x0000026509cff177 is at code_begin+1047 in an Interpreter codelet
method entry point (kind = native)  [0x0000026509cfed60, 0x0000026509cff7e0]  2688 bytes
stack at sp + 6 slots: 0x0 is NULL
stack at sp + 7 slots: 0x0 is NULL


---------------  P R O C E S S  ---------------

Threads class SMR info:
_java_thread_list=0x0000026523b9dac0, length=11, elements={
0x000002650018dfc0, 0x0000026520de2970, 0x0000026520de3540, 0x0000026520dfef70,
0x0000026520dffa20, 0x0000026520e004d0, 0x0000026520e02370, 0x0000026520e08320,
0x0000026520e10d20, 0x0000026521844520, 0x0000026521847940
}

Java Threads: ( => current thread )
=>0x000002650018dfc0 JavaThread "main" [_thread_in_native, id=12520, stack(0x000000ce8fe00000,0x000000ce8ff00000)]
  0x0000026520de2970 JavaThread "Reference Handler" daemon [_thread_blocked, id=19032, stack(0x000000ce90500000,0x000000ce90600000)]
  0x0000026520de3540 JavaThread "Finalizer" daemon [_thread_blocked, id=20096, stack(0x000000ce90600000,0x000000ce90700000)]
  0x0000026520dfef70 JavaThread "Signal Dispatcher" daemon [_thread_blocked, id=12560, stack(0x000000ce90700000,0x000000ce90800000)]
  0x0000026520dffa20 JavaThread "Attach Listener" daemon [_thread_blocked, id=20616, stack(0x000000ce90800000,0x000000ce90900000)]
  0x0000026520e004d0 JavaThread "Service Thread" daemon [_thread_blocked, id=6840, stack(0x000000ce90900000,0x000000ce90a00000)]
  0x0000026520e02370 JavaThread "C2 CompilerThread0" daemon [_thread_blocked, id=9664, stack(0x000000ce90a00000,0x000000ce90b00000)]
  0x0000026520e08320 JavaThread "C1 CompilerThread0" daemon [_thread_blocked, id=11124, stack(0x000000ce90b00000,0x000000ce90c00000)]
  0x0000026520e10d20 JavaThread "Sweeper thread" daemon [_thread_blocked, id=13452, stack(0x000000ce90c00000,0x000000ce90d00000)]
  0x0000026521844520 JavaThread "Notification Thread" daemon [_thread_blocked, id=21248, stack(0x000000ce90d00000,0x000000ce90e00000)]
  0x0000026521847940 JavaThread "Common-Cleaner" daemon [_thread_blocked, id=12536, stack(0x000000ce90f00000,0x000000ce91000000)]

Other Threads:
  0x0000026520ddf0e0 VMThread "VM Thread" [stack: 0x000000ce90400000,0x000000ce90500000] [id=6644]
  0x0000026521844e00 WatcherThread [stack: 0x000000ce90e00000,0x000000ce90f00000] [id=7288]
  0x0000026500320f90 GCTaskThread "GC Thread#0" [stack: 0x000000ce8ff00000,0x000000ce90000000] [id=11316]
  0x0000026500333fc0 ConcurrentGCThread "G1 Main Marker" [stack: 0x000000ce90000000,0x000000ce90100000] [id=5680]
  0x0000026500335350 ConcurrentGCThread "G1 Conc#0" [stack: 0x000000ce90100000,0x000000ce90200000] [id=7552]
  0x00000265003bd530 ConcurrentGCThread "G1 Refine#0" [stack: 0x000000ce90200000,0x000000ce90300000] [id=5576]
  0x0000026520c50080 ConcurrentGCThread "G1 Young RemSet Sampling" [stack: 0x000000ce90300000,0x000000ce90400000] [id=1164]

Threads with active compile tasks:

VM state: not at safepoint (normal execution)

VM Mutex/Monitor currently owned by a thread: None

Heap address: 0x0000000080a00000, size: 2038 MB, Compressed Oops mode: 32-bit
CDS archive(s) mapped at: [0x0000000800000000-0x0000000800b50000-0x0000000800b50000), size 11862016, SharedBaseAddress: 0x0000000800000000, ArchiveRelocationMode: 0.
Compressed class space mapped at: 0x0000000800b50000-0x0000000840b50000, size: 1073741824
Narrow klass base: 0x0000000800000000, Narrow klass shift: 3, Narrow klass range: 0x100000000

GC Precious Log:
 CPUs: 8 total, 8 available
 Memory: 8149M
 Large Page Support: Disabled
 NUMA Support: Disabled
 Compressed Oops: Enabled (32-bit)
 Heap Region Size: 1M
 Heap Min Capacity: 8M
 Heap Initial Capacity: 128M
 Heap Max Capacity: 2038M
 Pre-touch: Disabled
 Parallel Workers: 8
 Concurrent Workers: 2
 Concurrent Refinement Workers: 8
 Periodic GC: Disabled

Heap:
 garbage-first heap   total 131072K, used 12288K [0x0000000080a00000, 0x0000000100000000)
  region size 1024K, 13 young (13312K), 0 survivors (0K)
 Metaspace       used 5364K, capacity 8273K, committed 8576K, reserved 1056768K
  class space    used 288K, capacity 585K, committed 640K, reserved 1048576K

Heap Regions: E=young(eden), S=young(survivor), O=old, HS=humongous(starts), HC=humongous(continues), CS=collection set, F=free, OA=open archive, CA=closed archive, TAMS=top-at-mark-start (previous, next)
|   0|0x0000000080a00000, 0x0000000080a00000, 0x0000000080b00000|  0%| F|  |TAMS 0x0000000080a00000, 0x0000000080a00000| Untracked 
|   1|0x0000000080b00000, 0x0000000080b00000, 0x0000000080c00000|  0%| F|  |TAMS 0x0000000080b00000, 0x0000000080b00000| Untracked 
|   2|0x0000000080c00000, 0x0000000080c00000, 0x0000000080d00000|  0%| F|  |TAMS 0x0000000080c00000, 0x0000000080c00000| Untracked 
|   3|0x0000000080d00000, 0x0000000080d00000, 0x0000000080e00000|  0%| F|  |TAMS 0x0000000080d00000, 0x0000000080d00000| Untracked 
|   4|0x0000000080e00000, 0x0000000080e00000, 0x0000000080f00000|  0%| F|  |TAMS 0x0000000080e00000, 0x0000000080e00000| Untracked 
|   5|0x0000000080f00000, 0x0000000080f00000, 0x0000000081000000|  0%| F|  |TAMS 0x0000000080f00000, 0x0000000080f00000| Untracked 
|   6|0x0000000081000000, 0x0000000081000000, 0x0000000081100000|  0%| F|  |TAMS 0x0000000081000000, 0x0000000081000000| Untracked 
|   7|0x0000000081100000, 0x0000000081100000, 0x0000000081200000|  0%| F|  |TAMS 0x0000000081100000, 0x0000000081100000| Untracked 
|   8|0x0000000081200000, 0x0000000081200000, 0x0000000081300000|  0%| F|  |TAMS 0x0000000081200000, 0x0000000081200000| Untracked 
|   9|0x0000000081300000, 0x0000000081300000, 0x0000000081400000|  0%| F|  |TAMS 0x0000000081300000, 0x0000000081300000| Untracked 
|  10|0x0000000081400000, 0x0000000081400000, 0x0000000081500000|  0%| F|  |TAMS 0x0000000081400000, 0x0000000081400000| Untracked 
|  11|0x0000000081500000, 0x0000000081500000, 0x0000000081600000|  0%| F|  |TAMS 0x0000000081500000, 0x0000000081500000| Untracked 
|  12|0x0000000081600000, 0x0000000081600000, 0x0000000081700000|  0%| F|  |TAMS 0x0000000081600000, 0x0000000081600000| Untracked 
|  13|0x0000000081700000, 0x0000000081700000, 0x0000000081800000|  0%| F|  |TAMS 0x0000000081700000, 0x0000000081700000| Untracked 
|  14|0x0000000081800000, 0x0000000081800000, 0x0000000081900000|  0%| F|  |TAMS 0x0000000081800000, 0x0000000081800000| Untracked 
|  15|0x0000000081900000, 0x0000000081900000, 0x0000000081a00000|  0%| F|  |TAMS 0x0000000081900000, 0x0000000081900000| Untracked 
|  16|0x0000000081a00000, 0x0000000081a00000, 0x0000000081b00000|  0%| F|  |TAMS 0x0000000081a00000, 0x0000000081a00000| Untracked 
|  17|0x0000000081b00000, 0x0000000081b00000, 0x0000000081c00000|  0%| F|  |TAMS 0x0000000081b00000, 0x0000000081b00000| Untracked 
|  18|0x0000000081c00000, 0x0000000081c00000, 0x0000000081d00000|  0%| F|  |TAMS 0x0000000081c00000, 0x0000000081c00000| Untracked 
|  19|0x0000000081d00000, 0x0000000081d00000, 0x0000000081e00000|  0%| F|  |TAMS 0x0000000081d00000, 0x0000000081d00000| Untracked 
|  20|0x0000000081e00000, 0x0000000081e00000, 0x0000000081f00000|  0%| F|  |TAMS 0x0000000081e00000, 0x0000000081e00000| Untracked 
|  21|0x0000000081f00000, 0x0000000081f00000, 0x0000000082000000|  0%| F|  |TAMS 0x0000000081f00000, 0x0000000081f00000| Untracked 
|  22|0x0000000082000000, 0x0000000082000000, 0x0000000082100000|  0%| F|  |TAMS 0x0000000082000000, 0x0000000082000000| Untracked 
|  23|0x0000000082100000, 0x0000000082100000, 0x0000000082200000|  0%| F|  |TAMS 0x0000000082100000, 0x0000000082100000| Untracked 
|  24|0x0000000082200000, 0x0000000082200000, 0x0000000082300000|  0%| F|  |TAMS 0x0000000082200000, 0x0000000082200000| Untracked 
|  25|0x0000000082300000, 0x0000000082300000, 0x0000000082400000|  0%| F|  |TAMS 0x0000000082300000, 0x0000000082300000| Untracked 
|  26|0x0000000082400000, 0x0000000082400000, 0x0000000082500000|  0%| F|  |TAMS 0x0000000082400000, 0x0000000082400000| Untracked 
|  27|0x0000000082500000, 0x0000000082500000, 0x0000000082600000|  0%| F|  |TAMS 0x0000000082500000, 0x0000000082500000| Untracked 
|  28|0x0000000082600000, 0x0000000082600000, 0x0000000082700000|  0%| F|  |TAMS 0x0000000082600000, 0x0000000082600000| Untracked 
|  29|0x0000000082700000, 0x0000000082700000, 0x0000000082800000|  0%| F|  |TAMS 0x0000000082700000, 0x0000000082700000| Untracked 
|  30|0x0000000082800000, 0x0000000082800000, 0x0000000082900000|  0%| F|  |TAMS 0x0000000082800000, 0x0000000082800000| Untracked 
|  31|0x0000000082900000, 0x0000000082900000, 0x0000000082a00000|  0%| F|  |TAMS 0x0000000082900000, 0x0000000082900000| Untracked 
|  32|0x0000000082a00000, 0x0000000082a00000, 0x0000000082b00000|  0%| F|  |TAMS 0x0000000082a00000, 0x0000000082a00000| Untracked 
|  33|0x0000000082b00000, 0x0000000082b00000, 0x0000000082c00000|  0%| F|  |TAMS 0x0000000082b00000, 0x0000000082b00000| Untracked 
|  34|0x0000000082c00000, 0x0000000082c00000, 0x0000000082d00000|  0%| F|  |TAMS 0x0000000082c00000, 0x0000000082c00000| Untracked 
|  35|0x0000000082d00000, 0x0000000082d00000, 0x0000000082e00000|  0%| F|  |TAMS 0x0000000082d00000, 0x0000000082d00000| Untracked 
|  36|0x0000000082e00000, 0x0000000082e00000, 0x0000000082f00000|  0%| F|  |TAMS 0x0000000082e00000, 0x0000000082e00000| Untracked 
|  37|0x0000000082f00000, 0x0000000082f00000, 0x0000000083000000|  0%| F|  |TAMS 0x0000000082f00000, 0x0000000082f00000| Untracked 
|  38|0x0000000083000000, 0x0000000083000000, 0x0000000083100000|  0%| F|  |TAMS 0x0000000083000000, 0x0000000083000000| Untracked 
|  39|0x0000000083100000, 0x0000000083100000, 0x0000000083200000|  0%| F|  |TAMS 0x0000000083100000, 0x0000000083100000| Untracked 
|  40|0x0000000083200000, 0x0000000083200000, 0x0000000083300000|  0%| F|  |TAMS 0x0000000083200000, 0x0000000083200000| Untracked 
|  41|0x0000000083300000, 0x0000000083300000, 0x0000000083400000|  0%| F|  |TAMS 0x0000000083300000, 0x0000000083300000| Untracked 
|  42|0x0000000083400000, 0x0000000083400000, 0x0000000083500000|  0%| F|  |TAMS 0x0000000083400000, 0x0000000083400000| Untracked 
|  43|0x0000000083500000, 0x0000000083500000, 0x0000000083600000|  0%| F|  |TAMS 0x0000000083500000, 0x0000000083500000| Untracked 
|  44|0x0000000083600000, 0x0000000083600000, 0x0000000083700000|  0%| F|  |TAMS 0x0000000083600000, 0x0000000083600000| Untracked 
|  45|0x0000000083700000, 0x0000000083700000, 0x0000000083800000|  0%| F|  |TAMS 0x0000000083700000, 0x0000000083700000| Untracked 
|  46|0x0000000083800000, 0x0000000083800000, 0x0000000083900000|  0%| F|  |TAMS 0x0000000083800000, 0x0000000083800000| Untracked 
|  47|0x0000000083900000, 0x0000000083900000, 0x0000000083a00000|  0%| F|  |TAMS 0x0000000083900000, 0x0000000083900000| Untracked 
|  48|0x0000000083a00000, 0x0000000083a00000, 0x0000000083b00000|  0%| F|  |TAMS 0x0000000083a00000, 0x0000000083a00000| Untracked 
|  49|0x0000000083b00000, 0x0000000083b00000, 0x0000000083c00000|  0%| F|  |TAMS 0x0000000083b00000, 0x0000000083b00000| Untracked 
|  50|0x0000000083c00000, 0x0000000083c00000, 0x0000000083d00000|  0%| F|  |TAMS 0x0000000083c00000, 0x0000000083c00000| Untracked 
|  51|0x0000000083d00000, 0x0000000083d00000, 0x0000000083e00000|  0%| F|  |TAMS 0x0000000083d00000, 0x0000000083d00000| Untracked 
|  52|0x0000000083e00000, 0x0000000083e00000, 0x0000000083f00000|  0%| F|  |TAMS 0x0000000083e00000, 0x0000000083e00000| Untracked 
|  53|0x0000000083f00000, 0x0000000083f00000, 0x0000000084000000|  0%| F|  |TAMS 0x0000000083f00000, 0x0000000083f00000| Untracked 
|  54|0x0000000084000000, 0x0000000084000000, 0x0000000084100000|  0%| F|  |TAMS 0x0000000084000000, 0x0000000084000000| Untracked 
|  55|0x0000000084100000, 0x0000000084100000, 0x0000000084200000|  0%| F|  |TAMS 0x0000000084100000, 0x0000000084100000| Untracked 
|  56|0x0000000084200000, 0x0000000084200000, 0x0000000084300000|  0%| F|  |TAMS 0x0000000084200000, 0x0000000084200000| Untracked 
|  57|0x0000000084300000, 0x0000000084300000, 0x0000000084400000|  0%| F|  |TAMS 0x0000000084300000, 0x0000000084300000| Untracked 
|  58|0x0000000084400000, 0x0000000084400000, 0x0000000084500000|  0%| F|  |TAMS 0x0000000084400000, 0x0000000084400000| Untracked 
|  59|0x0000000084500000, 0x0000000084500000, 0x0000000084600000|  0%| F|  |TAMS 0x0000000084500000, 0x0000000084500000| Untracked 
|  60|0x0000000084600000, 0x0000000084600000, 0x0000000084700000|  0%| F|  |TAMS 0x0000000084600000, 0x0000000084600000| Untracked 
|  61|0x0000000084700000, 0x0000000084700000, 0x0000000084800000|  0%| F|  |TAMS 0x0000000084700000, 0x0000000084700000| Untracked 
|  62|0x0000000084800000, 0x0000000084800000, 0x0000000084900000|  0%| F|  |TAMS 0x0000000084800000, 0x0000000084800000| Untracked 
|  63|0x0000000084900000, 0x0000000084900000, 0x0000000084a00000|  0%| F|  |TAMS 0x0000000084900000, 0x0000000084900000| Untracked 
|  64|0x0000000084a00000, 0x0000000084a00000, 0x0000000084b00000|  0%| F|  |TAMS 0x0000000084a00000, 0x0000000084a00000| Untracked 
|  65|0x0000000084b00000, 0x0000000084b00000, 0x0000000084c00000|  0%| F|  |TAMS 0x0000000084b00000, 0x0000000084b00000| Untracked 
|  66|0x0000000084c00000, 0x0000000084c00000, 0x0000000084d00000|  0%| F|  |TAMS 0x0000000084c00000, 0x0000000084c00000| Untracked 
|  67|0x0000000084d00000, 0x0000000084d00000, 0x0000000084e00000|  0%| F|  |TAMS 0x0000000084d00000, 0x0000000084d00000| Untracked 
|  68|0x0000000084e00000, 0x0000000084e00000, 0x0000000084f00000|  0%| F|  |TAMS 0x0000000084e00000, 0x0000000084e00000| Untracked 
|  69|0x0000000084f00000, 0x0000000084f00000, 0x0000000085000000|  0%| F|  |TAMS 0x0000000084f00000, 0x0000000084f00000| Untracked 
|  70|0x0000000085000000, 0x0000000085000000, 0x0000000085100000|  0%| F|  |TAMS 0x0000000085000000, 0x0000000085000000| Untracked 
|  71|0x0000000085100000, 0x0000000085100000, 0x0000000085200000|  0%| F|  |TAMS 0x0000000085100000, 0x0000000085100000| Untracked 
|  72|0x0000000085200000, 0x0000000085200000, 0x0000000085300000|  0%| F|  |TAMS 0x0000000085200000, 0x0000000085200000| Untracked 
|  73|0x0000000085300000, 0x0000000085300000, 0x0000000085400000|  0%| F|  |TAMS 0x0000000085300000, 0x0000000085300000| Untracked 
|  74|0x0000000085400000, 0x0000000085400000, 0x0000000085500000|  0%| F|  |TAMS 0x0000000085400000, 0x0000000085400000| Untracked 
|  75|0x0000000085500000, 0x0000000085500000, 0x0000000085600000|  0%| F|  |TAMS 0x0000000085500000, 0x0000000085500000| Untracked 
|  76|0x0000000085600000, 0x0000000085600000, 0x0000000085700000|  0%| F|  |TAMS 0x0000000085600000, 0x0000000085600000| Untracked 
|  77|0x0000000085700000, 0x0000000085700000, 0x0000000085800000|  0%| F|  |TAMS 0x0000000085700000, 0x0000000085700000| Untracked 
|  78|0x0000000085800000, 0x0000000085800000, 0x0000000085900000|  0%| F|  |TAMS 0x0000000085800000, 0x0000000085800000| Untracked 
|  79|0x0000000085900000, 0x0000000085900000, 0x0000000085a00000|  0%| F|  |TAMS 0x0000000085900000, 0x0000000085900000| Untracked 
|  80|0x0000000085a00000, 0x0000000085a00000, 0x0000000085b00000|  0%| F|  |TAMS 0x0000000085a00000, 0x0000000085a00000| Untracked 
|  81|0x0000000085b00000, 0x0000000085b00000, 0x0000000085c00000|  0%| F|  |TAMS 0x0000000085b00000, 0x0000000085b00000| Untracked 
|  82|0x0000000085c00000, 0x0000000085c00000, 0x0000000085d00000|  0%| F|  |TAMS 0x0000000085c00000, 0x0000000085c00000| Untracked 
|  83|0x0000000085d00000, 0x0000000085d00000, 0x0000000085e00000|  0%| F|  |TAMS 0x0000000085d00000, 0x0000000085d00000| Untracked 
|  84|0x0000000085e00000, 0x0000000085e00000, 0x0000000085f00000|  0%| F|  |TAMS 0x0000000085e00000, 0x0000000085e00000| Untracked 
|  85|0x0000000085f00000, 0x0000000085f00000, 0x0000000086000000|  0%| F|  |TAMS 0x0000000085f00000, 0x0000000085f00000| Untracked 
|  86|0x0000000086000000, 0x0000000086000000, 0x0000000086100000|  0%| F|  |TAMS 0x0000000086000000, 0x0000000086000000| Untracked 
|  87|0x0000000086100000, 0x0000000086100000, 0x0000000086200000|  0%| F|  |TAMS 0x0000000086100000, 0x0000000086100000| Untracked 
|  88|0x0000000086200000, 0x0000000086200000, 0x0000000086300000|  0%| F|  |TAMS 0x0000000086200000, 0x0000000086200000| Untracked 
|  89|0x0000000086300000, 0x0000000086300000, 0x0000000086400000|  0%| F|  |TAMS 0x0000000086300000, 0x0000000086300000| Untracked 
|  90|0x0000000086400000, 0x0000000086400000, 0x0000000086500000|  0%| F|  |TAMS 0x0000000086400000, 0x0000000086400000| Untracked 
|  91|0x0000000086500000, 0x0000000086500000, 0x0000000086600000|  0%| F|  |TAMS 0x0000000086500000, 0x0000000086500000| Untracked 
|  92|0x0000000086600000, 0x0000000086600000, 0x0000000086700000|  0%| F|  |TAMS 0x0000000086600000, 0x0000000086600000| Untracked 
|  93|0x0000000086700000, 0x0000000086700000, 0x0000000086800000|  0%| F|  |TAMS 0x0000000086700000, 0x0000000086700000| Untracked 
|  94|0x0000000086800000, 0x0000000086800000, 0x0000000086900000|  0%| F|  |TAMS 0x0000000086800000, 0x0000000086800000| Untracked 
|  95|0x0000000086900000, 0x0000000086900000, 0x0000000086a00000|  0%| F|  |TAMS 0x0000000086900000, 0x0000000086900000| Untracked 
|  96|0x0000000086a00000, 0x0000000086a00000, 0x0000000086b00000|  0%| F|  |TAMS 0x0000000086a00000, 0x0000000086a00000| Untracked 
|  97|0x0000000086b00000, 0x0000000086b00000, 0x0000000086c00000|  0%| F|  |TAMS 0x0000000086b00000, 0x0000000086b00000| Untracked 
|  98|0x0000000086c00000, 0x0000000086c00000, 0x0000000086d00000|  0%| F|  |TAMS 0x0000000086c00000, 0x0000000086c00000| Untracked 
|  99|0x0000000086d00000, 0x0000000086d00000, 0x0000000086e00000|  0%| F|  |TAMS 0x0000000086d00000, 0x0000000086d00000| Untracked 
| 100|0x0000000086e00000, 0x0000000086e00000, 0x0000000086f00000|  0%| F|  |TAMS 0x0000000086e00000, 0x0000000086e00000| Untracked 
| 101|0x0000000086f00000, 0x0000000086f00000, 0x0000000087000000|  0%| F|  |TAMS 0x0000000086f00000, 0x0000000086f00000| Untracked 
| 102|0x0000000087000000, 0x0000000087000000, 0x0000000087100000|  0%| F|  |TAMS 0x0000000087000000, 0x0000000087000000| Untracked 
| 103|0x0000000087100000, 0x0000000087100000, 0x0000000087200000|  0%| F|  |TAMS 0x0000000087100000, 0x0000000087100000| Untracked 
| 104|0x0000000087200000, 0x0000000087200000, 0x0000000087300000|  0%| F|  |TAMS 0x0000000087200000, 0x0000000087200000| Untracked 
| 105|0x0000000087300000, 0x0000000087300000, 0x0000000087400000|  0%| F|  |TAMS 0x0000000087300000, 0x0000000087300000| Untracked 
| 106|0x0000000087400000, 0x0000000087400000, 0x0000000087500000|  0%| F|  |TAMS 0x0000000087400000, 0x0000000087400000| Untracked 
| 107|0x0000000087500000, 0x0000000087500000, 0x0000000087600000|  0%| F|  |TAMS 0x0000000087500000, 0x0000000087500000| Untracked 
| 108|0x0000000087600000, 0x0000000087600000, 0x0000000087700000|  0%| F|  |TAMS 0x0000000087600000, 0x0000000087600000| Untracked 
| 109|0x0000000087700000, 0x0000000087700000, 0x0000000087800000|  0%| F|  |TAMS 0x0000000087700000, 0x0000000087700000| Untracked 
| 110|0x0000000087800000, 0x0000000087800000, 0x0000000087900000|  0%| F|  |TAMS 0x0000000087800000, 0x0000000087800000| Untracked 
| 111|0x0000000087900000, 0x0000000087900000, 0x0000000087a00000|  0%| F|  |TAMS 0x0000000087900000, 0x0000000087900000| Untracked 
| 112|0x0000000087a00000, 0x0000000087a00000, 0x0000000087b00000|  0%| F|  |TAMS 0x0000000087a00000, 0x0000000087a00000| Untracked 
| 113|0x0000000087b00000, 0x0000000087b00000, 0x0000000087c00000|  0%| F|  |TAMS 0x0000000087b00000, 0x0000000087b00000| Untracked 
| 114|0x0000000087c00000, 0x0000000087c00000, 0x0000000087d00000|  0%| F|  |TAMS 0x0000000087c00000, 0x0000000087c00000| Untracked 
| 115|0x0000000087d00000, 0x0000000087dfee70, 0x0000000087e00000| 99%| E|  |TAMS 0x0000000087d00000, 0x0000000087d00000| Complete 
| 116|0x0000000087e00000, 0x0000000087f00000, 0x0000000087f00000|100%| E|CS|TAMS 0x0000000087e00000, 0x0000000087e00000| Complete 
| 117|0x0000000087f00000, 0x0000000088000000, 0x0000000088000000|100%| E|CS|TAMS 0x0000000087f00000, 0x0000000087f00000| Complete 
| 118|0x0000000088000000, 0x0000000088100000, 0x0000000088100000|100%| E|CS|TAMS 0x0000000088000000, 0x0000000088000000| Complete 
| 119|0x0000000088100000, 0x0000000088200000, 0x0000000088200000|100%| E|CS|TAMS 0x0000000088100000, 0x0000000088100000| Complete 
| 120|0x0000000088200000, 0x0000000088300000, 0x0000000088300000|100%| E|CS|TAMS 0x0000000088200000, 0x0000000088200000| Complete 
| 121|0x0000000088300000, 0x0000000088400000, 0x0000000088400000|100%| E|CS|TAMS 0x0000000088300000, 0x0000000088300000| Complete 
| 122|0x0000000088400000, 0x0000000088500000, 0x0000000088500000|100%| E|CS|TAMS 0x0000000088400000, 0x0000000088400000| Complete 
| 123|0x0000000088500000, 0x0000000088600000, 0x0000000088600000|100%| E|CS|TAMS 0x0000000088500000, 0x0000000088500000| Complete 
| 124|0x0000000088600000, 0x0000000088700000, 0x0000000088700000|100%| E|CS|TAMS 0x0000000088600000, 0x0000000088600000| Complete 
| 125|0x0000000088700000, 0x0000000088800000, 0x0000000088800000|100%| E|CS|TAMS 0x0000000088700000, 0x0000000088700000| Complete 
| 126|0x0000000088800000, 0x0000000088900000, 0x0000000088900000|100%| E|CS|TAMS 0x0000000088800000, 0x0000000088800000| Complete 
| 127|0x0000000088900000, 0x0000000088a00000, 0x0000000088a00000|100%| E|CS|TAMS 0x0000000088900000, 0x0000000088900000| Complete 

Card table byte_map: [0x0000026519b80000,0x0000026519f80000] _byte_map_base: 0x000002651977b000

Marking Bits (Prev, Next): (CMBitMap*) 0x00000265003237a0, (CMBitMap*) 0x00000265003237e0
 Prev Bits: [0x000002651a380000, 0x000002651c358000)
 Next Bits: [0x000002651c360000, 0x000002651e338000)

Polling page: 0x00000265003c0000

Metaspace:

Usage:
  Non-class:      7.51 MB capacity,     4.96 MB ( 66%) used,     2.54 MB ( 34%) free+waste,     7.62 KB ( <1%) overhead. 
      Class:    585.00 KB capacity,   288.59 KB ( 49%) used,   293.79 KB ( 50%) free+waste,     2.62 KB ( <1%) overhead. 
       Both:      8.08 MB capacity,     5.24 MB ( 65%) used,     2.83 MB ( 35%) free+waste,    10.25 KB ( <1%) overhead. 

Virtual space:
  Non-class space:        8.00 MB reserved,       7.75 MB ( 97%) committed 
      Class space:        1.00 GB reserved,     640.00 KB ( <1%) committed 
             Both:        1.01 GB reserved,       8.38 MB ( <1%) committed 

Chunk freelists:
   Non-Class:  56.00 KB
       Class:  23.00 KB
        Both:  79.00 KB

MaxMetaspaceSize: 17179869184.00 GB
CompressedClassSpaceSize: 1.00 GB

CodeHeap 'non-profiled nmethods': size=120000Kb used=229Kb max_used=229Kb free=119770Kb
 bounds [0x00000265117c0000, 0x0000026511a30000, 0x0000026518cf0000]
CodeHeap 'profiled nmethods': size=120000Kb used=1224Kb max_used=1224Kb free=118775Kb
 bounds [0x000002650a290000, 0x000002650a500000, 0x00000265117c0000]
CodeHeap 'non-nmethods': size=5760Kb used=1554Kb max_used=1569Kb free=4206Kb
 bounds [0x0000026509cf0000, 0x0000026509f60000, 0x000002650a290000]
 total_blobs=1697 nmethods=766 adapters=845
 compilation: enabled
              stopped_count=0, restarted_count=0
 full_count=0

Compilation events (20 events):
Event: 0.955 Thread 0x0000026523ba3120  756       4       sun.misc.Unsafe::getLong (9 bytes)
Event: 0.955 Thread 0x0000026520e02370 nmethod 754 0x00000265117f8510 code [0x00000265117f8680, 0x00000265117f86f8]
Event: 0.955 Thread 0x0000026520e08320 nmethod 755 0x000002650a3be590 code [0x000002650a3be720, 0x000002650a3be838]
Event: 0.955 Thread 0x0000026523ba3120 nmethod 756 0x00000265117f8810 code [0x00000265117f8980, 0x00000265117f89f8]
Event: 0.957 Thread 0x0000026520e08320  757   !   3       java.io.BufferedReader::readLine (304 bytes)
Event: 0.959 Thread 0x0000026520e08320 nmethod 757 0x000002650a3be910 code [0x000002650a3bec00, 0x000002650a3bfdb8]
Event: 0.959 Thread 0x0000026523ba3120  760       4       java.lang.String::charAt (25 bytes)
Event: 0.959 Thread 0x0000026520e08320  758       3       sun.nio.cs.SingleByte$Decoder::decode (11 bytes)
Event: 0.959 Thread 0x0000026520e08320 nmethod 758 0x000002650a3c0690 code [0x000002650a3c0820, 0x000002650a3c0958]
Event: 0.959 Thread 0x0000026520e08320  759       3       java.lang.invoke.MethodHandle::<init> (37 bytes)
Event: 0.959 Thread 0x0000026520e08320 nmethod 759 0x000002650a3c0a10 code [0x000002650a3c0c20, 0x000002650a3c1198]
Event: 0.960 Thread 0x0000026523ba3120 nmethod 760 0x00000265117f8b10 code [0x00000265117f8ca0, 0x00000265117f8d88]
Event: 1.139 Thread 0x0000026520e08320  761       3       org.lwjgl.opengl.GL30::glBindVertexArray (5 bytes)
Event: 1.139 Thread 0x0000026520e08320 nmethod 761 0x000002650a3c1410 code [0x000002650a3c15a0, 0x000002650a3c16a8]
Event: 1.156 Thread 0x0000026520e08320  763       3       educanet.Game::drawSquare (21 bytes)
Event: 1.156 Thread 0x0000026520e08320 nmethod 763 0x000002650a3c1790 code [0x000002650a3c1940, 0x000002650a3c1af8]
Event: 1.156 Thread 0x0000026520e08320  764       3       org.lwjgl.opengl.GL11::glDrawElements (8 bytes)
Event: 1.156 Thread 0x0000026520e08320 nmethod 764 0x000002650a3c1c10 code [0x000002650a3c1da0, 0x000002650a3c1ea8]
Event: 1.156 Thread 0x0000026520e08320  765       3       org.lwjgl.opengl.GL11C::glDrawElements (8 bytes)
Event: 1.156 Thread 0x0000026520e08320 nmethod 765 0x000002650a3c1f90 code [0x000002650a3c2120, 0x000002650a3c2228]

GC Heap History (0 events):
No events

Deoptimization events (18 events):
Event: 0.116 Thread 0x000002650018dfc0 Uncommon trap: trap_request=0xffffff45 fr.pc=0x00000265117c43e0 relative=0x00000000000001c0
Event: 0.116 Thread 0x000002650018dfc0 Uncommon trap: reason=unstable_if action=reinterpret pc=0x00000265117c43e0 method=java.lang.String.hashCode()I @ 13 c2
Event: 0.116 Thread 0x000002650018dfc0 DEOPT PACKING pc=0x00000265117c43e0 sp=0x000000ce8fefb350
Event: 0.116 Thread 0x000002650018dfc0 DEOPT UNPACKING pc=0x0000026509d3e12f sp=0x000000ce8fefb2e8 mode 2
Event: 0.840 Thread 0x000002650018dfc0 DEOPT PACKING pc=0x000002650a2c39df sp=0x000000ce8fefdb70
Event: 0.840 Thread 0x000002650018dfc0 DEOPT UNPACKING pc=0x0000026509d3df3f sp=0x000000ce8fefcfc0 mode 0
Event: 0.917 Thread 0x000002650018dfc0 Uncommon trap: trap_request=0xffffff54 fr.pc=0x00000265117e5be0 relative=0x0000000000000060
Event: 0.917 Thread 0x000002650018dfc0 Uncommon trap: reason=speculate_null_assert action=make_not_entrant pc=0x00000265117e5be0 method=sun.misc.Unsafe.putLong(Ljava/lang/Object;JJ)V @ 7 c2
Event: 0.917 Thread 0x000002650018dfc0 DEOPT PACKING pc=0x00000265117e5be0 sp=0x000000ce8feff050
Event: 0.917 Thread 0x000002650018dfc0 DEOPT UNPACKING pc=0x0000026509d3e12f sp=0x000000ce8fefefc8 mode 2
Event: 0.941 Thread 0x000002650018dfc0 Uncommon trap: trap_request=0xffffff45 fr.pc=0x00000265117c4d90 relative=0x0000000000000070
Event: 0.941 Thread 0x000002650018dfc0 Uncommon trap: reason=unstable_if action=reinterpret pc=0x00000265117c4d90 method=java.lang.String.isLatin1()Z @ 10 c2
Event: 0.941 Thread 0x000002650018dfc0 DEOPT PACKING pc=0x00000265117c4d90 sp=0x000000ce8fefee50
Event: 0.941 Thread 0x000002650018dfc0 DEOPT UNPACKING pc=0x0000026509d3e12f sp=0x000000ce8fefed90 mode 2
Event: 0.954 Thread 0x000002650018dfc0 Uncommon trap: trap_request=0xffffff54 fr.pc=0x00000265117e67d8 relative=0x0000000000000058
Event: 0.954 Thread 0x000002650018dfc0 Uncommon trap: reason=speculate_null_assert action=make_not_entrant pc=0x00000265117e67d8 method=sun.misc.Unsafe.getLong(Ljava/lang/Object;J)J @ 5 c2
Event: 0.954 Thread 0x000002650018dfc0 DEOPT PACKING pc=0x00000265117e67d8 sp=0x000000ce8feff170
Event: 0.954 Thread 0x000002650018dfc0 DEOPT UNPACKING pc=0x0000026509d3e12f sp=0x000000ce8feff0f8 mode 2

Classes unloaded (0 events):
No events

Classes redefined (0 events):
No events

Internal exceptions (16 events):
Event: 0.127 Thread 0x000002650018dfc0 Exception <a 'java/lang/NoSuchMethodError'{0x0000000088779380}: 'java.lang.Object java.lang.invoke.DirectMethodHandle$Holder.invokeStatic(java.lang.Object)'> (0x0000000088779380) 
thrown [./open/src/hotspot/share/interpreter/linkResolver.cpp, line 782]
Event: 0.127 Thread 0x000002650018dfc0 Exception <a 'java/lang/NoSuchMethodError'{0x00000000887885f8}: 'java.lang.Object java.lang.invoke.DirectMethodHandle$Holder.invokeStaticInit(java.lang.Object)'> (0x00000000887885f8) 
thrown [./open/src/hotspot/share/interpreter/linkResolver.cpp, line 782]
Event: 0.140 Thread 0x000002650018dfc0 Exception <a 'java/lang/NoSuchMethodError'{0x00000000887dcc38}: 'void java.lang.invoke.DirectMethodHandle$Holder.invokeStatic(java.lang.Object, java.lang.Object)'> (0x00000000887dcc38) 
thrown [./open/src/hotspot/share/interpreter/linkResolver.cpp, line 782]
Event: 0.142 Thread 0x000002650018dfc0 Exception <a 'java/lang/NoSuchMethodError'{0x00000000887e2570}: 'void java.lang.invoke.DirectMethodHandle$Holder.invokeSpecial(java.lang.Object, java.lang.Object, java.lang.Object)'> (0x00000000887e2570) 
thrown [./open/src/hotspot/share/interpreter/linkResolver.cpp, line 782]
Event: 0.145 Thread 0x000002650018dfc0 Exception <a 'java/lang/NoSuchMethodError'{0x00000000887f71e0}: 'java.lang.Object java.lang.invoke.DirectMethodHandle$Holder.invokeStatic(java.lang.Object, java.lang.Object, int)'> (0x00000000887f71e0) 
thrown [./open/src/hotspot/share/interpreter/linkResolver.cpp, line 782]
Event: 0.147 Thread 0x000002650018dfc0 Exception <a 'java/lang/NoSuchMethodError'{0x0000000088603e00}: 'void java.lang.invoke.DelegatingMethodHandle$Holder.delegate(java.lang.Object, java.lang.Object, int, java.lang.Object)'> (0x0000000088603e00) 
thrown [./open/src/hotspot/share/interpreter/linkResolver.cpp, line 782]
Event: 0.147 Thread 0x000002650018dfc0 Exception <a 'java/lang/NoSuchMethodError'{0x0000000088608148}: 'int java.lang.invoke.DirectMethodHandle$Holder.invokeSpecial(java.lang.Object, java.lang.Object, java.lang.Object)'> (0x0000000088608148) 
thrown [./open/src/hotspot/share/interpreter/linkResolver.cpp, line 782]
Event: 0.198 Thread 0x000002650018dfc0 Exception <a 'sun/nio/fs/WindowsException'{0x00000000886a3a48}> (0x00000000886a3a48) 
thrown [./open/src/hotspot/share/prims/jni.cpp, line 578]
Event: 0.198 Thread 0x000002650018dfc0 Exception <a 'sun/nio/fs/WindowsException'{0x00000000886a3fa0}> (0x00000000886a3fa0) 
thrown [./open/src/hotspot/share/prims/jni.cpp, line 578]
Event: 0.247 Thread 0x000002650018dfc0 Exception <a 'sun/nio/fs/WindowsException'{0x00000000885d3708}> (0x00000000885d3708) 
thrown [./open/src/hotspot/share/prims/jni.cpp, line 578]
Event: 0.247 Thread 0x000002650018dfc0 Exception <a 'sun/nio/fs/WindowsException'{0x00000000885d3a78}> (0x00000000885d3a78) 
thrown [./open/src/hotspot/share/prims/jni.cpp, line 578]
Event: 0.734 Thread 0x000002650018dfc0 Exception <a 'sun/nio/fs/WindowsException'{0x0000000088456818}> (0x0000000088456818) 
thrown [./open/src/hotspot/share/prims/jni.cpp, line 578]
Event: 0.734 Thread 0x000002650018dfc0 Exception <a 'sun/nio/fs/WindowsException'{0x0000000088456bc8}> (0x0000000088456bc8) 
thrown [./open/src/hotspot/share/prims/jni.cpp, line 578]
Event: 0.739 Thread 0x000002650018dfc0 Exception <a 'sun/nio/fs/WindowsException'{0x0000000088464e38}> (0x0000000088464e38) 
thrown [./open/src/hotspot/share/prims/jni.cpp, line 578]
Event: 0.739 Thread 0x000002650018dfc0 Exception <a 'sun/nio/fs/WindowsException'{0x0000000088465120}> (0x0000000088465120) 
thrown [./open/src/hotspot/share/prims/jni.cpp, line 578]
Event: 0.931 Thread 0x000002650018dfc0 Exception <a 'java/lang/NoSuchMethodError'{0x0000000087efd8d0}: 'void java.lang.invoke.DirectMethodHandle$Holder.invokeStatic(java.lang.Object, long, int, int)'> (0x0000000087efd8d0) 
thrown [./open/src/hotspot/share/interpreter/linkResolver.cpp, line 782]

Events (20 events):
Event: 0.917 loading class jdk/internal/reflect/UnsafeQualifiedFieldAccessorImpl
Event: 0.917 loading class jdk/internal/reflect/UnsafeQualifiedFieldAccessorImpl done
Event: 0.917 loading class jdk/internal/reflect/UnsafeQualifiedLongFieldAccessorImpl done
Event: 0.936 loading class java/lang/invoke/BoundMethodHandle$Species_LLL
Event: 0.937 loading class java/lang/invoke/BoundMethodHandle$Species_LLL done
Event: 0.938 loading class java/lang/invoke/BoundMethodHandle$Species_LJ
Event: 0.938 loading class java/lang/invoke/BoundMethodHandle$Species_LJ done
Event: 0.939 loading class java/lang/invoke/BoundMethodHandle$Species_LLLL
Event: 0.939 loading class java/lang/invoke/BoundMethodHandle$Species_LLLL done
Event: 0.941 loading class java/io/FileReader
Event: 0.941 loading class java/io/FileReader done
Event: 0.944 loading class java/lang/invoke/BoundMethodHandle$Species_LLLLL
Event: 0.944 loading class java/lang/invoke/BoundMethodHandle$Species_LLLLL done
Event: 0.945 loading class java/lang/invoke/BoundMethodHandle$Species_LLLLLL
Event: 0.945 loading class java/lang/invoke/BoundMethodHandle$Species_LLLLLL done
Event: 1.139 Thread 0x0000026523ba3120 Thread exited: 0x0000026523ba3120
Event: 1.141 Loaded shared library C:\Users\teuby\AppData\Local\Temp\lwjglteuby\3.2.3-build-13\lwjgl_opengl.dll
Event: 1.241 Loaded shared library C:\Users\teuby\AppData\Local\Temp\lwjglteuby\3.2.3-build-13\lwjgl_opengl.dll
Event: 1.760 Executing VM operation: HandshakeAllThreads
Event: 1.760 Executing VM operation: HandshakeAllThreads done


Dynamic libraries:
0x00007ff6b4d60000 - 0x00007ff6b4d6f000 	C:\Program Files\Java\jdk-15.0.1\bin\java.exe
0x00007ff8505f0000 - 0x00007ff8507e6000 	C:\Windows\SYSTEM32\ntdll.dll
0x00007ff84fda0000 - 0x00007ff84fe5d000 	C:\Windows\System32\KERNEL32.DLL
0x00007ff84e020000 - 0x00007ff84e2e9000 	C:\Windows\System32\KERNELBASE.dll
0x00007ff84df20000 - 0x00007ff84e020000 	C:\Windows\System32\ucrtbase.dll
0x00007ff83fa10000 - 0x00007ff83fa28000 	C:\Program Files\Java\jdk-15.0.1\bin\jli.dll
0x00007ff84a7b0000 - 0x00007ff84a7c9000 	C:\Program Files\Java\jdk-15.0.1\bin\VCRUNTIME140.dll
0x00007ff850420000 - 0x00007ff8504cc000 	C:\Windows\System32\ADVAPI32.dll
0x00007ff84f8f0000 - 0x00007ff84f98e000 	C:\Windows\System32\msvcrt.dll
0x00007ff84f660000 - 0x00007ff84f6fc000 	C:\Windows\System32\sechost.dll
0x00007ff84fe60000 - 0x00007ff84ff8b000 	C:\Windows\System32\RPCRT4.dll
0x00007ff84e650000 - 0x00007ff84e7f0000 	C:\Windows\System32\USER32.dll
0x00007ff833860000 - 0x00007ff833afb000 	C:\Windows\WinSxS\amd64_microsoft.windows.common-controls_6595b64144ccf1df_6.0.19041.746_none_ca02b4b61b8320a4\COMCTL32.dll
0x00007ff84def0000 - 0x00007ff84df12000 	C:\Windows\System32\win32u.dll
0x00007ff84f630000 - 0x00007ff84f65a000 	C:\Windows\System32\GDI32.dll
0x00007ff84dd30000 - 0x00007ff84de3b000 	C:\Windows\System32\gdi32full.dll
0x00007ff84e2f0000 - 0x00007ff84e38d000 	C:\Windows\System32\msvcp_win.dll
0x00007ff8458d0000 - 0x00007ff8458da000 	C:\Windows\SYSTEM32\VERSION.dll
0x00007ff84f600000 - 0x00007ff84f630000 	C:\Windows\System32\IMM32.DLL
0x00007ff844c60000 - 0x00007ff844c6c000 	C:\Program Files\Java\jdk-15.0.1\bin\vcruntime140_1.dll
0x00007ff8165b0000 - 0x00007ff816641000 	C:\Program Files\Java\jdk-15.0.1\bin\msvcp140.dll
0x00007ff8021c0000 - 0x00007ff802d1e000 	C:\Program Files\Java\jdk-15.0.1\bin\server\jvm.dll
0x00007ff84f8e0000 - 0x00007ff84f8e8000 	C:\Windows\System32\PSAPI.DLL
0x00007ff844c20000 - 0x00007ff844c29000 	C:\Windows\SYSTEM32\WSOCK32.dll
0x00007ff8458a0000 - 0x00007ff8458c7000 	C:\Windows\SYSTEM32\WINMM.dll
0x00007ff84f870000 - 0x00007ff84f8db000 	C:\Windows\System32\WS2_32.dll
0x00007ff84bc80000 - 0x00007ff84bc92000 	C:\Windows\SYSTEM32\kernel.appcore.dll
0x00007ff844c30000 - 0x00007ff844c3a000 	C:\Program Files\Java\jdk-15.0.1\bin\jimage.dll
0x00007ff8470a0000 - 0x00007ff847284000 	C:\Windows\SYSTEM32\DBGHELP.DLL
0x00007ff833ed0000 - 0x00007ff833efc000 	C:\Windows\SYSTEM32\dbgcore.DLL
0x00007ff84e440000 - 0x00007ff84e4c0000 	C:\Windows\System32\bcryptPrimitives.dll
0x00007ff83f290000 - 0x00007ff83f2b5000 	C:\Program Files\Java\jdk-15.0.1\bin\java.dll
0x00007ff84e850000 - 0x00007ff84ef92000 	C:\Windows\System32\SHELL32.dll
0x00007ff84be80000 - 0x00007ff84c610000 	C:\Windows\SYSTEM32\windows.storage.dll
0x00007ff84fa40000 - 0x00007ff84fd96000 	C:\Windows\System32\combase.dll
0x00007ff84d790000 - 0x00007ff84d7bc000 	C:\Windows\SYSTEM32\Wldp.dll
0x00007ff84f990000 - 0x00007ff84fa3e000 	C:\Windows\System32\SHCORE.dll
0x00007ff84f5a0000 - 0x00007ff84f5f5000 	C:\Windows\System32\shlwapi.dll
0x00007ff84dc60000 - 0x00007ff84dc86000 	C:\Windows\SYSTEM32\profapi.dll
0x00007ff83e8e0000 - 0x00007ff83e8f9000 	C:\Program Files\Java\jdk-15.0.1\bin\net.dll
0x00007ff846ca0000 - 0x00007ff846da0000 	C:\Windows\SYSTEM32\WINHTTP.dll
0x00007ff84d510000 - 0x00007ff84d57a000 	C:\Windows\system32\mswsock.dll
0x00007ff83e8c0000 - 0x00007ff83e8d2000 	C:\Program Files\Java\jdk-15.0.1\bin\nio.dll
0x00007ff83e530000 - 0x00007ff83e548000 	C:\Program Files\Java\jdk-15.0.1\bin\zip.dll
0x00007ff83f380000 - 0x00007ff83f3e4000 	C:\Users\teuby\AppData\Local\Temp\lwjglteuby\3.2.3-build-13\lwjgl.dll
0x00007ff83ebc0000 - 0x00007ff83ec22000 	C:\Users\teuby\AppData\Local\Temp\lwjglteuby\3.2.3-build-13\glfw.dll
0x00007ff84b7a0000 - 0x00007ff84b83e000 	C:\Windows\system32\uxtheme.dll
0x00007ff800720000 - 0x00007ff800765000 	C:\Windows\SYSTEM32\dinput8.dll
0x00007ff841f80000 - 0x00007ff841f91000 	C:\Windows\SYSTEM32\xinput1_4.dll
0x00007ff84dea0000 - 0x00007ff84deee000 	C:\Windows\System32\cfgmgr32.dll
0x00007ff84dad0000 - 0x00007ff84dafc000 	C:\Windows\SYSTEM32\DEVOBJ.dll
0x00007ff84b990000 - 0x00007ff84b9bf000 	C:\Windows\SYSTEM32\dwmapi.dll
0x00007ff844430000 - 0x00007ff844582000 	C:\Windows\SYSTEM32\inputhost.dll
0x00007ff84ff90000 - 0x00007ff85005d000 	C:\Windows\System32\OLEAUT32.dll
0x00007ff84b2e0000 - 0x00007ff84b3d2000 	C:\Windows\SYSTEM32\CoreMessaging.dll
0x00007ff849430000 - 0x00007ff849527000 	C:\Windows\SYSTEM32\PROPSYS.dll
0x00007ff84a8b0000 - 0x00007ff84aa04000 	C:\Windows\SYSTEM32\wintypes.dll
0x00007ff84af80000 - 0x00007ff84b2de000 	C:\Windows\SYSTEM32\CoreUIComponents.dll
0x00007ff84ca50000 - 0x00007ff84ca83000 	C:\Windows\SYSTEM32\ntmarta.dll
0x00007ff84efa0000 - 0x00007ff84f0b5000 	C:\Windows\System32\MSCTF.dll
0x00007ff84c610000 - 0x00007ff84c61d000 	C:\Windows\SYSTEM32\HID.DLL
0x00007ff84f0d0000 - 0x00007ff84f537000 	C:\Windows\System32\SETUPAPI.DLL
0x00007ff84e4c0000 - 0x00007ff84e4e7000 	C:\Windows\System32\bcrypt.dll
0x00007ff84de40000 - 0x00007ff84dea0000 	C:\Windows\System32\WINTRUST.dll
0x00007ff84e4f0000 - 0x00007ff84e646000 	C:\Windows\System32\CRYPT32.dll
0x00007ff84d910000 - 0x00007ff84d922000 	C:\Windows\SYSTEM32\MSASN1.dll
0x00007ff8258b0000 - 0x00007ff8259d5000 	C:\Windows\SYSTEM32\opengl32.dll
0x00007ff8331e0000 - 0x00007ff83320c000 	C:\Windows\SYSTEM32\GLU32.dll
0x00007ff84f720000 - 0x00007ff84f7c9000 	C:\Windows\System32\clbcatq.dll
0x00007ff841000000 - 0x00007ff84102a000 	C:\Windows\System32\DriverStore\FileRepository\u0359160.inf_amd64_2abe2598d9a3141f\B358802\atig6pxx.dll
0x00007fffdd150000 - 0x00007fffdfe62000 	C:\Windows\System32\DriverStore\FileRepository\u0359160.inf_amd64_2abe2598d9a3141f\B358802\atio6axx.dll
0x00007ff850060000 - 0x00007ff85018a000 	C:\Windows\System32\ole32.dll
0x00007ff836e20000 - 0x00007ff836e44000 	C:\Windows\SYSTEM32\dxva2.dll
0x00007ff8098d0000 - 0x00007ff80990c000 	C:\Windows\System32\DriverStore\FileRepository\u0359160.inf_amd64_2abe2598d9a3141f\B358802\atig6txx.dll
0x00007ff809e00000 - 0x00007ff809fbc000 	C:\Windows\SYSTEM32\atiadlxx.dll
0x00007ff845ac0000 - 0x00007ff845afb000 	C:\Windows\SYSTEM32\dxcore.dll
0x00007ff844330000 - 0x00007ff84442b000 	C:\Windows\SYSTEM32\textinputframework.dll
0x00007ff83e900000 - 0x00007ff83e959000 	C:\Users\teuby\AppData\Local\Temp\lwjglteuby\3.2.3-build-13\lwjgl_opengl.dll

dbghelp: loaded successfully - version: 4.0.5 - missing functions: none
symbol engine: initialized successfully - sym options: 0x614 - pdb path: .;C:\Program Files\Java\jdk-15.0.1\bin;C:\Windows\SYSTEM32;C:\Windows\WinSxS\amd64_microsoft.windows.common-controls_6595b64144ccf1df_6.0.19041.746_none_ca02b4b61b8320a4;C:\Program Files\Java\jdk-15.0.1\bin\server;C:\Users\teuby\AppData\Local\Temp\lwjglteuby\3.2.3-build-13;C:\Windows\System32\DriverStore\FileRepository\u0359160.inf_amd64_2abe2598d9a3141f\B358802

VM Arguments:
jvm_args: -Dfile.encoding=windows-1250 -Duser.country=CZ -Duser.language=cs -Duser.variant 
java_command: educanet.Main
java_class_path (initial): D:\skola\GDV\OpenGl\maze\build\classes\java\main;D:\skola\GDV\OpenGl\maze\build\resources\main;C:\Users\teuby\.gradle\caches\modules-2\files-2.1\org.lwjgl\lwjgl-assimp\3.2.3\f62aa07a20afbdd3097efc296c4841e0d29700eb\lwjgl-assimp-3.2.3.jar;C:\Users\teuby\.gradle\caches\modules-2\files-2.1\org.lwjgl\lwjgl-assimp\3.2.3\4e60aeb75f0343c4a9ede4ef8b6b32ca702a00a3\lwjgl-assimp-3.2.3-natives-windows.jar;C:\Users\teuby\.gradle\caches\modules-2\files-2.1\org.lwjgl\lwjgl-glfw\3.2.3\5e520d5c290c8b012545a8d34fa5db5ab051ea53\lwjgl-glfw-3.2.3.jar;C:\Users\teuby\.gradle\caches\modules-2\files-2.1\org.lwjgl\lwjgl-glfw\3.2.3\b4d8a3477cdc2edcf7a5f1e822926be846223f54\lwjgl-glfw-3.2.3-natives-windows.jar;C:\Users\teuby\.gradle\caches\modules-2\files-2.1\org.lwjgl\lwjgl-openal\3.2.3\106742e805803ab9eab8e343f0fb31a3d263903c\lwjgl-openal-3.2.3.jar;C:\Users\teuby\.gradle\caches\modules-2\files-2.1\org.lwjgl\lwjgl-openal\3.2.3\ec898e8ce11b5886f4f532a1536283ef2817758d\lwjgl-openal-3.2.3-natives-windows.jar;C:\Users\teuby\.gradle\caches\modules-2\files-2.1\org.lwjgl\lwjgl-opengl\3.2.3\bdd534a323d0c8f54969b95e424b6ac8984f7d6e\lwjgl-opengl-3.2.3.jar;C:\Users\teuby\.gradle\caches\modules-2\files-2.1\org.lwjgl\lwjgl-opengl\3.2.3\e81cfc73ec8708e5e791ed770e4ec3edfc1bbab1\lwjgl-opengl-3.2.3-natives-windows.jar;C:\Users\teuby\.gradle\caches\modules-2\files-2.1\org.lwjgl\lwjgl-stb\3.2.3\40eccaa4fa86fc815f2e17946a392fb5fdcc286a\lwjgl-stb-3.2.3.jar;C:\Users\teuby\.gradle\caches\modules-2\files-2.1\org.lwjgl\lwjgl-stb\3.2.3\817b21ec286f0ba3dcedb56a3bd275e6a9345be9\lwjgl-stb-3.2.3-natives-windows.jar;C:\Users\teuby\.gradle\caches\modules-2\files-2.1\org.lwjgl\lwjgl\3.2.3\17a59ba0fe8d474ec9dbe0d5db40d2cfe59c4c08\lwjgl-3.2.3.jar;C:\Users\teuby\.gradle\caches\modules-2\files-2.1\org.lwjgl\lwjgl\3.2.3\27f32cd35349684745951e04388e8e00d681cdcd\lwjgl-3.2.3-natives-windows.jar;C:\Users\teuby\.gradle\caches\modules-2\files-2.1\org.joml\joml\1.10.0\a29b8bf72dc1478e9ceea256db214188da94f313\
Launcher Type: SUN_STANDARD

[Global flags]
     intx CICompilerCount                          = 4                                         {product} {ergonomic}
     uint ConcGCThreads                            = 2                                         {product} {ergonomic}
     uint G1ConcRefinementThreads                  = 8                                         {product} {ergonomic}
   size_t G1HeapRegionSize                         = 1048576                                   {product} {ergonomic}
    uintx GCDrainStackTargetSize                   = 64                                        {product} {ergonomic}
   size_t InitialHeapSize                          = 134217728                                 {product} {ergonomic}
   size_t MarkStackSize                            = 4194304                                   {product} {ergonomic}
   size_t MaxHeapSize                              = 2136997888                                {product} {ergonomic}
   size_t MaxNewSize                               = 1281359872                                {product} {ergonomic}
   size_t MinHeapDeltaBytes                        = 1048576                                   {product} {ergonomic}
   size_t MinHeapSize                              = 8388608                                   {product} {ergonomic}
    uintx NonNMethodCodeHeapSize                   = 5839372                                {pd product} {ergonomic}
    uintx NonProfiledCodeHeapSize                  = 122909434                              {pd product} {ergonomic}
    uintx ProfiledCodeHeapSize                     = 122909434                              {pd product} {ergonomic}
    uintx ReservedCodeCacheSize                    = 251658240                              {pd product} {ergonomic}
     bool SegmentedCodeCache                       = true                                      {product} {ergonomic}
   size_t SoftMaxHeapSize                          = 2136997888                             {manageable} {ergonomic}
     bool UseCompressedClassPointers               = true                                 {lp64_product} {ergonomic}
     bool UseCompressedOops                        = true                                 {lp64_product} {ergonomic}
     bool UseG1GC                                  = true                                      {product} {ergonomic}
     bool UseLargePagesIndividualAllocation        = false                                  {pd product} {ergonomic}

Logging:
Log output configuration:
 #0: stdout all=warning uptime,level,tags
 #1: stderr all=off uptime,level,tags

Environment Variables:
PATH=C:\Program Files\Java\jdk-15.0.1\bin;C:\Program Files (x86)\Common Files\Oracle\Java\javapath;C:\Windows\system32;C:\Windows;C:\Windows\System32\Wbem;C:\Windows\System32\WindowsPowerShell\v1.0\;C:\Windows\System32\OpenSSH\;C:\Program Files\Git\cmd;C:\Program Files\nodejs\;C:\Gradle\gradle-6.8.2\bin;C:\wildfly-22.0.0.Final\bin;C:\maven\apache-maven-3.6.3\bin;C:\Users\teuby\AppData\Local\Microsoft\WindowsApps;C:\Users\teuby\AppData\Local\Programs\Microsoft VS Code\bin;C:\Users\teuby\AppData\Roaming\npm;C:\Users\teuby\AppData\Local\GitHubDesktop\bin;C:\Program Files\JetBrains\IntelliJ IDEA 2020.3.2\bin;
USERNAME=teuby
OS=Windows_NT
PROCESSOR_IDENTIFIER=AMD64 Family 21 Model 2 Stepping 0, AuthenticAMD



---------------  S Y S T E M  ---------------

OS:
 Windows 10 , 64 bit Build 19041 (10.0.19041.804)
OS uptime: 8 days 16:39 hours

CPU: total 8 (initial active 8) (8 cores per cpu, 1 threads per core) family 21 model 2 stepping 0 microcode 0x0, cmov, cx8, fxsr, mmx, sse, sse2, sse3, ssse3, sse4.1, sse4.2, popcnt, vzeroupper, avx, aes, clmul, 3dnowpref, lzcnt, sse4a, tsc, tscinvbit, tscinv, bmi1, fma, clflush

Memory: 4k page, system-wide physical 8149M (1499M free)
TotalPageFile size 24403M (AvailPageFile size 2979M)
current process WorkingSet (physical memory assigned to process): 85M, peak: 87M
current process commit charge ("private bytes"): 284M, peak: 288M

vm_info: Java HotSpot(TM) 64-Bit Server VM (15.0.1+9-18) for windows-amd64 JRE (15.0.1+9-18), built on Sep 15 2020 14:43:54 by "mach5one" with unknown MS VC++:1925

END.
