#
# A fatal error has been detected by the Java Runtime Environment:
#
#  EXCEPTION_ACCESS_VIOLATION (0xc0000005) at pc=0x00007ffef4195bb6, pid=17108, tid=11512
#
# JRE version: Java(TM) SE Runtime Environment (15.0.1+9) (build 15.0.1+9-18)
# Java VM: Java HotSpot(TM) 64-Bit Server VM (15.0.1+9-18, mixed mode, sharing, tiered, compressed oops, g1 gc, windows-amd64)
# Problematic frame:
# C  [ntdll.dll+0x25bb6]
#
# No core dump will be written. Minidumps are not enabled by default on client versions of Windows
#
# If you would like to submit a bug report, please visit:
#   https://bugreport.java.com/bugreport/crash.jsp
#

---------------  S U M M A R Y ------------

Command Line: -Dfile.encoding=windows-1250 -Duser.country=CZ -Duser.language=cs -Duser.variant educanet.Main

Host: AMD FX(tm)-8350 Eight-Core Processor           , 8 cores, 7G,  Windows 10 , 64 bit Build 19041 (10.0.19041.804)
Time: Wed Mar 17 00:28:08 2021 Støední Evropa (bìžný èas) elapsed time: 2.670152 seconds (0d 0h 0m 2s)

---------------  T H R E A D  ---------------

Current thread (0x00000288b7b03cc0):  JavaThread "Reference Handler" daemon [_thread_in_vm, id=11512, stack(0x000000f38fa00000,0x000000f38fb00000)]

Stack: [0x000000f38fa00000,0x000000f38fb00000],  sp=0x000000f38faff1f0,  free space=1020k
Native frames: (J=compiled Java code, j=interpreted, Vv=VM code, C=native code)
C  [ntdll.dll+0x25bb6]
C  [ntdll.dll+0x247b1]
C  [ucrtbase.dll+0xf05b]
V  [jvm.dll+0x76373e]
C  0x00000288a0a2f177

Java frames: (J=compiled Java code, j=interpreted, Vv=VM code)
j  jdk.internal.misc.Unsafe.freeMemory0(J)V+0 java.base@15.0.1
j  jdk.internal.misc.Unsafe.freeMemory(J)V+14 java.base@15.0.1
j  java.nio.DirectByteBuffer$Deallocator.run()V+17 java.base@15.0.1
j  jdk.internal.ref.Cleaner.clean()V+12 java.base@15.0.1
j  java.lang.ref.Reference.processPendingReferences()V+54 java.base@15.0.1
j  java.lang.ref.Reference$ReferenceHandler.run()V+0 java.base@15.0.1
v  ~StubRoutines::call_stub

siginfo: EXCEPTION_ACCESS_VIOLATION (0xc0000005), reading address 0x00000288c2d560df


Register to memory mapping:

RIP=0x00007ffef4195bb6 ntdll.dll
RAX=0x0 is NULL
RBX=0x0000028896dd0000 points into unknown readable memory: 0x0000000000000000 | 00 00 00 00 00 00 00 00
RCX=0x0000028896dd0000 points into unknown readable memory: 0x0000000000000000 | 00 00 00 00 00 00 00 00
RDX=0x00000288c2d560e0 is an unknown value
RSP=0x000000f38faff1f0 is pointing into the stack for thread: 0x00000288b7b03cc0
RBP=0x0 is NULL
RSI=0x0000028896dd0000 points into unknown readable memory: 0x0000000000000000 | 00 00 00 00 00 00 00 00
RDI=0x0 is NULL
R8 =0x0 is NULL
R9 =0x0 is NULL
R10=0x00000288a0a2f148 is at code_begin+1000 in an Interpreter codelet
method entry point (kind = native)  [0x00000288a0a2ed60, 0x00000288a0a2f7e0]  2688 bytes
R11=0x0000000000000102 is an unknown value
R12=0x0 is NULL
R13=0x00000288c2d560e0 points into unknown readable memory: 0x0000000000000000 | 00 00 00 00 00 00 00 00
R14=0x00000288c2d560d0 points into unknown readable memory: 0x0000000000000000 | 00 00 00 00 00 00 00 00
R15=0x00000288b7b03cc0 is a thread


Registers:
RAX=0x0000000000000000, RBX=0x0000028896dd0000, RCX=0x0000028896dd0000, RDX=0x00000288c2d560e0
RSP=0x000000f38faff1f0, RBP=0x0000000000000000, RSI=0x0000028896dd0000, RDI=0x0000000000000000
R8 =0x0000000000000000, R9 =0x0000000000000000, R10=0x00000288a0a2f148, R11=0x0000000000000102
R12=0x0000000000000000, R13=0x00000288c2d560e0, R14=0x00000288c2d560d0, R15=0x00000288b7b03cc0
RIP=0x00007ffef4195bb6, EFLAGS=0x0000000000010246

Top of Stack: (sp=0x000000f38faff1f0)
0x000000f38faff1f0:   000000080065672e 0000000000000000
0x000000f38faff200:   00000288b7b03cc0 00000288b7cc2ed8
0x000000f38faff210:   000000f38faff320 00007ffe867cd0f8
0x000000f38faff220:   00000008000a81d8 00000000000000b6
0x000000f38faff230:   00000288b7b041a0 00000000000003d8
0x000000f38faff240:   000000f38faff4c8 000000f38faff468
0x000000f38faff250:   0000bf46606ac321 000000f38faff4d8
0x000000f38faff260:   000000f38faff408 00000000000029d6
0x000000f38faff270:   000000f38faff300 00000288b7b03cc0
0x000000f38faff280:   00000288b7b03cc0 000000f38faff408
0x000000f38faff290:   0000000800656f28 0000000000000000
0x000000f38faff2a0:   00000288c2d560e0 00007ffef41947b1
0x000000f38faff2b0:   0000000000000000 0000028896dd0000
0x000000f38faff2c0:   000000f38faff3d8 0000000000000000
0x000000f38faff2d0:   0000000000000000 00007ffe867cc8a7
0x000000f38faff2e0:   00000288c2d560e0 00007ffef1dbf05b 

Instructions: (pc=0x00007ffef4195bb6)
0x00007ffef4195ab6:   85 c0 0f 85 c3 0c 08 00 b9 80 03 fe 7f 40 38 39
0x00007ffef4195ac6:   0f 84 2f fe ff ff e9 cc 0c 08 00 45 33 c0 48 8b
0x00007ffef4195ad6:   d3 49 8b ce e8 c1 0e fe ff e8 6c ed ff ff 85 c0
0x00007ffef4195ae6:   0f 85 5b 0d 08 00 b9 80 03 fe 7f 40 38 39 0f 84
0x00007ffef4195af6:   01 fe ff ff e9 64 0d 08 00 41 b8 02 00 00 00 e9
0x00007ffef4195b06:   60 fc ff ff f7 41 74 00 00 00 01 75 4e f6 41 78
0x00007ffef4195b16:   01 0f 85 ed 0d 08 00 41 f6 c5 0f 0f 84 87 00 00
0x00007ffef4195b26:   00 45 33 c9 48 89 7c 24 28 4d 8b c5 48 89 7c 24
0x00007ffef4195b36:   20 48 8b d6 41 8d 49 09 e8 b9 80 0e 00 4d 85 f6
0x00007ffef4195b46:   0f 84 cb 0d 08 00 41 80 7d ff 05 0f 84 f1 0d 08
0x00007ffef4195b56:   00 41 38 7e 0f 0f 8c 56 0f 08 00 8b d5 4d 8b cd
0x00007ffef4195b66:   83 ca 02 4d 8b c6 48 8b ce e8 8c 00 00 00 44 0f
0x00007ffef4195b76:   b6 f8 84 c0 0f 84 9b fd ff ff 48 8b 84 24 e0 00
0x00007ffef4195b86:   00 00 48 85 c0 74 03 66 89 38 4d 85 e4 74 04 49
0x00007ffef4195b96:   89 3c 24 48 8b ce e8 7f ec ff ff 85 c0 0f 84 72
0x00007ffef4195ba6:   fd ff ff e9 5a 14 08 00 4c 8d 72 f0 41 0f 0d 0e
0x00007ffef4195bb6:   41 80 7e 0f 05 75 0c 41 0f b6 46 0e 48 c1 e0 04
0x00007ffef4195bc6:   4c 2b f0 41 f6 46 0f 3f 0f 85 6f ff ff ff 45 33
0x00007ffef4195bd6:   c9 48 89 7c 24 28 4d 8b c6 48 89 7c 24 20 48 8b
0x00007ffef4195be6:   d6 41 8d 49 08 e8 0c 80 0e 00 4c 8b f7 e9 4b ff
0x00007ffef4195bf6:   ff ff cc cc cc cc cc cc cc cc 48 89 5c 24 10 48
0x00007ffef4195c06:   89 74 24 20 4c 89 44 24 18 48 89 4c 24 08 57 41
0x00007ffef4195c16:   54 41 55 41 56 41 57 48 81 ec 80 01 00 00 4d 8b
0x00007ffef4195c26:   f8 8b fa 48 8b d9 41 b4 01 44 88 64 24 41 c6 44
0x00007ffef4195c36:   24 40 00 c7 44 24 74 01 00 00 00 45 33 ed 4c 89
0x00007ffef4195c46:   ac 24 88 00 00 00 66 44 89 6c 24 44 49 3b c8 75
0x00007ffef4195c56:   39 4c 89 6c 24 28 4c 89 6c 24 20 45 33 c9 48 8b
0x00007ffef4195c66:   d1 41 8d 4d 09 e8 8c 7f 0e 00 33 c0 4c 8d 9c 24
0x00007ffef4195c76:   80 01 00 00 49 8b 5b 38 49 8b 73 48 49 8b e3 41
0x00007ffef4195c86:   5f 41 5e 41 5d 41 5c 5f c3 cc 0b 79 74 f7 c7 60
0x00007ffef4195c96:   0f 01 7d 74 28 45 32 e4 44 88 64 24 41 41 b8 04
0x00007ffef4195ca6:   00 00 00 f7 c7 00 00 00 61 74 18 0f ba e7 1c 72 


Stack slot to memory mapping:
stack at sp + 0 slots: 0x000000080065672e is pointing into metadata
stack at sp + 1 slots: 0x0 is NULL
stack at sp + 2 slots: 0x00000288b7b03cc0 is a thread
stack at sp + 3 slots: 0x00000288b7cc2ed8 is pointing into metadata
stack at sp + 4 slots: 0x000000f38faff320 is pointing into the stack for thread: 0x00000288b7b03cc0
stack at sp + 5 slots: 0x00007ffe867cd0f8 jvm.dll
stack at sp + 6 slots: {method} {0x00000008000a81e0} 'freeMemory0' '(J)V' in 'jdk/internal/misc/Unsafe'
stack at sp + 7 slots: 0x00000000000000b6 is an unknown value


---------------  P R O C E S S  ---------------

Threads class SMR info:
_java_thread_list=0x00000288b8569f50, length=11, elements={
0x0000028896ece3c0, 0x00000288b7b03cc0, 0x00000288b7b04890, 0x00000288b7b1eee0,
0x00000288b7b219a0, 0x00000288b7b22450, 0x00000288b7b24240, 0x00000288b7b282e0,
0x00000288b7b3d4f0, 0x00000288b85654b0, 0x00000288b8580180
}

Java Threads: ( => current thread )
  0x0000028896ece3c0 JavaThread "main" [_thread_in_native, id=19216, stack(0x000000f38f300000,0x000000f38f400000)]
=>0x00000288b7b03cc0 JavaThread "Reference Handler" daemon [_thread_in_vm, id=11512, stack(0x000000f38fa00000,0x000000f38fb00000)]
  0x00000288b7b04890 JavaThread "Finalizer" daemon [_thread_blocked, id=21800, stack(0x000000f38fb00000,0x000000f38fc00000)]
  0x00000288b7b1eee0 JavaThread "Signal Dispatcher" daemon [_thread_blocked, id=9840, stack(0x000000f38fc00000,0x000000f38fd00000)]
  0x00000288b7b219a0 JavaThread "Attach Listener" daemon [_thread_blocked, id=10608, stack(0x000000f38fd00000,0x000000f38fe00000)]
  0x00000288b7b22450 JavaThread "Service Thread" daemon [_thread_blocked, id=22192, stack(0x000000f38fe00000,0x000000f38ff00000)]
  0x00000288b7b24240 JavaThread "C2 CompilerThread0" daemon [_thread_blocked, id=4108, stack(0x000000f38ff00000,0x000000f390000000)]
  0x00000288b7b282e0 JavaThread "C1 CompilerThread0" daemon [_thread_blocked, id=10976, stack(0x000000f390000000,0x000000f390100000)]
  0x00000288b7b3d4f0 JavaThread "Sweeper thread" daemon [_thread_blocked, id=11040, stack(0x000000f390100000,0x000000f390200000)]
  0x00000288b85654b0 JavaThread "Notification Thread" daemon [_thread_blocked, id=10952, stack(0x000000f390200000,0x000000f390300000)]
  0x00000288b8580180 JavaThread "Common-Cleaner" daemon [_thread_blocked, id=17988, stack(0x000000f390400000,0x000000f390500000)]

Other Threads:
  0x00000288b7afe430 VMThread "VM Thread" [stack: 0x000000f38f900000,0x000000f38fa00000] [id=21316]
  0x00000288b856d9b0 WatcherThread [stack: 0x000000f390300000,0x000000f390400000] [id=13752]
  0x00000288970512c0 GCTaskThread "GC Thread#0" [stack: 0x000000f38f400000,0x000000f38f500000] [id=10868]
  0x00000288b868cf10 GCTaskThread "GC Thread#1" [stack: 0x000000f390800000,0x000000f390900000] [id=8180]
  0x00000288b868bf20 GCTaskThread "GC Thread#2" [stack: 0x000000f390900000,0x000000f390a00000] [id=12284]
  0x0000028897063460 ConcurrentGCThread "G1 Main Marker" [stack: 0x000000f38f500000,0x000000f38f600000] [id=1860]
  0x0000028897065800 ConcurrentGCThread "G1 Conc#0" [stack: 0x000000f38f600000,0x000000f38f700000] [id=19340]
  0x00000288970eeb60 ConcurrentGCThread "G1 Refine#0" [stack: 0x000000f38f700000,0x000000f38f800000] [id=21280]
  0x00000288c269cbd0 ConcurrentGCThread "G1 Refine#1" [stack: 0x000000f390a00000,0x000000f390b00000] [id=18144]
  0x00000288c2338c80 ConcurrentGCThread "G1 Refine#2" [stack: 0x000000f390b00000,0x000000f390c00000] [id=22964]
  0x00000288c2588b10 ConcurrentGCThread "G1 Refine#3" [stack: 0x000000f390c00000,0x000000f390d00000] [id=2044]
  0x00000288c233ebe0 ConcurrentGCThread "G1 Refine#4" [stack: 0x000000f390d00000,0x000000f390e00000] [id=5672]
  0x00000288b79716e0 ConcurrentGCThread "G1 Young RemSet Sampling" [stack: 0x000000f38f800000,0x000000f38f900000] [id=15828]

Threads with active compile tasks:

VM state: not at safepoint (normal execution)

VM Mutex/Monitor currently owned by a thread: None

Heap address: 0x0000000080a00000, size: 2038 MB, Compressed Oops mode: 32-bit
CDS archive(s) mapped at: [0x0000000800000000-0x0000000800b50000-0x0000000800b50000), size 11862016, SharedBaseAddress: 0x0000000800000000, ArchiveRelocationMode: 0.
Compressed class space mapped at: 0x0000000800b50000-0x0000000840b50000, size: 1073741824
Narrow klass base: 0x0000000800000000, Narrow klass shift: 3, Narrow klass range: 0x100000000

GC Precious Log:
 CPUs: 8 total, 8 available
 Memory: 8149M
 Large Page Support: Disabled
 NUMA Support: Disabled
 Compressed Oops: Enabled (32-bit)
 Heap Region Size: 1M
 Heap Min Capacity: 8M
 Heap Initial Capacity: 128M
 Heap Max Capacity: 2038M
 Pre-touch: Disabled
 Parallel Workers: 8
 Concurrent Workers: 2
 Concurrent Refinement Workers: 8
 Periodic GC: Disabled

Heap:
 garbage-first heap   total 131072K, used 9765K [0x0000000080a00000, 0x0000000100000000)
  region size 1024K, 4 young (4096K), 3 survivors (3072K)
 Metaspace       used 5410K, capacity 8261K, committed 8576K, reserved 1056768K
  class space    used 287K, capacity 581K, committed 640K, reserved 1048576K

Heap Regions: E=young(eden), S=young(survivor), O=old, HS=humongous(starts), HC=humongous(continues), CS=collection set, F=free, OA=open archive, CA=closed archive, TAMS=top-at-mark-start (previous, next)
|   0|0x0000000080a00000, 0x0000000080b00000, 0x0000000080b00000|100%| O|  |TAMS 0x0000000080a00000, 0x0000000080a00000| Untracked 
|   1|0x0000000080b00000, 0x0000000080c00000, 0x0000000080c00000|100%| O|  |TAMS 0x0000000080b00000, 0x0000000080b00000| Untracked 
|   2|0x0000000080c00000, 0x0000000080d00000, 0x0000000080d00000|100%| O|  |TAMS 0x0000000080c00000, 0x0000000080c00000| Untracked 
|   3|0x0000000080d00000, 0x0000000080e00000, 0x0000000080e00000|100%| O|  |TAMS 0x0000000080d00000, 0x0000000080d00000| Untracked 
|   4|0x0000000080e00000, 0x0000000080f00000, 0x0000000080f00000|100%| O|  |TAMS 0x0000000080e00000, 0x0000000080e00000| Untracked 
|   5|0x0000000080f00000, 0x0000000081000000, 0x0000000081000000|100%| O|  |TAMS 0x0000000080f00000, 0x0000000080f00000| Untracked 
|   6|0x0000000081000000, 0x0000000081089400, 0x0000000081100000| 53%| O|  |TAMS 0x0000000081000000, 0x0000000081000000| Untracked 
|   7|0x0000000081100000, 0x0000000081100000, 0x0000000081200000|  0%| F|  |TAMS 0x0000000081100000, 0x0000000081100000| Untracked 
|   8|0x0000000081200000, 0x0000000081200000, 0x0000000081300000|  0%| F|  |TAMS 0x0000000081200000, 0x0000000081200000| Untracked 
|   9|0x0000000081300000, 0x0000000081300000, 0x0000000081400000|  0%| F|  |TAMS 0x0000000081300000, 0x0000000081300000| Untracked 
|  10|0x0000000081400000, 0x0000000081400000, 0x0000000081500000|  0%| F|  |TAMS 0x0000000081400000, 0x0000000081400000| Untracked 
|  11|0x0000000081500000, 0x0000000081500000, 0x0000000081600000|  0%| F|  |TAMS 0x0000000081500000, 0x0000000081500000| Untracked 
|  12|0x0000000081600000, 0x0000000081600000, 0x0000000081700000|  0%| F|  |TAMS 0x0000000081600000, 0x0000000081600000| Untracked 
|  13|0x0000000081700000, 0x0000000081700000, 0x0000000081800000|  0%| F|  |TAMS 0x0000000081700000, 0x0000000081700000| Untracked 
|  14|0x0000000081800000, 0x0000000081800000, 0x0000000081900000|  0%| F|  |TAMS 0x0000000081800000, 0x0000000081800000| Untracked 
|  15|0x0000000081900000, 0x0000000081900000, 0x0000000081a00000|  0%| F|  |TAMS 0x0000000081900000, 0x0000000081900000| Untracked 
|  16|0x0000000081a00000, 0x0000000081a00000, 0x0000000081b00000|  0%| F|  |TAMS 0x0000000081a00000, 0x0000000081a00000| Untracked 
|  17|0x0000000081b00000, 0x0000000081b00000, 0x0000000081c00000|  0%| F|  |TAMS 0x0000000081b00000, 0x0000000081b00000| Untracked 
|  18|0x0000000081c00000, 0x0000000081c00000, 0x0000000081d00000|  0%| F|  |TAMS 0x0000000081c00000, 0x0000000081c00000| Untracked 
|  19|0x0000000081d00000, 0x0000000081d00000, 0x0000000081e00000|  0%| F|  |TAMS 0x0000000081d00000, 0x0000000081d00000| Untracked 
|  20|0x0000000081e00000, 0x0000000081e00000, 0x0000000081f00000|  0%| F|  |TAMS 0x0000000081e00000, 0x0000000081e00000| Untracked 
|  21|0x0000000081f00000, 0x0000000081f00000, 0x0000000082000000|  0%| F|  |TAMS 0x0000000081f00000, 0x0000000081f00000| Untracked 
|  22|0x0000000082000000, 0x0000000082000000, 0x0000000082100000|  0%| F|  |TAMS 0x0000000082000000, 0x0000000082000000| Untracked 
|  23|0x0000000082100000, 0x0000000082100000, 0x0000000082200000|  0%| F|  |TAMS 0x0000000082100000, 0x0000000082100000| Untracked 
|  24|0x0000000082200000, 0x0000000082200000, 0x0000000082300000|  0%| F|  |TAMS 0x0000000082200000, 0x0000000082200000| Untracked 
|  25|0x0000000082300000, 0x0000000082300000, 0x0000000082400000|  0%| F|  |TAMS 0x0000000082300000, 0x0000000082300000| Untracked 
|  26|0x0000000082400000, 0x0000000082400000, 0x0000000082500000|  0%| F|  |TAMS 0x0000000082400000, 0x0000000082400000| Untracked 
|  27|0x0000000082500000, 0x0000000082500000, 0x0000000082600000|  0%| F|  |TAMS 0x0000000082500000, 0x0000000082500000| Untracked 
|  28|0x0000000082600000, 0x0000000082600000, 0x0000000082700000|  0%| F|  |TAMS 0x0000000082600000, 0x0000000082600000| Untracked 
|  29|0x0000000082700000, 0x0000000082700000, 0x0000000082800000|  0%| F|  |TAMS 0x0000000082700000, 0x0000000082700000| Untracked 
|  30|0x0000000082800000, 0x0000000082800000, 0x0000000082900000|  0%| F|  |TAMS 0x0000000082800000, 0x0000000082800000| Untracked 
|  31|0x0000000082900000, 0x0000000082900000, 0x0000000082a00000|  0%| F|  |TAMS 0x0000000082900000, 0x0000000082900000| Untracked 
|  32|0x0000000082a00000, 0x0000000082a00000, 0x0000000082b00000|  0%| F|  |TAMS 0x0000000082a00000, 0x0000000082a00000| Untracked 
|  33|0x0000000082b00000, 0x0000000082b00000, 0x0000000082c00000|  0%| F|  |TAMS 0x0000000082b00000, 0x0000000082b00000| Untracked 
|  34|0x0000000082c00000, 0x0000000082c00000, 0x0000000082d00000|  0%| F|  |TAMS 0x0000000082c00000, 0x0000000082c00000| Untracked 
|  35|0x0000000082d00000, 0x0000000082d00000, 0x0000000082e00000|  0%| F|  |TAMS 0x0000000082d00000, 0x0000000082d00000| Untracked 
|  36|0x0000000082e00000, 0x0000000082e00000, 0x0000000082f00000|  0%| F|  |TAMS 0x0000000082e00000, 0x0000000082e00000| Untracked 
|  37|0x0000000082f00000, 0x0000000082f00000, 0x0000000083000000|  0%| F|  |TAMS 0x0000000082f00000, 0x0000000082f00000| Untracked 
|  38|0x0000000083000000, 0x0000000083000000, 0x0000000083100000|  0%| F|  |TAMS 0x0000000083000000, 0x0000000083000000| Untracked 
|  39|0x0000000083100000, 0x0000000083100000, 0x0000000083200000|  0%| F|  |TAMS 0x0000000083100000, 0x0000000083100000| Untracked 
|  40|0x0000000083200000, 0x0000000083200000, 0x0000000083300000|  0%| F|  |TAMS 0x0000000083200000, 0x0000000083200000| Untracked 
|  41|0x0000000083300000, 0x0000000083300000, 0x0000000083400000|  0%| F|  |TAMS 0x0000000083300000, 0x0000000083300000| Untracked 
|  42|0x0000000083400000, 0x0000000083400000, 0x0000000083500000|  0%| F|  |TAMS 0x0000000083400000, 0x0000000083400000| Untracked 
|  43|0x0000000083500000, 0x0000000083500000, 0x0000000083600000|  0%| F|  |TAMS 0x0000000083500000, 0x0000000083500000| Untracked 
|  44|0x0000000083600000, 0x0000000083600000, 0x0000000083700000|  0%| F|  |TAMS 0x0000000083600000, 0x0000000083600000| Untracked 
|  45|0x0000000083700000, 0x0000000083700000, 0x0000000083800000|  0%| F|  |TAMS 0x0000000083700000, 0x0000000083700000| Untracked 
|  46|0x0000000083800000, 0x0000000083800000, 0x0000000083900000|  0%| F|  |TAMS 0x0000000083800000, 0x0000000083800000| Untracked 
|  47|0x0000000083900000, 0x0000000083900000, 0x0000000083a00000|  0%| F|  |TAMS 0x0000000083900000, 0x0000000083900000| Untracked 
|  48|0x0000000083a00000, 0x0000000083a00000, 0x0000000083b00000|  0%| F|  |TAMS 0x0000000083a00000, 0x0000000083a00000| Untracked 
|  49|0x0000000083b00000, 0x0000000083b00000, 0x0000000083c00000|  0%| F|  |TAMS 0x0000000083b00000, 0x0000000083b00000| Untracked 
|  50|0x0000000083c00000, 0x0000000083c00000, 0x0000000083d00000|  0%| F|  |TAMS 0x0000000083c00000, 0x0000000083c00000| Untracked 
|  51|0x0000000083d00000, 0x0000000083d00000, 0x0000000083e00000|  0%| F|  |TAMS 0x0000000083d00000, 0x0000000083d00000| Untracked 
|  52|0x0000000083e00000, 0x0000000083e00000, 0x0000000083f00000|  0%| F|  |TAMS 0x0000000083e00000, 0x0000000083e00000| Untracked 
|  53|0x0000000083f00000, 0x0000000083f00000, 0x0000000084000000|  0%| F|  |TAMS 0x0000000083f00000, 0x0000000083f00000| Untracked 
|  54|0x0000000084000000, 0x0000000084000000, 0x0000000084100000|  0%| F|  |TAMS 0x0000000084000000, 0x0000000084000000| Untracked 
|  55|0x0000000084100000, 0x0000000084100000, 0x0000000084200000|  0%| F|  |TAMS 0x0000000084100000, 0x0000000084100000| Untracked 
|  56|0x0000000084200000, 0x0000000084200000, 0x0000000084300000|  0%| F|  |TAMS 0x0000000084200000, 0x0000000084200000| Untracked 
|  57|0x0000000084300000, 0x0000000084300000, 0x0000000084400000|  0%| F|  |TAMS 0x0000000084300000, 0x0000000084300000| Untracked 
|  58|0x0000000084400000, 0x0000000084400000, 0x0000000084500000|  0%| F|  |TAMS 0x0000000084400000, 0x0000000084400000| Untracked 
|  59|0x0000000084500000, 0x0000000084500000, 0x0000000084600000|  0%| F|  |TAMS 0x0000000084500000, 0x0000000084500000| Untracked 
|  60|0x0000000084600000, 0x0000000084600000, 0x0000000084700000|  0%| F|  |TAMS 0x0000000084600000, 0x0000000084600000| Untracked 
|  61|0x0000000084700000, 0x0000000084700000, 0x0000000084800000|  0%| F|  |TAMS 0x0000000084700000, 0x0000000084700000| Untracked 
|  62|0x0000000084800000, 0x0000000084800000, 0x0000000084900000|  0%| F|  |TAMS 0x0000000084800000, 0x0000000084800000| Untracked 
|  63|0x0000000084900000, 0x0000000084900000, 0x0000000084a00000|  0%| F|  |TAMS 0x0000000084900000, 0x0000000084900000| Untracked 
|  64|0x0000000084a00000, 0x0000000084a00000, 0x0000000084b00000|  0%| F|  |TAMS 0x0000000084a00000, 0x0000000084a00000| Untracked 
|  65|0x0000000084b00000, 0x0000000084b00000, 0x0000000084c00000|  0%| F|  |TAMS 0x0000000084b00000, 0x0000000084b00000| Untracked 
|  66|0x0000000084c00000, 0x0000000084c00000, 0x0000000084d00000|  0%| F|  |TAMS 0x0000000084c00000, 0x0000000084c00000| Untracked 
|  67|0x0000000084d00000, 0x0000000084d00000, 0x0000000084e00000|  0%| F|  |TAMS 0x0000000084d00000, 0x0000000084d00000| Untracked 
|  68|0x0000000084e00000, 0x0000000084e00000, 0x0000000084f00000|  0%| F|  |TAMS 0x0000000084e00000, 0x0000000084e00000| Untracked 
|  69|0x0000000084f00000, 0x0000000084f00000, 0x0000000085000000|  0%| F|  |TAMS 0x0000000084f00000, 0x0000000084f00000| Untracked 
|  70|0x0000000085000000, 0x0000000085000000, 0x0000000085100000|  0%| F|  |TAMS 0x0000000085000000, 0x0000000085000000| Untracked 
|  71|0x0000000085100000, 0x0000000085100000, 0x0000000085200000|  0%| F|  |TAMS 0x0000000085100000, 0x0000000085100000| Untracked 
|  72|0x0000000085200000, 0x0000000085200000, 0x0000000085300000|  0%| F|  |TAMS 0x0000000085200000, 0x0000000085200000| Untracked 
|  73|0x0000000085300000, 0x0000000085300000, 0x0000000085400000|  0%| F|  |TAMS 0x0000000085300000, 0x0000000085300000| Untracked 
|  74|0x0000000085400000, 0x0000000085400000, 0x0000000085500000|  0%| F|  |TAMS 0x0000000085400000, 0x0000000085400000| Untracked 
|  75|0x0000000085500000, 0x0000000085500000, 0x0000000085600000|  0%| F|  |TAMS 0x0000000085500000, 0x0000000085500000| Untracked 
|  76|0x0000000085600000, 0x0000000085600000, 0x0000000085700000|  0%| F|  |TAMS 0x0000000085600000, 0x0000000085600000| Untracked 
|  77|0x0000000085700000, 0x0000000085700000, 0x0000000085800000|  0%| F|  |TAMS 0x0000000085700000, 0x0000000085700000| Untracked 
|  78|0x0000000085800000, 0x0000000085800000, 0x0000000085900000|  0%| F|  |TAMS 0x0000000085800000, 0x0000000085800000| Untracked 
|  79|0x0000000085900000, 0x0000000085900000, 0x0000000085a00000|  0%| F|  |TAMS 0x0000000085900000, 0x0000000085900000| Untracked 
|  80|0x0000000085a00000, 0x0000000085a00000, 0x0000000085b00000|  0%| F|  |TAMS 0x0000000085a00000, 0x0000000085a00000| Untracked 
|  81|0x0000000085b00000, 0x0000000085b00000, 0x0000000085c00000|  0%| F|  |TAMS 0x0000000085b00000, 0x0000000085b00000| Untracked 
|  82|0x0000000085c00000, 0x0000000085c00000, 0x0000000085d00000|  0%| F|  |TAMS 0x0000000085c00000, 0x0000000085c00000| Untracked 
|  83|0x0000000085d00000, 0x0000000085d00000, 0x0000000085e00000|  0%| F|  |TAMS 0x0000000085d00000, 0x0000000085d00000| Untracked 
|  84|0x0000000085e00000, 0x0000000085e00000, 0x0000000085f00000|  0%| F|  |TAMS 0x0000000085e00000, 0x0000000085e00000| Untracked 
|  85|0x0000000085f00000, 0x0000000085f00000, 0x0000000086000000|  0%| F|  |TAMS 0x0000000085f00000, 0x0000000085f00000| Untracked 
|  86|0x0000000086000000, 0x0000000086000000, 0x0000000086100000|  0%| F|  |TAMS 0x0000000086000000, 0x0000000086000000| Untracked 
|  87|0x0000000086100000, 0x0000000086100000, 0x0000000086200000|  0%| F|  |TAMS 0x0000000086100000, 0x0000000086100000| Untracked 
|  88|0x0000000086200000, 0x0000000086200000, 0x0000000086300000|  0%| F|  |TAMS 0x0000000086200000, 0x0000000086200000| Untracked 
|  89|0x0000000086300000, 0x0000000086300000, 0x0000000086400000|  0%| F|  |TAMS 0x0000000086300000, 0x0000000086300000| Untracked 
|  90|0x0000000086400000, 0x0000000086400000, 0x0000000086500000|  0%| F|  |TAMS 0x0000000086400000, 0x0000000086400000| Untracked 
|  91|0x0000000086500000, 0x0000000086500000, 0x0000000086600000|  0%| F|  |TAMS 0x0000000086500000, 0x0000000086500000| Untracked 
|  92|0x0000000086600000, 0x0000000086600000, 0x0000000086700000|  0%| F|  |TAMS 0x0000000086600000, 0x0000000086600000| Untracked 
|  93|0x0000000086700000, 0x0000000086700000, 0x0000000086800000|  0%| F|  |TAMS 0x0000000086700000, 0x0000000086700000| Untracked 
|  94|0x0000000086800000, 0x0000000086800000, 0x0000000086900000|  0%| F|  |TAMS 0x0000000086800000, 0x0000000086800000| Untracked 
|  95|0x0000000086900000, 0x0000000086900000, 0x0000000086a00000|  0%| F|  |TAMS 0x0000000086900000, 0x0000000086900000| Untracked 
|  96|0x0000000086a00000, 0x0000000086a00000, 0x0000000086b00000|  0%| F|  |TAMS 0x0000000086a00000, 0x0000000086a00000| Untracked 
|  97|0x0000000086b00000, 0x0000000086b00000, 0x0000000086c00000|  0%| F|  |TAMS 0x0000000086b00000, 0x0000000086b00000| Untracked 
|  98|0x0000000086c00000, 0x0000000086c00000, 0x0000000086d00000|  0%| F|  |TAMS 0x0000000086c00000, 0x0000000086c00000| Untracked 
|  99|0x0000000086d00000, 0x0000000086d00000, 0x0000000086e00000|  0%| F|  |TAMS 0x0000000086d00000, 0x0000000086d00000| Untracked 
| 100|0x0000000086e00000, 0x0000000086e00000, 0x0000000086f00000|  0%| F|  |TAMS 0x0000000086e00000, 0x0000000086e00000| Untracked 
| 101|0x0000000086f00000, 0x0000000086f00000, 0x0000000087000000|  0%| F|  |TAMS 0x0000000086f00000, 0x0000000086f00000| Untracked 
| 102|0x0000000087000000, 0x0000000087100000, 0x0000000087100000|100%| S|CS|TAMS 0x0000000087000000, 0x0000000087000000| Complete 
| 103|0x0000000087100000, 0x0000000087200000, 0x0000000087200000|100%| S|CS|TAMS 0x0000000087100000, 0x0000000087100000| Complete 
| 104|0x0000000087200000, 0x0000000087300000, 0x0000000087300000|100%| S|CS|TAMS 0x0000000087200000, 0x0000000087200000| Complete 
| 105|0x0000000087300000, 0x0000000087300000, 0x0000000087400000|  0%| F|  |TAMS 0x0000000087300000, 0x0000000087300000| Untracked 
| 106|0x0000000087400000, 0x0000000087400000, 0x0000000087500000|  0%| F|  |TAMS 0x0000000087400000, 0x0000000087400000| Untracked 
| 107|0x0000000087500000, 0x0000000087500000, 0x0000000087600000|  0%| F|  |TAMS 0x0000000087500000, 0x0000000087500000| Untracked 
| 108|0x0000000087600000, 0x0000000087600000, 0x0000000087700000|  0%| F|  |TAMS 0x0000000087600000, 0x0000000087600000| Untracked 
| 109|0x0000000087700000, 0x0000000087700000, 0x0000000087800000|  0%| F|  |TAMS 0x0000000087700000, 0x0000000087700000| Untracked 
| 110|0x0000000087800000, 0x0000000087800000, 0x0000000087900000|  0%| F|  |TAMS 0x0000000087800000, 0x0000000087800000| Untracked 
| 111|0x0000000087900000, 0x0000000087900000, 0x0000000087a00000|  0%| F|  |TAMS 0x0000000087900000, 0x0000000087900000| Untracked 
| 112|0x0000000087a00000, 0x0000000087a00000, 0x0000000087b00000|  0%| F|  |TAMS 0x0000000087a00000, 0x0000000087a00000| Untracked 
| 113|0x0000000087b00000, 0x0000000087b00000, 0x0000000087c00000|  0%| F|  |TAMS 0x0000000087b00000, 0x0000000087b00000| Untracked 
| 114|0x0000000087c00000, 0x0000000087c00000, 0x0000000087d00000|  0%| F|  |TAMS 0x0000000087c00000, 0x0000000087c00000| Untracked 
| 115|0x0000000087d00000, 0x0000000087d00000, 0x0000000087e00000|  0%| F|  |TAMS 0x0000000087d00000, 0x0000000087d00000| Untracked 
| 116|0x0000000087e00000, 0x0000000087e00000, 0x0000000087f00000|  0%| F|  |TAMS 0x0000000087e00000, 0x0000000087e00000| Untracked 
| 117|0x0000000087f00000, 0x0000000087f00000, 0x0000000088000000|  0%| F|  |TAMS 0x0000000087f00000, 0x0000000087f00000| Untracked 
| 118|0x0000000088000000, 0x0000000088000000, 0x0000000088100000|  0%| F|  |TAMS 0x0000000088000000, 0x0000000088000000| Untracked 
| 119|0x0000000088100000, 0x0000000088100000, 0x0000000088200000|  0%| F|  |TAMS 0x0000000088100000, 0x0000000088100000| Untracked 
| 120|0x0000000088200000, 0x0000000088200000, 0x0000000088300000|  0%| F|  |TAMS 0x0000000088200000, 0x0000000088200000| Untracked 
| 121|0x0000000088300000, 0x0000000088300000, 0x0000000088400000|  0%| F|  |TAMS 0x0000000088300000, 0x0000000088300000| Untracked 
| 122|0x0000000088400000, 0x0000000088400000, 0x0000000088500000|  0%| F|  |TAMS 0x0000000088400000, 0x0000000088400000| Untracked 
| 123|0x0000000088500000, 0x0000000088500000, 0x0000000088600000|  0%| F|  |TAMS 0x0000000088500000, 0x0000000088500000| Untracked 
| 124|0x0000000088600000, 0x0000000088600000, 0x0000000088700000|  0%| F|  |TAMS 0x0000000088600000, 0x0000000088600000| Untracked 
| 125|0x0000000088700000, 0x0000000088700000, 0x0000000088800000|  0%| F|  |TAMS 0x0000000088700000, 0x0000000088700000| Untracked 
| 126|0x0000000088800000, 0x0000000088800000, 0x0000000088900000|  0%| F|  |TAMS 0x0000000088800000, 0x0000000088800000| Untracked 
| 127|0x0000000088900000, 0x0000000088974db8, 0x0000000088a00000| 45%| E|  |TAMS 0x0000000088900000, 0x0000000088900000| Complete 

Card table byte_map: [0x00000288b0890000,0x00000288b0c90000] _byte_map_base: 0x00000288b048b000

Marking Bits (Prev, Next): (CMBitMap*) 0x0000028897052b40, (CMBitMap*) 0x0000028897052b80
 Prev Bits: [0x00000288b1090000, 0x00000288b3068000)
 Next Bits: [0x00000288b3070000, 0x00000288b5048000)

Polling page: 0x00000288a0a00000

Metaspace:

Usage:
  Non-class:      7.50 MB capacity,     5.00 MB ( 67%) used,     2.49 MB ( 33%) free+waste,     7.12 KB ( <1%) overhead. 
      Class:    581.00 KB capacity,   287.09 KB ( 49%) used,   291.53 KB ( 50%) free+waste,     2.38 KB ( <1%) overhead. 
       Both:      8.07 MB capacity,     5.28 MB ( 65%) used,     2.77 MB ( 34%) free+waste,     9.50 KB ( <1%) overhead. 

Virtual space:
  Non-class space:        8.00 MB reserved,       7.75 MB ( 97%) committed 
      Class space:        1.00 GB reserved,     640.00 KB ( <1%) committed 
             Both:        1.01 GB reserved,       8.38 MB ( <1%) committed 

Chunk freelists:
   Non-Class:  64.00 KB
       Class:  27.00 KB
        Both:  91.00 KB

MaxMetaspaceSize: 17179869184.00 GB
CompressedClassSpaceSize: 1.00 GB

CodeHeap 'non-profiled nmethods': size=120000Kb used=294Kb max_used=294Kb free=119705Kb
 bounds [0x00000288a84f0000, 0x00000288a8760000, 0x00000288afa20000]
CodeHeap 'profiled nmethods': size=120000Kb used=1376Kb max_used=1376Kb free=118623Kb
 bounds [0x00000288a0fc0000, 0x00000288a1230000, 0x00000288a84f0000]
CodeHeap 'non-nmethods': size=5760Kb used=1554Kb max_used=1571Kb free=4206Kb
 bounds [0x00000288a0a20000, 0x00000288a0c90000, 0x00000288a0fc0000]
 total_blobs=1843 nmethods=910 adapters=847
 compilation: enabled
              stopped_count=0, restarted_count=0
 full_count=0

Compilation events (20 events):
Event: 1.173 Thread 0x00000288b7b24240  901       4       org.lwjgl.opengl.GL20C::glVertexAttribPointer (12 bytes)
Event: 1.173 Thread 0x00000288b7b24240 nmethod 901 0x00000288a8537790 code [0x00000288a8537920, 0x00000288a8537988]
Event: 1.184 Thread 0x00000288b7b24240  902       4       jdk.internal.util.Preconditions::checkFromIndexSize (25 bytes)
Event: 1.184 Thread 0x00000288b7b24240 nmethod 902 0x00000288a8537a90 code [0x00000288a8537c00, 0x00000288a8537c98]
Event: 1.216 Thread 0x00000288b7b24240  903       4       educanet.Game::updateSquareColor (33 bytes)
Event: 1.224 Thread 0x00000288b7b24240 nmethod 903 0x00000288a8537d90 code [0x00000288a8537f60, 0x00000288a8538458]
Event: 1.224 Thread 0x00000288b7b24240  904       4       educanet.models.Square::update (62 bytes)
Event: 1.233 Thread 0x00000288b7b24240 nmethod 904 0x00000288a8538690 code [0x00000288a8538880, 0x00000288a8538cb0]
Event: 2.432 Thread 0x00000288b7b282e0  905 %     3       educanet.Game::render @ 23 (53 bytes)
Event: 2.433 Thread 0x00000288b7b282e0 nmethod 905% 0x00000288a1115b10 code [0x00000288a1115d00, 0x00000288a1116198]
Event: 2.437 Thread 0x00000288b7b282e0  906 %     3       educanet.Game::update @ 17 (52 bytes)
Event: 2.438 Thread 0x00000288b7b282e0 nmethod 906% 0x00000288a1116410 code [0x00000288a1116620, 0x00000288a1116b78]
Event: 2.463 Thread 0x00000288b7b282e0  907       3       educanet.Game::render (53 bytes)
Event: 2.463 Thread 0x00000288b7b24240  908       4       educanet.models.Square::draw (21 bytes)
Event: 2.463 Thread 0x00000288b7b282e0 nmethod 907 0x00000288a1116e90 code [0x00000288a1117080, 0x00000288a11174f8]
Event: 2.464 Thread 0x00000288b7b24240 nmethod 908 0x00000288a8539490 code [0x00000288a8539620, 0x00000288a85396d8]
Event: 2.464 Thread 0x00000288b7b24240  909       4       org.lwjgl.opengl.GL11::glDrawElements (8 bytes)
Event: 2.464 Thread 0x00000288b7b24240 nmethod 909 0x00000288a8539810 code [0x00000288a85399a0, 0x00000288a8539a08]
Event: 2.466 Thread 0x00000288b7b282e0  910       3       educanet.Game::update (52 bytes)
Event: 2.466 Thread 0x00000288b7b282e0 nmethod 910 0x00000288a1117790 code [0x00000288a1117980, 0x00000288a1117e98]

GC Heap History (2 events):
Event: 2.640 GC heap before
{Heap before GC invocations=0 (full 0):
 garbage-first heap   total 131072K, used 23552K [0x0000000080a00000, 0x0000000100000000)
  region size 1024K, 23 young (23552K), 0 survivors (0K)
 Metaspace       used 5409K, capacity 8261K, committed 8576K, reserved 1056768K
  class space    used 287K, capacity 581K, committed 640K, reserved 1048576K
}
Event: 2.662 GC heap after
{Heap after GC invocations=1 (full 0):
 garbage-first heap   total 131072K, used 9765K [0x0000000080a00000, 0x0000000100000000)
  region size 1024K, 3 young (3072K), 3 survivors (3072K)
 Metaspace       used 5409K, capacity 8261K, committed 8576K, reserved 1056768K
  class space    used 287K, capacity 581K, committed 640K, reserved 1048576K
}

Deoptimization events (20 events):
Event: 0.217 Thread 0x0000028896ece3c0 Uncommon trap: trap_request=0xffffff45 fr.pc=0x00000288a84f50d8 relative=0x0000000000000058
Event: 0.217 Thread 0x0000028896ece3c0 Uncommon trap: reason=unstable_if action=reinterpret pc=0x00000288a84f50d8 method=java.lang.String.isLatin1()Z @ 10 c2
Event: 0.217 Thread 0x0000028896ece3c0 DEOPT PACKING pc=0x00000288a84f50d8 sp=0x000000f38f3fbdf0
Event: 0.217 Thread 0x0000028896ece3c0 DEOPT UNPACKING pc=0x00000288a0a6e12f sp=0x000000f38f3fbd80 mode 2
Event: 0.833 Thread 0x0000028896ece3c0 DEOPT PACKING pc=0x00000288a0ff39df sp=0x000000f38f3fe030
Event: 0.833 Thread 0x0000028896ece3c0 DEOPT UNPACKING pc=0x00000288a0a6df3f sp=0x000000f38f3fd480 mode 0
Event: 0.924 Thread 0x0000028896ece3c0 Uncommon trap: trap_request=0xffffff54 fr.pc=0x00000288a8517c60 relative=0x0000000000000060
Event: 0.924 Thread 0x0000028896ece3c0 Uncommon trap: reason=speculate_null_assert action=make_not_entrant pc=0x00000288a8517c60 method=sun.misc.Unsafe.putLong(Ljava/lang/Object;JJ)V @ 7 c2
Event: 0.924 Thread 0x0000028896ece3c0 DEOPT PACKING pc=0x00000288a8517c60 sp=0x000000f38f3ff290
Event: 0.924 Thread 0x0000028896ece3c0 DEOPT UNPACKING pc=0x00000288a0a6e12f sp=0x000000f38f3ff208 mode 2
Event: 0.942 Thread 0x0000028896ece3c0 Uncommon trap: trap_request=0xffffff45 fr.pc=0x00000288a84f4a90 relative=0x0000000000000070
Event: 0.942 Thread 0x0000028896ece3c0 Uncommon trap: reason=unstable_if action=reinterpret pc=0x00000288a84f4a90 method=java.lang.String.isLatin1()Z @ 10 c2
Event: 0.942 Thread 0x0000028896ece3c0 DEOPT PACKING pc=0x00000288a84f4a90 sp=0x000000f38f3ff090
Event: 0.942 Thread 0x0000028896ece3c0 DEOPT UNPACKING pc=0x00000288a0a6e12f sp=0x000000f38f3fefd0 mode 2
Event: 0.968 Thread 0x0000028896ece3c0 Uncommon trap: trap_request=0xffffff54 fr.pc=0x00000288a8529dd8 relative=0x0000000000000058
Event: 0.968 Thread 0x0000028896ece3c0 Uncommon trap: reason=speculate_null_assert action=make_not_entrant pc=0x00000288a8529dd8 method=sun.misc.Unsafe.getLong(Ljava/lang/Object;J)J @ 5 c2
Event: 0.968 Thread 0x0000028896ece3c0 DEOPT PACKING pc=0x00000288a8529dd8 sp=0x000000f38f3ff3b0
Event: 0.968 Thread 0x0000028896ece3c0 DEOPT UNPACKING pc=0x00000288a0a6e12f sp=0x000000f38f3ff338 mode 2
Event: 2.616 Thread 0x0000028896ece3c0 DEOPT PACKING pc=0x00000288a1117dc7 sp=0x000000f38f3ff660
Event: 2.616 Thread 0x0000028896ece3c0 DEOPT UNPACKING pc=0x00000288a0a6df3f sp=0x000000f38f3feb18 mode 0

Classes unloaded (0 events):
No events

Classes redefined (0 events):
No events

Internal exceptions (16 events):
Event: 0.132 Thread 0x0000028896ece3c0 Exception <a 'java/lang/NoSuchMethodError'{0x0000000088779380}: 'java.lang.Object java.lang.invoke.DirectMethodHandle$Holder.invokeStatic(java.lang.Object)'> (0x0000000088779380) 
thrown [./open/src/hotspot/share/interpreter/linkResolver.cpp, line 782]
Event: 0.132 Thread 0x0000028896ece3c0 Exception <a 'java/lang/NoSuchMethodError'{0x00000000887885f8}: 'java.lang.Object java.lang.invoke.DirectMethodHandle$Holder.invokeStaticInit(java.lang.Object)'> (0x00000000887885f8) 
thrown [./open/src/hotspot/share/interpreter/linkResolver.cpp, line 782]
Event: 0.144 Thread 0x0000028896ece3c0 Exception <a 'java/lang/NoSuchMethodError'{0x00000000887dcbc8}: 'void java.lang.invoke.DirectMethodHandle$Holder.invokeStatic(java.lang.Object, java.lang.Object)'> (0x00000000887dcbc8) 
thrown [./open/src/hotspot/share/interpreter/linkResolver.cpp, line 782]
Event: 0.145 Thread 0x0000028896ece3c0 Exception <a 'java/lang/NoSuchMethodError'{0x00000000887e2500}: 'void java.lang.invoke.DirectMethodHandle$Holder.invokeSpecial(java.lang.Object, java.lang.Object, java.lang.Object)'> (0x00000000887e2500) 
thrown [./open/src/hotspot/share/interpreter/linkResolver.cpp, line 782]
Event: 0.148 Thread 0x0000028896ece3c0 Exception <a 'java/lang/NoSuchMethodError'{0x00000000887f7170}: 'java.lang.Object java.lang.invoke.DirectMethodHandle$Holder.invokeStatic(java.lang.Object, java.lang.Object, int)'> (0x00000000887f7170) 
thrown [./open/src/hotspot/share/interpreter/linkResolver.cpp, line 782]
Event: 0.150 Thread 0x0000028896ece3c0 Exception <a 'java/lang/NoSuchMethodError'{0x00000000886039d8}: 'void java.lang.invoke.DelegatingMethodHandle$Holder.delegate(java.lang.Object, java.lang.Object, int, java.lang.Object)'> (0x00000000886039d8) 
thrown [./open/src/hotspot/share/interpreter/linkResolver.cpp, line 782]
Event: 0.150 Thread 0x0000028896ece3c0 Exception <a 'java/lang/NoSuchMethodError'{0x0000000088607d20}: 'int java.lang.invoke.DirectMethodHandle$Holder.invokeSpecial(java.lang.Object, java.lang.Object, java.lang.Object)'> (0x0000000088607d20) 
thrown [./open/src/hotspot/share/interpreter/linkResolver.cpp, line 782]
Event: 0.199 Thread 0x0000028896ece3c0 Exception <a 'sun/nio/fs/WindowsException'{0x00000000886a3648}> (0x00000000886a3648) 
thrown [./open/src/hotspot/share/prims/jni.cpp, line 578]
Event: 0.199 Thread 0x0000028896ece3c0 Exception <a 'sun/nio/fs/WindowsException'{0x00000000886a3ba0}> (0x00000000886a3ba0) 
thrown [./open/src/hotspot/share/prims/jni.cpp, line 578]
Event: 0.252 Thread 0x0000028896ece3c0 Exception <a 'sun/nio/fs/WindowsException'{0x00000000885d7718}> (0x00000000885d7718) 
thrown [./open/src/hotspot/share/prims/jni.cpp, line 578]
Event: 0.252 Thread 0x0000028896ece3c0 Exception <a 'sun/nio/fs/WindowsException'{0x00000000885d7a88}> (0x00000000885d7a88) 
thrown [./open/src/hotspot/share/prims/jni.cpp, line 578]
Event: 0.742 Thread 0x0000028896ece3c0 Exception <a 'sun/nio/fs/WindowsException'{0x000000008845a8b8}> (0x000000008845a8b8) 
thrown [./open/src/hotspot/share/prims/jni.cpp, line 578]
Event: 0.743 Thread 0x0000028896ece3c0 Exception <a 'sun/nio/fs/WindowsException'{0x000000008845ac68}> (0x000000008845ac68) 
thrown [./open/src/hotspot/share/prims/jni.cpp, line 578]
Event: 0.748 Thread 0x0000028896ece3c0 Exception <a 'sun/nio/fs/WindowsException'{0x0000000088468dd8}> (0x0000000088468dd8) 
thrown [./open/src/hotspot/share/prims/jni.cpp, line 578]
Event: 0.748 Thread 0x0000028896ece3c0 Exception <a 'sun/nio/fs/WindowsException'{0x00000000884690c0}> (0x00000000884690c0) 
thrown [./open/src/hotspot/share/prims/jni.cpp, line 578]
Event: 0.938 Thread 0x0000028896ece3c0 Exception <a 'java/lang/NoSuchMethodError'{0x0000000087d0da28}: 'void java.lang.invoke.DirectMethodHandle$Holder.invokeStatic(java.lang.Object, long, int, int)'> (0x0000000087d0da28) 
thrown [./open/src/hotspot/share/interpreter/linkResolver.cpp, line 782]

Events (20 events):
Event: 0.950 loading class java/lang/invoke/BoundMethodHandle$Species_LLLLL done
Event: 0.951 loading class java/lang/invoke/BoundMethodHandle$Species_LJ
Event: 0.951 loading class java/lang/invoke/BoundMethodHandle$Species_LJ done
Event: 0.951 loading class java/lang/invoke/BoundMethodHandle$Species_LLLLLL
Event: 0.951 loading class java/lang/invoke/BoundMethodHandle$Species_LLLLLL done
Event: 0.976 Loaded shared library C:\Users\teuby\AppData\Local\Temp\lwjglteuby\3.2.3-build-13\lwjgl_opengl.dll
Event: 0.979 Loaded shared library C:\Users\teuby\AppData\Local\Temp\lwjglteuby\3.2.3-build-13\lwjgl_opengl.dll
Event: 0.981 Loaded shared library C:\Users\teuby\AppData\Local\Temp\lwjglteuby\3.2.3-build-13\lwjgl_opengl.dll
Event: 0.991 Loaded shared library C:\Users\teuby\AppData\Local\Temp\lwjglteuby\3.2.3-build-13\lwjgl_opengl.dll
Event: 0.993 Loaded shared library C:\Users\teuby\AppData\Local\Temp\lwjglteuby\3.2.3-build-13\lwjgl_opengl.dll
Event: 0.994 Loaded shared library C:\Users\teuby\AppData\Local\Temp\lwjglteuby\3.2.3-build-13\lwjgl.dll
Event: 1.005 Loaded shared library C:\Users\teuby\AppData\Local\Temp\lwjglteuby\3.2.3-build-13\lwjgl_opengl.dll
Event: 1.007 Loaded shared library C:\Users\teuby\AppData\Local\Temp\lwjglteuby\3.2.3-build-13\lwjgl_opengl.dll
Event: 1.017 loading class jdk/internal/access/foreign/MemorySegmentProxy
Event: 1.017 loading class jdk/internal/access/foreign/MemorySegmentProxy done
Event: 1.035 Loaded shared library C:\Users\teuby\AppData\Local\Temp\lwjglteuby\3.2.3-build-13\lwjgl_opengl.dll
Event: 1.756 Executing VM operation: HandshakeAllThreads
Event: 1.756 Executing VM operation: HandshakeAllThreads done
Event: 2.640 Executing VM operation: G1CollectForAllocation
Event: 2.662 Executing VM operation: G1CollectForAllocation done


Dynamic libraries:
0x00007ff6d79d0000 - 0x00007ff6d79df000 	C:\Program Files\Java\jdk-15.0.1\bin\java.exe
0x00007ffef4170000 - 0x00007ffef4365000 	C:\Windows\SYSTEM32\ntdll.dll
0x00007ffef3fa0000 - 0x00007ffef405d000 	C:\Windows\System32\KERNEL32.DLL
0x00007ffef1f00000 - 0x00007ffef21c9000 	C:\Windows\System32\KERNELBASE.dll
0x00007ffef1db0000 - 0x00007ffef1eb0000 	C:\Windows\System32\ucrtbase.dll
0x00007ffee6140000 - 0x00007ffee6159000 	C:\Program Files\Java\jdk-15.0.1\bin\VCRUNTIME140.dll
0x00007ffee6340000 - 0x00007ffee6358000 	C:\Program Files\Java\jdk-15.0.1\bin\jli.dll
0x00007ffef3810000 - 0x00007ffef38bc000 	C:\Windows\System32\ADVAPI32.dll
0x00007ffef21d0000 - 0x00007ffef226e000 	C:\Windows\System32\msvcrt.dll
0x00007ffef2950000 - 0x00007ffef29ec000 	C:\Windows\System32\sechost.dll
0x00007ffef29f0000 - 0x00007ffef2b1b000 	C:\Windows\System32\RPCRT4.dll
0x00007ffef2290000 - 0x00007ffef2430000 	C:\Windows\System32\USER32.dll
0x00007ffed71b0000 - 0x00007ffed744a000 	C:\Windows\WinSxS\amd64_microsoft.windows.common-controls_6595b64144ccf1df_6.0.19041.844_none_ca00b6081b84eb1d\COMCTL32.dll
0x00007ffef1c70000 - 0x00007ffef1c92000 	C:\Windows\System32\win32u.dll
0x00007ffef2560000 - 0x00007ffef258a000 	C:\Windows\System32\GDI32.dll
0x00007ffef18b0000 - 0x00007ffef19bb000 	C:\Windows\System32\gdi32full.dll
0x00007ffef1b50000 - 0x00007ffef1bed000 	C:\Windows\System32\msvcp_win.dll
0x00007ffee8e80000 - 0x00007ffee8e8a000 	C:\Windows\SYSTEM32\VERSION.dll
0x00007ffef3ec0000 - 0x00007ffef3ef0000 	C:\Windows\System32\IMM32.DLL
0x00007ffee4670000 - 0x00007ffee467c000 	C:\Program Files\Java\jdk-15.0.1\bin\vcruntime140_1.dll
0x00007ffee3510000 - 0x00007ffee35a1000 	C:\Program Files\Java\jdk-15.0.1\bin\msvcp140.dll
0x00007ffe86480000 - 0x00007ffe86fde000 	C:\Program Files\Java\jdk-15.0.1\bin\server\jvm.dll
0x00007ffef3d90000 - 0x00007ffef3d98000 	C:\Windows\System32\PSAPI.DLL
0x00007ffeed440000 - 0x00007ffeed449000 	C:\Windows\SYSTEM32\WSOCK32.dll
0x00007ffee8e50000 - 0x00007ffee8e77000 	C:\Windows\SYSTEM32\WINMM.dll
0x00007ffef40c0000 - 0x00007ffef412b000 	C:\Windows\System32\WS2_32.dll
0x00007ffeef810000 - 0x00007ffeef822000 	C:\Windows\SYSTEM32\kernel.appcore.dll
0x00007ffee45d0000 - 0x00007ffee45da000 	C:\Program Files\Java\jdk-15.0.1\bin\jimage.dll
0x00007ffee9220000 - 0x00007ffee9404000 	C:\Windows\SYSTEM32\DBGHELP.DLL
0x00007ffed7a70000 - 0x00007ffed7a9c000 	C:\Windows\SYSTEM32\dbgcore.DLL
0x00007ffef1bf0000 - 0x00007ffef1c70000 	C:\Windows\System32\bcryptPrimitives.dll
0x00007ffee2f60000 - 0x00007ffee2f85000 	C:\Program Files\Java\jdk-15.0.1\bin\java.dll
0x00007ffef2c50000 - 0x00007ffef3392000 	C:\Windows\System32\SHELL32.dll
0x00007ffeefa10000 - 0x00007ffef01a0000 	C:\Windows\SYSTEM32\windows.storage.dll
0x00007ffef25f0000 - 0x00007ffef2945000 	C:\Windows\System32\combase.dll
0x00007ffef1320000 - 0x00007ffef134c000 	C:\Windows\SYSTEM32\Wldp.dll
0x00007ffef3ef0000 - 0x00007ffef3f9e000 	C:\Windows\System32\SHCORE.dll
0x00007ffef3ad0000 - 0x00007ffef3b25000 	C:\Windows\System32\shlwapi.dll
0x00007ffef17f0000 - 0x00007ffef180f000 	C:\Windows\SYSTEM32\profapi.dll
0x00007ffee3dc0000 - 0x00007ffee3dd9000 	C:\Program Files\Java\jdk-15.0.1\bin\net.dll
0x00007ffeeb140000 - 0x00007ffeeb24c000 	C:\Windows\SYSTEM32\WINHTTP.dll
0x00007ffef10a0000 - 0x00007ffef110a000 	C:\Windows\system32\mswsock.dll
0x00007ffee3300000 - 0x00007ffee3312000 	C:\Program Files\Java\jdk-15.0.1\bin\nio.dll
0x00007ffee2f40000 - 0x00007ffee2f58000 	C:\Program Files\Java\jdk-15.0.1\bin\zip.dll
0x00007ffeda840000 - 0x00007ffeda8a4000 	C:\Users\teuby\AppData\Local\Temp\lwjglteuby\3.2.3-build-13\lwjgl.dll
0x00007ffeda7d0000 - 0x00007ffeda832000 	C:\Users\teuby\AppData\Local\Temp\lwjglteuby\3.2.3-build-13\glfw.dll
0x00007ffeef330000 - 0x00007ffeef3ce000 	C:\Windows\system32\uxtheme.dll
0x00007ffee4800000 - 0x00007ffee4845000 	C:\Windows\SYSTEM32\dinput8.dll
0x00007ffeed590000 - 0x00007ffeed5a1000 	C:\Windows\SYSTEM32\xinput1_4.dll
0x00007ffef1eb0000 - 0x00007ffef1efe000 	C:\Windows\System32\cfgmgr32.dll
0x00007ffef1660000 - 0x00007ffef168c000 	C:\Windows\SYSTEM32\DEVOBJ.dll
0x00007ffeef520000 - 0x00007ffeef54f000 	C:\Windows\SYSTEM32\dwmapi.dll
0x00007ffee4eb0000 - 0x00007ffee5002000 	C:\Windows\SYSTEM32\inputhost.dll
0x00007ffef3b30000 - 0x00007ffef3bfd000 	C:\Windows\System32\OLEAUT32.dll
0x00007ffeeef50000 - 0x00007ffeef042000 	C:\Windows\SYSTEM32\CoreMessaging.dll
0x00007ffeed150000 - 0x00007ffeed247000 	C:\Windows\SYSTEM32\PROPSYS.dll
0x00007ffeed7b0000 - 0x00007ffeed904000 	C:\Windows\SYSTEM32\wintypes.dll
0x00007ffeeeb10000 - 0x00007ffeeee6e000 	C:\Windows\SYSTEM32\CoreUIComponents.dll
0x00007ffef05e0000 - 0x00007ffef0613000 	C:\Windows\SYSTEM32\ntmarta.dll
0x00007ffef3da0000 - 0x00007ffef3eb5000 	C:\Windows\System32\MSCTF.dll
0x00007ffef01a0000 - 0x00007ffef01ad000 	C:\Windows\SYSTEM32\HID.DLL
0x00007ffef33a0000 - 0x00007ffef3809000 	C:\Windows\System32\SETUPAPI.DLL
0x00007ffef19c0000 - 0x00007ffef19e7000 	C:\Windows\System32\bcrypt.dll
0x00007ffef1ca0000 - 0x00007ffef1d00000 	C:\Windows\System32\WINTRUST.dll
0x00007ffef19f0000 - 0x00007ffef1b4f000 	C:\Windows\System32\CRYPT32.dll
0x00007ffef14a0000 - 0x00007ffef14b2000 	C:\Windows\SYSTEM32\MSASN1.dll
0x00007ffebad00000 - 0x00007ffebae26000 	C:\Windows\SYSTEM32\opengl32.dll
0x00007ffecb260000 - 0x00007ffecb28c000 	C:\Windows\SYSTEM32\GLU32.dll
0x00007ffef24b0000 - 0x00007ffef2559000 	C:\Windows\System32\clbcatq.dll
0x00007ffecb490000 - 0x00007ffecb4ba000 	C:\Windows\System32\DriverStore\FileRepository\u0359160.inf_amd64_2abe2598d9a3141f\B358802\atig6pxx.dll
0x00007ffe8c710000 - 0x00007ffe8f422000 	C:\Windows\System32\DriverStore\FileRepository\u0359160.inf_amd64_2abe2598d9a3141f\B358802\atio6axx.dll
0x00007ffef2b20000 - 0x00007ffef2c4a000 	C:\Windows\System32\ole32.dll
0x00007ffec1ae0000 - 0x00007ffec1b04000 	C:\Windows\SYSTEM32\dxva2.dll
0x00007ffecb570000 - 0x00007ffecb5ac000 	C:\Windows\System32\DriverStore\FileRepository\u0359160.inf_amd64_2abe2598d9a3141f\B358802\atig6txx.dll
0x00007ffeaa120000 - 0x00007ffeaa2dc000 	C:\Windows\SYSTEM32\atiadlxx.dll
0x00007ffee91e0000 - 0x00007ffee921b000 	C:\Windows\SYSTEM32\dxcore.dll
0x00007ffee5010000 - 0x00007ffee510b000 	C:\Windows\SYSTEM32\textinputframework.dll
0x00007ffeda770000 - 0x00007ffeda7c9000 	C:\Users\teuby\AppData\Local\Temp\lwjglteuby\3.2.3-build-13\lwjgl_opengl.dll

dbghelp: loaded successfully - version: 4.0.5 - missing functions: none
symbol engine: initialized successfully - sym options: 0x614 - pdb path: .;C:\Program Files\Java\jdk-15.0.1\bin;C:\Windows\SYSTEM32;C:\Windows\WinSxS\amd64_microsoft.windows.common-controls_6595b64144ccf1df_6.0.19041.844_none_ca00b6081b84eb1d;C:\Program Files\Java\jdk-15.0.1\bin\server;C:\Users\teuby\AppData\Local\Temp\lwjglteuby\3.2.3-build-13;C:\Windows\System32\DriverStore\FileRepository\u0359160.inf_amd64_2abe2598d9a3141f\B358802

VM Arguments:
jvm_args: -Dfile.encoding=windows-1250 -Duser.country=CZ -Duser.language=cs -Duser.variant 
java_command: educanet.Main
java_class_path (initial): D:\skola\GDV\OpenGl\maze\build\classes\java\main;D:\skola\GDV\OpenGl\maze\build\resources\main;C:\Users\teuby\.gradle\caches\modules-2\files-2.1\org.lwjgl\lwjgl-assimp\3.2.3\f62aa07a20afbdd3097efc296c4841e0d29700eb\lwjgl-assimp-3.2.3.jar;C:\Users\teuby\.gradle\caches\modules-2\files-2.1\org.lwjgl\lwjgl-assimp\3.2.3\4e60aeb75f0343c4a9ede4ef8b6b32ca702a00a3\lwjgl-assimp-3.2.3-natives-windows.jar;C:\Users\teuby\.gradle\caches\modules-2\files-2.1\org.lwjgl\lwjgl-glfw\3.2.3\5e520d5c290c8b012545a8d34fa5db5ab051ea53\lwjgl-glfw-3.2.3.jar;C:\Users\teuby\.gradle\caches\modules-2\files-2.1\org.lwjgl\lwjgl-glfw\3.2.3\b4d8a3477cdc2edcf7a5f1e822926be846223f54\lwjgl-glfw-3.2.3-natives-windows.jar;C:\Users\teuby\.gradle\caches\modules-2\files-2.1\org.lwjgl\lwjgl-openal\3.2.3\106742e805803ab9eab8e343f0fb31a3d263903c\lwjgl-openal-3.2.3.jar;C:\Users\teuby\.gradle\caches\modules-2\files-2.1\org.lwjgl\lwjgl-openal\3.2.3\ec898e8ce11b5886f4f532a1536283ef2817758d\lwjgl-openal-3.2.3-natives-windows.jar;C:\Users\teuby\.gradle\caches\modules-2\files-2.1\org.lwjgl\lwjgl-opengl\3.2.3\bdd534a323d0c8f54969b95e424b6ac8984f7d6e\lwjgl-opengl-3.2.3.jar;C:\Users\teuby\.gradle\caches\modules-2\files-2.1\org.lwjgl\lwjgl-opengl\3.2.3\e81cfc73ec8708e5e791ed770e4ec3edfc1bbab1\lwjgl-opengl-3.2.3-natives-windows.jar;C:\Users\teuby\.gradle\caches\modules-2\files-2.1\org.lwjgl\lwjgl-stb\3.2.3\40eccaa4fa86fc815f2e17946a392fb5fdcc286a\lwjgl-stb-3.2.3.jar;C:\Users\teuby\.gradle\caches\modules-2\files-2.1\org.lwjgl\lwjgl-stb\3.2.3\817b21ec286f0ba3dcedb56a3bd275e6a9345be9\lwjgl-stb-3.2.3-natives-windows.jar;C:\Users\teuby\.gradle\caches\modules-2\files-2.1\org.lwjgl\lwjgl\3.2.3\17a59ba0fe8d474ec9dbe0d5db40d2cfe59c4c08\lwjgl-3.2.3.jar;C:\Users\teuby\.gradle\caches\modules-2\files-2.1\org.lwjgl\lwjgl\3.2.3\27f32cd35349684745951e04388e8e00d681cdcd\lwjgl-3.2.3-natives-windows.jar;C:\Users\teuby\.gradle\caches\modules-2\files-2.1\org.jetbrains\annotations\20.1.0\2fcd1f3225bca0c4a7bc931142076
Launcher Type: SUN_STANDARD

[Global flags]
     intx CICompilerCount                          = 4                                         {product} {ergonomic}
     uint ConcGCThreads                            = 2                                         {product} {ergonomic}
     uint G1ConcRefinementThreads                  = 8                                         {product} {ergonomic}
   size_t G1HeapRegionSize                         = 1048576                                   {product} {ergonomic}
    uintx GCDrainStackTargetSize                   = 64                                        {product} {ergonomic}
   size_t InitialHeapSize                          = 134217728                                 {product} {ergonomic}
   size_t MarkStackSize                            = 4194304                                   {product} {ergonomic}
   size_t MaxHeapSize                              = 2136997888                                {product} {ergonomic}
   size_t MaxNewSize                               = 1281359872                                {product} {ergonomic}
   size_t MinHeapDeltaBytes                        = 1048576                                   {product} {ergonomic}
   size_t MinHeapSize                              = 8388608                                   {product} {ergonomic}
    uintx NonNMethodCodeHeapSize                   = 5839372                                {pd product} {ergonomic}
    uintx NonProfiledCodeHeapSize                  = 122909434                              {pd product} {ergonomic}
    uintx ProfiledCodeHeapSize                     = 122909434                              {pd product} {ergonomic}
    uintx ReservedCodeCacheSize                    = 251658240                              {pd product} {ergonomic}
     bool SegmentedCodeCache                       = true                                      {product} {ergonomic}
   size_t SoftMaxHeapSize                          = 2136997888                             {manageable} {ergonomic}
     bool UseCompressedClassPointers               = true                                 {lp64_product} {ergonomic}
     bool UseCompressedOops                        = true                                 {lp64_product} {ergonomic}
     bool UseG1GC                                  = true                                      {product} {ergonomic}
     bool UseLargePagesIndividualAllocation        = false                                  {pd product} {ergonomic}

Logging:
Log output configuration:
 #0: stdout all=warning uptime,level,tags
 #1: stderr all=off uptime,level,tags

Environment Variables:
PATH=C:\Program Files\Java\jdk-15.0.1\bin;C:\Program Files (x86)\Common Files\Oracle\Java\javapath;C:\Windows\system32;C:\Windows;C:\Windows\System32\Wbem;C:\Windows\System32\WindowsPowerShell\v1.0\;C:\Windows\System32\OpenSSH\;C:\Program Files\Git\cmd;C:\Program Files\nodejs\;C:\Gradle\gradle-6.8.2\bin;C:\wildfly-22.0.0.Final\bin;C:\maven\apache-maven-3.6.3\bin;C:\Users\teuby\AppData\Local\Microsoft\WindowsApps;C:\Users\teuby\AppData\Local\Programs\Microsoft VS Code\bin;C:\Users\teuby\AppData\Roaming\npm;C:\Users\teuby\AppData\Local\GitHubDesktop\bin;C:\Program Files\JetBrains\IntelliJ IDEA 2020.3.2\bin;
USERNAME=teuby
OS=Windows_NT
PROCESSOR_IDENTIFIER=AMD64 Family 21 Model 2 Stepping 0, AuthenticAMD



---------------  S Y S T E M  ---------------

OS:
 Windows 10 , 64 bit Build 19041 (10.0.19041.804)
OS uptime: 2 days 7:29 hours

CPU: total 8 (initial active 8) (8 cores per cpu, 1 threads per core) family 21 model 2 stepping 0 microcode 0x0, cmov, cx8, fxsr, mmx, sse, sse2, sse3, ssse3, sse4.1, sse4.2, popcnt, vzeroupper, avx, aes, clmul, 3dnowpref, lzcnt, sse4a, tsc, tscinvbit, tscinv, bmi1, fma, clflush

Memory: 4k page, system-wide physical 8149M (1840M free)
TotalPageFile size 22485M (AvailPageFile size 8989M)
current process WorkingSet (physical memory assigned to process): 135M, peak: 135M
current process commit charge ("private bytes"): 320M, peak: 322M

vm_info: Java HotSpot(TM) 64-Bit Server VM (15.0.1+9-18) for windows-amd64 JRE (15.0.1+9-18), built on Sep 15 2020 14:43:54 by "mach5one" with unknown MS VC++:1925

END.
