#
# A fatal error has been detected by the Java Runtime Environment:
#
#  EXCEPTION_ACCESS_VIOLATION (0xc0000005) at pc=0x00007ffe8eed5030, pid=6408, tid=20564
#
# JRE version: Java(TM) SE Runtime Environment (15.0.1+9) (build 15.0.1+9-18)
# Java VM: Java HotSpot(TM) 64-Bit Server VM (15.0.1+9-18, mixed mode, sharing, tiered, compressed oops, g1 gc, windows-amd64)
# Problematic frame:
# C  [atio6axx.dll+0x27c5030]
#
# No core dump will be written. Minidumps are not enabled by default on client versions of Windows
#
# If you would like to submit a bug report, please visit:
#   https://bugreport.java.com/bugreport/crash.jsp
# The crash happened outside the Java Virtual Machine in native code.
# See problematic frame for where to report the bug.
#

---------------  S U M M A R Y ------------

Command Line: -Dfile.encoding=windows-1250 -Duser.country=CZ -Duser.language=cs -Duser.variant educanet.Main

Host: AMD FX(tm)-8350 Eight-Core Processor           , 8 cores, 7G,  Windows 10 , 64 bit Build 19041 (10.0.19041.804)
Time: Wed Mar 17 00:19:36 2021 Støední Evropa (bìžný èas) elapsed time: 2.086815 seconds (0d 0h 0m 2s)

---------------  T H R E A D  ---------------

Current thread (0x0000024478912f80):  JavaThread "main" [_thread_in_native, id=20564, stack(0x000000e788d00000,0x000000e788e00000)]

Stack: [0x000000e788d00000,0x000000e788e00000],  sp=0x000000e788dff078,  free space=1020k
Native frames: (J=compiled Java code, j=interpreted, Vv=VM code, C=native code)
C  [atio6axx.dll+0x27c5030]

Java frames: (J=compiled Java code, j=interpreted, Vv=VM code)
J 818  org.lwjgl.opengl.GL15C.nglBufferData(IJJI)V (0 bytes) @ 0x000002440fc6f07e [0x000002440fc6f020+0x000000000000005e]
J 1001 c2 educanet.Game.drawSquare(Leducanet/models/Square;)V (9 bytes) @ 0x000002440fc96008 [0x000002440fc95e80+0x0000000000000188]
j  educanet.Game.render(J)V+42
j  educanet.Main.loop()V+48
j  educanet.Main.run()V+3
j  educanet.Main.main([Ljava/lang/String;)V+0
v  ~StubRoutines::call_stub

siginfo: EXCEPTION_ACCESS_VIOLATION (0xc0000005), data execution prevention violation at address 0x00007ffe8eed5030


Register to memory mapping:

RIP=0x00007ffe8eed5030 atio6axx.dll
RAX=0x00007ffe8ee30cb8 atio6axx.dll
RBX=0x00000244220c2c60 points into unknown readable memory: 0x000002441c1521b0 | b0 21 15 1c 44 02 00 00
RCX=0x0000024421d1c190 points into unknown readable memory: 0x00007ffe8ee30cb8 | b8 0c e3 8e fe 7f 00 00
RDX=0x000002441bdf59d0 points into unknown readable memory: 0x00007ffe8ee2ff70 | 70 ff e2 8e fe 7f 00 00
RSP=0x000000e788dff078 is pointing into the stack for thread: 0x0000024478912f80
RBP=0x000002441ba34ad0 points into unknown readable memory: 0x000002441ba09eb0 | b0 9e a0 1b 44 02 00 00
RSI=0x000002441ba34ad0 points into unknown readable memory: 0x000002441ba09eb0 | b0 9e a0 1b 44 02 00 00
RDI=0x000002441bdf59d0 points into unknown readable memory: 0x00007ffe8ee2ff70 | 70 ff e2 8e fe 7f 00 00
R8 =0x0000000000000019 is an unknown value
R9 =0x0 is NULL
R10=0x0000000000008000 is an unknown value
R11=0x000000e788dfeff0 is pointing into the stack for thread: 0x0000024478912f80
R12=0x000002441bbdcbf0 points into unknown readable memory: 0x00007ffe8ee1ce58 | 58 ce e1 8e fe 7f 00 00
R13=0x000002441bbf5dd0 points into unknown readable memory: 0x000002441be11c00 | 00 1c e1 1b 44 02 00 00
R14=0x00000244220c2c60 points into unknown readable memory: 0x000002441c1521b0 | b0 21 15 1c 44 02 00 00
R15=0x0000000000005001 is an unknown value


Registers:
RAX=0x00007ffe8ee30cb8, RBX=0x00000244220c2c60, RCX=0x0000024421d1c190, RDX=0x000002441bdf59d0
RSP=0x000000e788dff078, RBP=0x000002441ba34ad0, RSI=0x000002441ba34ad0, RDI=0x000002441bdf59d0
R8 =0x0000000000000019, R9 =0x0000000000000000, R10=0x0000000000008000, R11=0x000000e788dfeff0
R12=0x000002441bbdcbf0, R13=0x000002441bbf5dd0, R14=0x00000244220c2c60, R15=0x0000000000005001
RIP=0x00007ffe8eed5030, EFLAGS=0x0000000000010246

Top of Stack: (sp=0x000000e788dff078)
0x000000e788dff078:   00007ffe8da8fd9e 00000244220c2c60
0x000000e788dff088:   00007ffe8da911a7 000002441c7a48a0
0x000000e788dff098:   0000024400000000 000002440000fffc
0x000000e788dff0a8:   0000000000000000 000002441bbdcbf0
0x000000e788dff0b8:   00007ffe8da8087f 00000244220c2c60
0x000000e788dff0c8:   000002441bbdcbf0 0000000000000000
0x000000e788dff0d8:   0000000000000000 0000024421e56260
0x000000e788dff0e8:   00007ffe8da5eeb0 000002441c7a48a0
0x000000e788dff0f8:   0000000000014000 0000000000014000
0x000000e788dff108:   0000024421e56260 000002441bb78c01
0x000000e788dff118:   0000000000000000 0000000000000000
0x000000e788dff128:   0000000000000040 0000000000000030
0x000000e788dff138:   0000000000000010 000002440000000c
0x000000e788dff148:   000000e788dff209 0000000000000004
0x000000e788dff158:   00007ffef419b3c7 00000244767b0000
0x000000e788dff168:   000000e700000004 0000000000000030 

Instructions: (pc=0x00007ffe8eed5030)
0x00007ffe8eed4f30:   01 00 00 00 00 00 00 00 00 00 00 00 e0 c2 a7 02
0x00007ffe8eed4f40:   30 49 7c 02 30 4f 7c 02 00 00 00 00 00 00 00 00
0x00007ffe8eed4f50:   00 00 00 00 00 00 00 00 00 00 00 00 00 00 00 00
0x00007ffe8eed4f60:   03 00 00 00 c0 53 7c 02 00 00 00 00 00 00 00 00
0x00007ffe8eed4f70:   98 c4 a7 02 03 00 00 00 00 00 00 00 ff ff ff ff
0x00007ffe8eed4f80:   00 00 00 00 40 00 00 00 90 54 7c 02 00 00 00 00
0x00007ffe8eed4f90:   00 00 00 00 00 00 00 00 e8 41 7c 02 e8 eb 7b 02
0x00007ffe8eed4fa0:   50 98 7b 02 b0 98 7b 02 00 00 00 00 00 00 00 00
0x00007ffe8eed4fb0:   00 00 00 00 00 00 00 00 00 00 00 00 00 00 00 00
0x00007ffe8eed4fc0:   01 00 00 00 00 00 00 00 00 00 00 00 b0 c5 a7 02
0x00007ffe8eed4fd0:   88 58 7c 02 c0 4f 7c 02 00 00 00 00 00 00 00 00
0x00007ffe8eed4fe0:   00 00 00 00 00 00 00 00 60 43 7c 02 a0 4b 7c 02
0x00007ffe8eed4ff0:   a8 97 7b 02 50 98 7b 02 b0 98 7b 02 00 00 00 00
0x00007ffe8eed5000:   00 00 00 00 00 00 00 00 00 00 00 00 00 00 00 00
0x00007ffe8eed5010:   00 00 00 00 00 00 00 00 00 00 00 00 00 00 00 00
0x00007ffe8eed5020:   04 00 00 00 c8 45 7c 02 00 00 00 00 00 00 00 00
0x00007ffe8eed5030:   01 00 00 00 00 00 00 00 00 00 00 00 f8 bf a7 02
0x00007ffe8eed5040:   48 43 7c 02 30 50 7c 02 00 00 00 00 00 00 00 00
0x00007ffe8eed5050:   00 00 00 00 00 00 00 00 01 00 00 00 00 00 00 00
0x00007ffe8eed5060:   00 00 00 00 28 c7 a7 02 00 4d 7c 02 58 50 7c 02
0x00007ffe8eed5070:   00 00 00 00 00 00 00 00 00 00 00 00 00 00 00 00
0x00007ffe8eed5080:   60 c4 a7 02 03 00 00 00 00 00 00 00 ff ff ff ff
0x00007ffe8eed5090:   00 00 00 00 40 00 00 00 60 4b 7c 02 00 00 00 00
0x00007ffe8eed50a0:   00 00 00 00 00 00 00 00 28 c4 a7 02 03 00 00 00
0x00007ffe8eed50b0:   00 00 00 00 ff ff ff ff 00 00 00 00 40 00 00 00
0x00007ffe8eed50c0:   20 5c 7c 02 00 00 00 00 00 00 00 00 00 00 00 00
0x00007ffe8eed50d0:   b8 c7 a7 02 03 00 00 00 00 00 00 00 ff ff ff ff
0x00007ffe8eed50e0:   00 00 00 00 40 00 00 00 80 53 7c 02 00 00 00 00
0x00007ffe8eed50f0:   00 00 00 00 00 00 00 00 38 5c 7c 02 b0 56 7c 02
0x00007ffe8eed5100:   50 98 7b 02 b0 98 7b 02 00 00 00 00 00 00 00 00
0x00007ffe8eed5110:   00 00 00 00 00 00 00 00 00 00 00 00 00 00 00 00
0x00007ffe8eed5120:   01 00 00 00 00 00 00 00 00 00 00 00 08 94 a7 02 


Stack slot to memory mapping:
stack at sp + 0 slots: 0x00007ffe8da8fd9e atio6axx.dll
stack at sp + 1 slots: 0x00000244220c2c60 points into unknown readable memory: 0x000002441c1521b0 | b0 21 15 1c 44 02 00 00
stack at sp + 2 slots: 0x00007ffe8da911a7 atio6axx.dll
stack at sp + 3 slots: 0x000002441c7a48a0 points into unknown readable memory: 0x00007ffe8ee1cd38 | 38 cd e1 8e fe 7f 00 00
stack at sp + 4 slots: 0x0000024400000000 points into unknown readable memory: 0x00010000cafedada | da da fe ca 00 00 01 00
stack at sp + 5 slots: 0x000002440000fffc points into unknown readable memory: 00 00 00 00
stack at sp + 6 slots: 0x0 is NULL
stack at sp + 7 slots: 0x000002441bbdcbf0 points into unknown readable memory: 0x00007ffe8ee1ce58 | 58 ce e1 8e fe 7f 00 00


---------------  P R O C E S S  ---------------

Threads class SMR info:
_java_thread_list=0x000002441bd3ba70, length=12, elements={
0x0000024478912f80, 0x0000024417515f80, 0x0000024417516a50, 0x0000024417530ea0,
0x0000024417533860, 0x0000024417534210, 0x0000024417536300, 0x000002441753a2a0,
0x000002441754d4b0, 0x0000024417f88230, 0x0000024417f8aa20, 0x000002441bd3af80
}

Java Threads: ( => current thread )
=>0x0000024478912f80 JavaThread "main" [_thread_in_native, id=20564, stack(0x000000e788d00000,0x000000e788e00000)]
  0x0000024417515f80 JavaThread "Reference Handler" daemon [_thread_in_vm, id=20940, stack(0x000000e789400000,0x000000e789500000)]
  0x0000024417516a50 JavaThread "Finalizer" daemon [_thread_blocked, id=8568, stack(0x000000e789500000,0x000000e789600000)]
  0x0000024417530ea0 JavaThread "Signal Dispatcher" daemon [_thread_blocked, id=23204, stack(0x000000e789600000,0x000000e789700000)]
  0x0000024417533860 JavaThread "Attach Listener" daemon [_thread_blocked, id=2944, stack(0x000000e789700000,0x000000e789800000)]
  0x0000024417534210 JavaThread "Service Thread" daemon [_thread_blocked, id=7236, stack(0x000000e789800000,0x000000e789900000)]
  0x0000024417536300 JavaThread "C2 CompilerThread0" daemon [_thread_blocked, id=6784, stack(0x000000e789900000,0x000000e789a00000)]
  0x000002441753a2a0 JavaThread "C1 CompilerThread0" daemon [_thread_blocked, id=16256, stack(0x000000e789a00000,0x000000e789b00000)]
  0x000002441754d4b0 JavaThread "Sweeper thread" daemon [_thread_blocked, id=12524, stack(0x000000e789b00000,0x000000e789c00000)]
  0x0000024417f88230 JavaThread "Notification Thread" daemon [_thread_blocked, id=13392, stack(0x000000e789c00000,0x000000e789d00000)]
  0x0000024417f8aa20 JavaThread "Common-Cleaner" daemon [_thread_blocked, id=22496, stack(0x000000e789e00000,0x000000e789f00000)]
  0x000002441bd3af80 JavaThread "C2 CompilerThread1" daemon [_thread_blocked, id=6672, stack(0x000000e78a200000,0x000000e78a300000)]

Other Threads:
  0x00000244175107e0 VMThread "VM Thread" [stack: 0x000000e789300000,0x000000e789400000] [id=16732]
  0x0000024417f8a710 WatcherThread [stack: 0x000000e789d00000,0x000000e789e00000] [id=20404]
  0x00000244789530b0 GCTaskThread "GC Thread#0" [stack: 0x000000e788e00000,0x000000e788f00000] [id=14468]
  0x0000024418114870 GCTaskThread "GC Thread#1" [stack: 0x000000e78a300000,0x000000e78a400000] [id=7864]
  0x0000024418114210 GCTaskThread "GC Thread#2" [stack: 0x000000e78a400000,0x000000e78a500000] [id=16800]
  0x0000024478965150 ConcurrentGCThread "G1 Main Marker" [stack: 0x000000e788f00000,0x000000e789000000] [id=10004]
  0x00000244789673f0 ConcurrentGCThread "G1 Conc#0" [stack: 0x000000e789000000,0x000000e789100000] [id=21316]
  0x0000024417390090 ConcurrentGCThread "G1 Refine#0" [stack: 0x000000e789100000,0x000000e789200000] [id=22328]
  0x00000244173917f0 ConcurrentGCThread "G1 Young RemSet Sampling" [stack: 0x000000e789200000,0x000000e789300000] [id=7924]

Threads with active compile tasks:

VM state: not at safepoint (normal execution)

VM Mutex/Monitor currently owned by a thread: None

Heap address: 0x0000000080a00000, size: 2038 MB, Compressed Oops mode: 32-bit
CDS archive(s) mapped at: [0x0000000800000000-0x0000000800b50000-0x0000000800b50000), size 11862016, SharedBaseAddress: 0x0000000800000000, ArchiveRelocationMode: 0.
Compressed class space mapped at: 0x0000000800b50000-0x0000000840b50000, size: 1073741824
Narrow klass base: 0x0000000800000000, Narrow klass shift: 3, Narrow klass range: 0x100000000

GC Precious Log:
 CPUs: 8 total, 8 available
 Memory: 8149M
 Large Page Support: Disabled
 NUMA Support: Disabled
 Compressed Oops: Enabled (32-bit)
 Heap Region Size: 1M
 Heap Min Capacity: 8M
 Heap Initial Capacity: 128M
 Heap Max Capacity: 2038M
 Pre-touch: Disabled
 Parallel Workers: 8
 Concurrent Workers: 2
 Concurrent Refinement Workers: 8
 Periodic GC: Disabled

Heap:
 garbage-first heap   total 131072K, used 4501K [0x0000000080a00000, 0x0000000100000000)
  region size 1024K, 4 young (4096K), 3 survivors (3072K)
 Metaspace       used 5498K, capacity 8261K, committed 8576K, reserved 1056768K
  class space    used 288K, capacity 581K, committed 640K, reserved 1048576K

Heap Regions: E=young(eden), S=young(survivor), O=old, HS=humongous(starts), HC=humongous(continues), CS=collection set, F=free, OA=open archive, CA=closed archive, TAMS=top-at-mark-start (previous, next)
|   0|0x0000000080a00000, 0x0000000080b00000, 0x0000000080b00000|100%| O|  |TAMS 0x0000000080a00000, 0x0000000080a00000| Untracked 
|   1|0x0000000080b00000, 0x0000000080b65400, 0x0000000080c00000| 39%| O|  |TAMS 0x0000000080b00000, 0x0000000080b00000| Untracked 
|   2|0x0000000080c00000, 0x0000000080c00000, 0x0000000080d00000|  0%| F|  |TAMS 0x0000000080c00000, 0x0000000080c00000| Untracked 
|   3|0x0000000080d00000, 0x0000000080d00000, 0x0000000080e00000|  0%| F|  |TAMS 0x0000000080d00000, 0x0000000080d00000| Untracked 
|   4|0x0000000080e00000, 0x0000000080e00000, 0x0000000080f00000|  0%| F|  |TAMS 0x0000000080e00000, 0x0000000080e00000| Untracked 
|   5|0x0000000080f00000, 0x0000000080f00000, 0x0000000081000000|  0%| F|  |TAMS 0x0000000080f00000, 0x0000000080f00000| Untracked 
|   6|0x0000000081000000, 0x0000000081000000, 0x0000000081100000|  0%| F|  |TAMS 0x0000000081000000, 0x0000000081000000| Untracked 
|   7|0x0000000081100000, 0x0000000081100000, 0x0000000081200000|  0%| F|  |TAMS 0x0000000081100000, 0x0000000081100000| Untracked 
|   8|0x0000000081200000, 0x0000000081200000, 0x0000000081300000|  0%| F|  |TAMS 0x0000000081200000, 0x0000000081200000| Untracked 
|   9|0x0000000081300000, 0x0000000081300000, 0x0000000081400000|  0%| F|  |TAMS 0x0000000081300000, 0x0000000081300000| Untracked 
|  10|0x0000000081400000, 0x0000000081400000, 0x0000000081500000|  0%| F|  |TAMS 0x0000000081400000, 0x0000000081400000| Untracked 
|  11|0x0000000081500000, 0x0000000081500000, 0x0000000081600000|  0%| F|  |TAMS 0x0000000081500000, 0x0000000081500000| Untracked 
|  12|0x0000000081600000, 0x0000000081600000, 0x0000000081700000|  0%| F|  |TAMS 0x0000000081600000, 0x0000000081600000| Untracked 
|  13|0x0000000081700000, 0x0000000081700000, 0x0000000081800000|  0%| F|  |TAMS 0x0000000081700000, 0x0000000081700000| Untracked 
|  14|0x0000000081800000, 0x0000000081800000, 0x0000000081900000|  0%| F|  |TAMS 0x0000000081800000, 0x0000000081800000| Untracked 
|  15|0x0000000081900000, 0x0000000081900000, 0x0000000081a00000|  0%| F|  |TAMS 0x0000000081900000, 0x0000000081900000| Untracked 
|  16|0x0000000081a00000, 0x0000000081a00000, 0x0000000081b00000|  0%| F|  |TAMS 0x0000000081a00000, 0x0000000081a00000| Untracked 
|  17|0x0000000081b00000, 0x0000000081b00000, 0x0000000081c00000|  0%| F|  |TAMS 0x0000000081b00000, 0x0000000081b00000| Untracked 
|  18|0x0000000081c00000, 0x0000000081c00000, 0x0000000081d00000|  0%| F|  |TAMS 0x0000000081c00000, 0x0000000081c00000| Untracked 
|  19|0x0000000081d00000, 0x0000000081d00000, 0x0000000081e00000|  0%| F|  |TAMS 0x0000000081d00000, 0x0000000081d00000| Untracked 
|  20|0x0000000081e00000, 0x0000000081e00000, 0x0000000081f00000|  0%| F|  |TAMS 0x0000000081e00000, 0x0000000081e00000| Untracked 
|  21|0x0000000081f00000, 0x0000000081f00000, 0x0000000082000000|  0%| F|  |TAMS 0x0000000081f00000, 0x0000000081f00000| Untracked 
|  22|0x0000000082000000, 0x0000000082000000, 0x0000000082100000|  0%| F|  |TAMS 0x0000000082000000, 0x0000000082000000| Untracked 
|  23|0x0000000082100000, 0x0000000082100000, 0x0000000082200000|  0%| F|  |TAMS 0x0000000082100000, 0x0000000082100000| Untracked 
|  24|0x0000000082200000, 0x0000000082200000, 0x0000000082300000|  0%| F|  |TAMS 0x0000000082200000, 0x0000000082200000| Untracked 
|  25|0x0000000082300000, 0x0000000082300000, 0x0000000082400000|  0%| F|  |TAMS 0x0000000082300000, 0x0000000082300000| Untracked 
|  26|0x0000000082400000, 0x0000000082400000, 0x0000000082500000|  0%| F|  |TAMS 0x0000000082400000, 0x0000000082400000| Untracked 
|  27|0x0000000082500000, 0x0000000082500000, 0x0000000082600000|  0%| F|  |TAMS 0x0000000082500000, 0x0000000082500000| Untracked 
|  28|0x0000000082600000, 0x0000000082600000, 0x0000000082700000|  0%| F|  |TAMS 0x0000000082600000, 0x0000000082600000| Untracked 
|  29|0x0000000082700000, 0x0000000082700000, 0x0000000082800000|  0%| F|  |TAMS 0x0000000082700000, 0x0000000082700000| Untracked 
|  30|0x0000000082800000, 0x0000000082800000, 0x0000000082900000|  0%| F|  |TAMS 0x0000000082800000, 0x0000000082800000| Untracked 
|  31|0x0000000082900000, 0x0000000082900000, 0x0000000082a00000|  0%| F|  |TAMS 0x0000000082900000, 0x0000000082900000| Untracked 
|  32|0x0000000082a00000, 0x0000000082a00000, 0x0000000082b00000|  0%| F|  |TAMS 0x0000000082a00000, 0x0000000082a00000| Untracked 
|  33|0x0000000082b00000, 0x0000000082b00000, 0x0000000082c00000|  0%| F|  |TAMS 0x0000000082b00000, 0x0000000082b00000| Untracked 
|  34|0x0000000082c00000, 0x0000000082c00000, 0x0000000082d00000|  0%| F|  |TAMS 0x0000000082c00000, 0x0000000082c00000| Untracked 
|  35|0x0000000082d00000, 0x0000000082d00000, 0x0000000082e00000|  0%| F|  |TAMS 0x0000000082d00000, 0x0000000082d00000| Untracked 
|  36|0x0000000082e00000, 0x0000000082e00000, 0x0000000082f00000|  0%| F|  |TAMS 0x0000000082e00000, 0x0000000082e00000| Untracked 
|  37|0x0000000082f00000, 0x0000000082f00000, 0x0000000083000000|  0%| F|  |TAMS 0x0000000082f00000, 0x0000000082f00000| Untracked 
|  38|0x0000000083000000, 0x0000000083000000, 0x0000000083100000|  0%| F|  |TAMS 0x0000000083000000, 0x0000000083000000| Untracked 
|  39|0x0000000083100000, 0x0000000083100000, 0x0000000083200000|  0%| F|  |TAMS 0x0000000083100000, 0x0000000083100000| Untracked 
|  40|0x0000000083200000, 0x0000000083200000, 0x0000000083300000|  0%| F|  |TAMS 0x0000000083200000, 0x0000000083200000| Untracked 
|  41|0x0000000083300000, 0x0000000083300000, 0x0000000083400000|  0%| F|  |TAMS 0x0000000083300000, 0x0000000083300000| Untracked 
|  42|0x0000000083400000, 0x0000000083400000, 0x0000000083500000|  0%| F|  |TAMS 0x0000000083400000, 0x0000000083400000| Untracked 
|  43|0x0000000083500000, 0x0000000083500000, 0x0000000083600000|  0%| F|  |TAMS 0x0000000083500000, 0x0000000083500000| Untracked 
|  44|0x0000000083600000, 0x0000000083600000, 0x0000000083700000|  0%| F|  |TAMS 0x0000000083600000, 0x0000000083600000| Untracked 
|  45|0x0000000083700000, 0x0000000083700000, 0x0000000083800000|  0%| F|  |TAMS 0x0000000083700000, 0x0000000083700000| Untracked 
|  46|0x0000000083800000, 0x0000000083800000, 0x0000000083900000|  0%| F|  |TAMS 0x0000000083800000, 0x0000000083800000| Untracked 
|  47|0x0000000083900000, 0x0000000083900000, 0x0000000083a00000|  0%| F|  |TAMS 0x0000000083900000, 0x0000000083900000| Untracked 
|  48|0x0000000083a00000, 0x0000000083a00000, 0x0000000083b00000|  0%| F|  |TAMS 0x0000000083a00000, 0x0000000083a00000| Untracked 
|  49|0x0000000083b00000, 0x0000000083b00000, 0x0000000083c00000|  0%| F|  |TAMS 0x0000000083b00000, 0x0000000083b00000| Untracked 
|  50|0x0000000083c00000, 0x0000000083c00000, 0x0000000083d00000|  0%| F|  |TAMS 0x0000000083c00000, 0x0000000083c00000| Untracked 
|  51|0x0000000083d00000, 0x0000000083d00000, 0x0000000083e00000|  0%| F|  |TAMS 0x0000000083d00000, 0x0000000083d00000| Untracked 
|  52|0x0000000083e00000, 0x0000000083e00000, 0x0000000083f00000|  0%| F|  |TAMS 0x0000000083e00000, 0x0000000083e00000| Untracked 
|  53|0x0000000083f00000, 0x0000000083f00000, 0x0000000084000000|  0%| F|  |TAMS 0x0000000083f00000, 0x0000000083f00000| Untracked 
|  54|0x0000000084000000, 0x0000000084000000, 0x0000000084100000|  0%| F|  |TAMS 0x0000000084000000, 0x0000000084000000| Untracked 
|  55|0x0000000084100000, 0x0000000084100000, 0x0000000084200000|  0%| F|  |TAMS 0x0000000084100000, 0x0000000084100000| Untracked 
|  56|0x0000000084200000, 0x0000000084200000, 0x0000000084300000|  0%| F|  |TAMS 0x0000000084200000, 0x0000000084200000| Untracked 
|  57|0x0000000084300000, 0x0000000084300000, 0x0000000084400000|  0%| F|  |TAMS 0x0000000084300000, 0x0000000084300000| Untracked 
|  58|0x0000000084400000, 0x0000000084400000, 0x0000000084500000|  0%| F|  |TAMS 0x0000000084400000, 0x0000000084400000| Untracked 
|  59|0x0000000084500000, 0x0000000084500000, 0x0000000084600000|  0%| F|  |TAMS 0x0000000084500000, 0x0000000084500000| Untracked 
|  60|0x0000000084600000, 0x0000000084600000, 0x0000000084700000|  0%| F|  |TAMS 0x0000000084600000, 0x0000000084600000| Untracked 
|  61|0x0000000084700000, 0x0000000084700000, 0x0000000084800000|  0%| F|  |TAMS 0x0000000084700000, 0x0000000084700000| Untracked 
|  62|0x0000000084800000, 0x0000000084800000, 0x0000000084900000|  0%| F|  |TAMS 0x0000000084800000, 0x0000000084800000| Untracked 
|  63|0x0000000084900000, 0x0000000084900000, 0x0000000084a00000|  0%| F|  |TAMS 0x0000000084900000, 0x0000000084900000| Untracked 
|  64|0x0000000084a00000, 0x0000000084a00000, 0x0000000084b00000|  0%| F|  |TAMS 0x0000000084a00000, 0x0000000084a00000| Untracked 
|  65|0x0000000084b00000, 0x0000000084b00000, 0x0000000084c00000|  0%| F|  |TAMS 0x0000000084b00000, 0x0000000084b00000| Untracked 
|  66|0x0000000084c00000, 0x0000000084c00000, 0x0000000084d00000|  0%| F|  |TAMS 0x0000000084c00000, 0x0000000084c00000| Untracked 
|  67|0x0000000084d00000, 0x0000000084d00000, 0x0000000084e00000|  0%| F|  |TAMS 0x0000000084d00000, 0x0000000084d00000| Untracked 
|  68|0x0000000084e00000, 0x0000000084e00000, 0x0000000084f00000|  0%| F|  |TAMS 0x0000000084e00000, 0x0000000084e00000| Untracked 
|  69|0x0000000084f00000, 0x0000000084f00000, 0x0000000085000000|  0%| F|  |TAMS 0x0000000084f00000, 0x0000000084f00000| Untracked 
|  70|0x0000000085000000, 0x0000000085000000, 0x0000000085100000|  0%| F|  |TAMS 0x0000000085000000, 0x0000000085000000| Untracked 
|  71|0x0000000085100000, 0x0000000085100000, 0x0000000085200000|  0%| F|  |TAMS 0x0000000085100000, 0x0000000085100000| Untracked 
|  72|0x0000000085200000, 0x0000000085200000, 0x0000000085300000|  0%| F|  |TAMS 0x0000000085200000, 0x0000000085200000| Untracked 
|  73|0x0000000085300000, 0x0000000085300000, 0x0000000085400000|  0%| F|  |TAMS 0x0000000085300000, 0x0000000085300000| Untracked 
|  74|0x0000000085400000, 0x0000000085400000, 0x0000000085500000|  0%| F|  |TAMS 0x0000000085400000, 0x0000000085400000| Untracked 
|  75|0x0000000085500000, 0x0000000085500000, 0x0000000085600000|  0%| F|  |TAMS 0x0000000085500000, 0x0000000085500000| Untracked 
|  76|0x0000000085600000, 0x0000000085600000, 0x0000000085700000|  0%| F|  |TAMS 0x0000000085600000, 0x0000000085600000| Untracked 
|  77|0x0000000085700000, 0x0000000085700000, 0x0000000085800000|  0%| F|  |TAMS 0x0000000085700000, 0x0000000085700000| Untracked 
|  78|0x0000000085800000, 0x0000000085800000, 0x0000000085900000|  0%| F|  |TAMS 0x0000000085800000, 0x0000000085800000| Untracked 
|  79|0x0000000085900000, 0x0000000085900000, 0x0000000085a00000|  0%| F|  |TAMS 0x0000000085900000, 0x0000000085900000| Untracked 
|  80|0x0000000085a00000, 0x0000000085a00000, 0x0000000085b00000|  0%| F|  |TAMS 0x0000000085a00000, 0x0000000085a00000| Untracked 
|  81|0x0000000085b00000, 0x0000000085b00000, 0x0000000085c00000|  0%| F|  |TAMS 0x0000000085b00000, 0x0000000085b00000| Untracked 
|  82|0x0000000085c00000, 0x0000000085c00000, 0x0000000085d00000|  0%| F|  |TAMS 0x0000000085c00000, 0x0000000085c00000| Untracked 
|  83|0x0000000085d00000, 0x0000000085d00000, 0x0000000085e00000|  0%| F|  |TAMS 0x0000000085d00000, 0x0000000085d00000| Untracked 
|  84|0x0000000085e00000, 0x0000000085e00000, 0x0000000085f00000|  0%| F|  |TAMS 0x0000000085e00000, 0x0000000085e00000| Untracked 
|  85|0x0000000085f00000, 0x0000000085f00000, 0x0000000086000000|  0%| F|  |TAMS 0x0000000085f00000, 0x0000000085f00000| Untracked 
|  86|0x0000000086000000, 0x0000000086000000, 0x0000000086100000|  0%| F|  |TAMS 0x0000000086000000, 0x0000000086000000| Untracked 
|  87|0x0000000086100000, 0x0000000086100000, 0x0000000086200000|  0%| F|  |TAMS 0x0000000086100000, 0x0000000086100000| Untracked 
|  88|0x0000000086200000, 0x0000000086200000, 0x0000000086300000|  0%| F|  |TAMS 0x0000000086200000, 0x0000000086200000| Untracked 
|  89|0x0000000086300000, 0x0000000086300000, 0x0000000086400000|  0%| F|  |TAMS 0x0000000086300000, 0x0000000086300000| Untracked 
|  90|0x0000000086400000, 0x0000000086400000, 0x0000000086500000|  0%| F|  |TAMS 0x0000000086400000, 0x0000000086400000| Untracked 
|  91|0x0000000086500000, 0x0000000086500000, 0x0000000086600000|  0%| F|  |TAMS 0x0000000086500000, 0x0000000086500000| Untracked 
|  92|0x0000000086600000, 0x0000000086600000, 0x0000000086700000|  0%| F|  |TAMS 0x0000000086600000, 0x0000000086600000| Untracked 
|  93|0x0000000086700000, 0x0000000086700000, 0x0000000086800000|  0%| F|  |TAMS 0x0000000086700000, 0x0000000086700000| Untracked 
|  94|0x0000000086800000, 0x0000000086800000, 0x0000000086900000|  0%| F|  |TAMS 0x0000000086800000, 0x0000000086800000| Untracked 
|  95|0x0000000086900000, 0x0000000086900000, 0x0000000086a00000|  0%| F|  |TAMS 0x0000000086900000, 0x0000000086900000| Untracked 
|  96|0x0000000086a00000, 0x0000000086a00000, 0x0000000086b00000|  0%| F|  |TAMS 0x0000000086a00000, 0x0000000086a00000| Untracked 
|  97|0x0000000086b00000, 0x0000000086b00000, 0x0000000086c00000|  0%| F|  |TAMS 0x0000000086b00000, 0x0000000086b00000| Untracked 
|  98|0x0000000086c00000, 0x0000000086c00000, 0x0000000086d00000|  0%| F|  |TAMS 0x0000000086c00000, 0x0000000086c00000| Untracked 
|  99|0x0000000086d00000, 0x0000000086d00000, 0x0000000086e00000|  0%| F|  |TAMS 0x0000000086d00000, 0x0000000086d00000| Untracked 
| 100|0x0000000086e00000, 0x0000000086e00000, 0x0000000086f00000|  0%| F|  |TAMS 0x0000000086e00000, 0x0000000086e00000| Untracked 
| 101|0x0000000086f00000, 0x0000000086f00000, 0x0000000087000000|  0%| F|  |TAMS 0x0000000086f00000, 0x0000000086f00000| Untracked 
| 102|0x0000000087000000, 0x0000000087100000, 0x0000000087100000|100%| S|CS|TAMS 0x0000000087000000, 0x0000000087000000| Complete 
| 103|0x0000000087100000, 0x0000000087200000, 0x0000000087200000|100%| S|CS|TAMS 0x0000000087100000, 0x0000000087100000| Complete 
| 104|0x0000000087200000, 0x0000000087300000, 0x0000000087300000|100%| S|CS|TAMS 0x0000000087200000, 0x0000000087200000| Complete 
| 105|0x0000000087300000, 0x0000000087300000, 0x0000000087400000|  0%| F|  |TAMS 0x0000000087300000, 0x0000000087300000| Untracked 
| 106|0x0000000087400000, 0x0000000087400000, 0x0000000087500000|  0%| F|  |TAMS 0x0000000087400000, 0x0000000087400000| Untracked 
| 107|0x0000000087500000, 0x0000000087500000, 0x0000000087600000|  0%| F|  |TAMS 0x0000000087500000, 0x0000000087500000| Untracked 
| 108|0x0000000087600000, 0x0000000087600000, 0x0000000087700000|  0%| F|  |TAMS 0x0000000087600000, 0x0000000087600000| Untracked 
| 109|0x0000000087700000, 0x0000000087700000, 0x0000000087800000|  0%| F|  |TAMS 0x0000000087700000, 0x0000000087700000| Untracked 
| 110|0x0000000087800000, 0x0000000087800000, 0x0000000087900000|  0%| F|  |TAMS 0x0000000087800000, 0x0000000087800000| Untracked 
| 111|0x0000000087900000, 0x0000000087900000, 0x0000000087a00000|  0%| F|  |TAMS 0x0000000087900000, 0x0000000087900000| Untracked 
| 112|0x0000000087a00000, 0x0000000087a00000, 0x0000000087b00000|  0%| F|  |TAMS 0x0000000087a00000, 0x0000000087a00000| Untracked 
| 113|0x0000000087b00000, 0x0000000087b00000, 0x0000000087c00000|  0%| F|  |TAMS 0x0000000087b00000, 0x0000000087b00000| Untracked 
| 114|0x0000000087c00000, 0x0000000087c00000, 0x0000000087d00000|  0%| F|  |TAMS 0x0000000087c00000, 0x0000000087c00000| Untracked 
| 115|0x0000000087d00000, 0x0000000087d00000, 0x0000000087e00000|  0%| F|  |TAMS 0x0000000087d00000, 0x0000000087d00000| Untracked 
| 116|0x0000000087e00000, 0x0000000087e00000, 0x0000000087f00000|  0%| F|  |TAMS 0x0000000087e00000, 0x0000000087e00000| Untracked 
| 117|0x0000000087f00000, 0x0000000087f00000, 0x0000000088000000|  0%| F|  |TAMS 0x0000000087f00000, 0x0000000087f00000| Untracked 
| 118|0x0000000088000000, 0x0000000088000000, 0x0000000088100000|  0%| F|  |TAMS 0x0000000088000000, 0x0000000088000000| Untracked 
| 119|0x0000000088100000, 0x0000000088100000, 0x0000000088200000|  0%| F|  |TAMS 0x0000000088100000, 0x0000000088100000| Untracked 
| 120|0x0000000088200000, 0x0000000088200000, 0x0000000088300000|  0%| F|  |TAMS 0x0000000088200000, 0x0000000088200000| Untracked 
| 121|0x0000000088300000, 0x0000000088300000, 0x0000000088400000|  0%| F|  |TAMS 0x0000000088300000, 0x0000000088300000| Untracked 
| 122|0x0000000088400000, 0x0000000088400000, 0x0000000088500000|  0%| F|  |TAMS 0x0000000088400000, 0x0000000088400000| Untracked 
| 123|0x0000000088500000, 0x0000000088500000, 0x0000000088600000|  0%| F|  |TAMS 0x0000000088500000, 0x0000000088500000| Untracked 
| 124|0x0000000088600000, 0x0000000088600000, 0x0000000088700000|  0%| F|  |TAMS 0x0000000088600000, 0x0000000088600000| Untracked 
| 125|0x0000000088700000, 0x0000000088700000, 0x0000000088800000|  0%| F|  |TAMS 0x0000000088700000, 0x0000000088700000| Untracked 
| 126|0x0000000088800000, 0x0000000088800000, 0x0000000088900000|  0%| F|  |TAMS 0x0000000088800000, 0x0000000088800000| Untracked 
| 127|0x0000000088900000, 0x0000000088a00000, 0x0000000088a00000|100%| E|  |TAMS 0x0000000088900000, 0x0000000088900000| Complete 

Card table byte_map: [0x0000024479120000,0x0000024479520000] _byte_map_base: 0x0000024478d1b000

Marking Bits (Prev, Next): (CMBitMap*) 0x0000024478954830, (CMBitMap*) 0x0000024478954870
 Prev Bits: [0x0000024479920000, 0x000002447b8f8000)
 Next Bits: [0x000002447b900000, 0x000002447d8d8000)

Polling page: 0x0000024476860000

Metaspace:

Usage:
  Non-class:      7.50 MB capacity,     5.09 MB ( 68%) used,     2.40 MB ( 32%) free+waste,     7.12 KB ( <1%) overhead. 
      Class:    581.00 KB capacity,   288.19 KB ( 50%) used,   290.44 KB ( 50%) free+waste,     2.38 KB ( <1%) overhead. 
       Both:      8.07 MB capacity,     5.37 MB ( 67%) used,     2.69 MB ( 33%) free+waste,     9.50 KB ( <1%) overhead. 

Virtual space:
  Non-class space:        8.00 MB reserved,       7.75 MB ( 97%) committed 
      Class space:        1.00 GB reserved,     640.00 KB ( <1%) committed 
             Both:        1.01 GB reserved,       8.38 MB ( <1%) committed 

Chunk freelists:
   Non-Class:  64.00 KB
       Class:  27.00 KB
        Both:  91.00 KB

MaxMetaspaceSize: 17179869184.00 GB
CompressedClassSpaceSize: 1.00 GB

CodeHeap 'non-profiled nmethods': size=120000Kb used=418Kb max_used=418Kb free=119581Kb
 bounds [0x000002440fc30000, 0x000002440fea0000, 0x0000024417160000]
CodeHeap 'profiled nmethods': size=120000Kb used=1508Kb max_used=1508Kb free=118491Kb
 bounds [0x0000024408700000, 0x0000024408970000, 0x000002440fc30000]
CodeHeap 'non-nmethods': size=5760Kb used=1559Kb max_used=1583Kb free=4200Kb
 bounds [0x0000024408160000, 0x00000244083d0000, 0x0000024408700000]
 total_blobs=1941 nmethods=1003 adapters=852
 compilation: enabled
              stopped_count=0, restarted_count=0
 full_count=0

Compilation events (20 events):
Event: 1.279 Thread 0x000002441bd3af80  994   !   4       java.nio.CharBuffer::wrap (21 bytes)
Event: 1.281 Thread 0x0000024417536300  995       4       java.nio.ByteBuffer::flip (7 bytes)
Event: 1.282 Thread 0x0000024417536300 nmethod 995 0x000002440fc89510 code [0x000002440fc89680, 0x000002440fc896f8]
Event: 1.283 Thread 0x000002441bd3af80 nmethod 994 0x000002440fc89810 code [0x000002440fc899a0, 0x000002440fc89c18]
Event: 1.285 Thread 0x000002441bd3af80  996   !   4       java.io.BufferedWriter::flushBuffer (53 bytes)
Event: 1.287 Thread 0x0000024417536300  997   !   4       java.io.PrintStream::println (44 bytes)
Event: 1.305 Thread 0x000002441bd3af80 nmethod 996 0x000002440fc89f10 code [0x000002440fc8a0e0, 0x000002440fc8acd8]
Event: 1.305 Thread 0x000002441bd3af80  998   !   4       java.io.PrintStream::writeln (81 bytes)
Event: 1.336 Thread 0x000002441bd3af80 nmethod 998 0x000002440fc8c190 code [0x000002440fc8c400, 0x000002440fc8e588]
Event: 1.336 Thread 0x000002441bd3af80  999       4       jdk.internal.util.Preconditions::checkFromIndexSize (25 bytes)
Event: 1.336 Thread 0x000002441bd3af80 nmethod 999 0x000002440fc8fa90 code [0x000002440fc8fc00, 0x000002440fc8fc98]
Event: 1.353 Thread 0x000002441bd3af80 1000       4       educanet.Game::updateSquareColors (55 bytes)
Event: 1.361 Thread 0x0000024417536300 nmethod 997 0x000002440fc8fd90 code [0x000002440fc90060, 0x000002440fc928f8]
Event: 1.361 Thread 0x0000024417536300 1001       4       educanet.Game::drawSquare (9 bytes)
Event: 1.364 Thread 0x000002441bd3af80 nmethod 1000 0x000002440fc95010 code [0x000002440fc95200, 0x000002440fc95838]
Event: 1.364 Thread 0x000002441bd3af80 1002       4       educanet.models.Square::draw (25 bytes)
Event: 1.374 Thread 0x0000024417536300 nmethod 1001 0x000002440fc95c90 code [0x000002440fc95e80, 0x000002440fc96310]
Event: 1.374 Thread 0x0000024417536300 1003       4       educanet.models.Square::update (62 bytes)
Event: 1.375 Thread 0x000002441bd3af80 nmethod 1002 0x000002440fc96c10 code [0x000002440fc96e00, 0x000002440fc97290]
Event: 1.382 Thread 0x0000024417536300 nmethod 1003 0x000002440fc97b90 code [0x000002440fc97d80, 0x000002440fc981b0]

GC Heap History (2 events):
Event: 1.920 GC heap before
{Heap before GC invocations=0 (full 0):
 garbage-first heap   total 131072K, used 23552K [0x0000000080a00000, 0x0000000100000000)
  region size 1024K, 23 young (23552K), 0 survivors (0K)
 Metaspace       used 5498K, capacity 8261K, committed 8576K, reserved 1056768K
  class space    used 288K, capacity 581K, committed 640K, reserved 1048576K
}
Event: 1.932 GC heap after
{Heap after GC invocations=1 (full 0):
 garbage-first heap   total 131072K, used 4501K [0x0000000080a00000, 0x0000000100000000)
  region size 1024K, 3 young (3072K), 3 survivors (3072K)
 Metaspace       used 5498K, capacity 8261K, committed 8576K, reserved 1056768K
  class space    used 288K, capacity 581K, committed 640K, reserved 1048576K
}

Deoptimization events (20 events):
Event: 0.234 Thread 0x0000024478912f80 DEOPT PACKING pc=0x000002440fc36858 sp=0x000000e788dfbc70
Event: 0.234 Thread 0x0000024478912f80 DEOPT UNPACKING pc=0x00000244081ae12f sp=0x000000e788dfbc00 mode 2
Event: 0.815 Thread 0x0000024478912f80 Uncommon trap: trap_request=0xffffff54 fr.pc=0x000002440fc568e0 relative=0x0000000000000060
Event: 0.815 Thread 0x0000024478912f80 Uncommon trap: reason=speculate_null_assert action=make_not_entrant pc=0x000002440fc568e0 method=sun.misc.Unsafe.putLong(Ljava/lang/Object;JJ)V @ 7 c2
Event: 0.815 Thread 0x0000024478912f80 DEOPT PACKING pc=0x000002440fc568e0 sp=0x000000e788dff0d0
Event: 0.815 Thread 0x0000024478912f80 DEOPT UNPACKING pc=0x00000244081ae12f sp=0x000000e788dff048 mode 2
Event: 0.871 Thread 0x0000024478912f80 DEOPT PACKING pc=0x000002440873465f sp=0x000000e788dfdc50
Event: 0.871 Thread 0x0000024478912f80 DEOPT UNPACKING pc=0x00000244081adf3f sp=0x000000e788dfd0a0 mode 0
Event: 0.965 Thread 0x0000024478912f80 Uncommon trap: trap_request=0xffffff45 fr.pc=0x000002440fc34f90 relative=0x0000000000000070
Event: 0.965 Thread 0x0000024478912f80 Uncommon trap: reason=unstable_if action=reinterpret pc=0x000002440fc34f90 method=java.lang.String.isLatin1()Z @ 10 c2
Event: 0.965 Thread 0x0000024478912f80 DEOPT PACKING pc=0x000002440fc34f90 sp=0x000000e788dfef10
Event: 0.965 Thread 0x0000024478912f80 DEOPT UNPACKING pc=0x00000244081ae12f sp=0x000000e788dfee50 mode 2
Event: 0.991 Thread 0x0000024478912f80 Uncommon trap: trap_request=0xffffff54 fr.pc=0x000002440fc6d458 relative=0x0000000000000058
Event: 0.991 Thread 0x0000024478912f80 Uncommon trap: reason=speculate_null_assert action=make_not_entrant pc=0x000002440fc6d458 method=sun.misc.Unsafe.getLong(Ljava/lang/Object;J)J @ 5 c2
Event: 0.991 Thread 0x0000024478912f80 DEOPT PACKING pc=0x000002440fc6d458 sp=0x000000e788dff230
Event: 0.991 Thread 0x0000024478912f80 DEOPT UNPACKING pc=0x00000244081ae12f sp=0x000000e788dff1b8 mode 2
Event: 1.149 Thread 0x0000024478912f80 DEOPT PACKING pc=0x0000024408862b1f sp=0x000000e788dfeec0
Event: 1.149 Thread 0x0000024478912f80 DEOPT UNPACKING pc=0x00000244081adf3f sp=0x000000e788dfe438 mode 0
Event: 1.153 Thread 0x0000024478912f80 DEOPT PACKING pc=0x0000024408862b1f sp=0x000000e788dfeec0
Event: 1.153 Thread 0x0000024478912f80 DEOPT UNPACKING pc=0x00000244081adf3f sp=0x000000e788dfe438 mode 0

Classes unloaded (0 events):
No events

Classes redefined (0 events):
No events

Internal exceptions (16 events):
Event: 0.145 Thread 0x0000024478912f80 Exception <a 'java/lang/NoSuchMethodError'{0x0000000088779380}: 'java.lang.Object java.lang.invoke.DirectMethodHandle$Holder.invokeStatic(java.lang.Object)'> (0x0000000088779380) 
thrown [./open/src/hotspot/share/interpreter/linkResolver.cpp, line 782]
Event: 0.146 Thread 0x0000024478912f80 Exception <a 'java/lang/NoSuchMethodError'{0x00000000887885f8}: 'java.lang.Object java.lang.invoke.DirectMethodHandle$Holder.invokeStaticInit(java.lang.Object)'> (0x00000000887885f8) 
thrown [./open/src/hotspot/share/interpreter/linkResolver.cpp, line 782]
Event: 0.160 Thread 0x0000024478912f80 Exception <a 'java/lang/NoSuchMethodError'{0x00000000887dcbc8}: 'void java.lang.invoke.DirectMethodHandle$Holder.invokeStatic(java.lang.Object, java.lang.Object)'> (0x00000000887dcbc8) 
thrown [./open/src/hotspot/share/interpreter/linkResolver.cpp, line 782]
Event: 0.161 Thread 0x0000024478912f80 Exception <a 'java/lang/NoSuchMethodError'{0x00000000887e2500}: 'void java.lang.invoke.DirectMethodHandle$Holder.invokeSpecial(java.lang.Object, java.lang.Object, java.lang.Object)'> (0x00000000887e2500) 
thrown [./open/src/hotspot/share/interpreter/linkResolver.cpp, line 782]
Event: 0.165 Thread 0x0000024478912f80 Exception <a 'java/lang/NoSuchMethodError'{0x00000000887f7170}: 'java.lang.Object java.lang.invoke.DirectMethodHandle$Holder.invokeStatic(java.lang.Object, java.lang.Object, int)'> (0x00000000887f7170) 
thrown [./open/src/hotspot/share/interpreter/linkResolver.cpp, line 782]
Event: 0.167 Thread 0x0000024478912f80 Exception <a 'java/lang/NoSuchMethodError'{0x00000000886039d8}: 'void java.lang.invoke.DelegatingMethodHandle$Holder.delegate(java.lang.Object, java.lang.Object, int, java.lang.Object)'> (0x00000000886039d8) 
thrown [./open/src/hotspot/share/interpreter/linkResolver.cpp, line 782]
Event: 0.167 Thread 0x0000024478912f80 Exception <a 'java/lang/NoSuchMethodError'{0x0000000088607d20}: 'int java.lang.invoke.DirectMethodHandle$Holder.invokeSpecial(java.lang.Object, java.lang.Object, java.lang.Object)'> (0x0000000088607d20) 
thrown [./open/src/hotspot/share/interpreter/linkResolver.cpp, line 782]
Event: 0.215 Thread 0x0000024478912f80 Exception <a 'sun/nio/fs/WindowsException'{0x00000000886a3638}> (0x00000000886a3638) 
thrown [./open/src/hotspot/share/prims/jni.cpp, line 578]
Event: 0.216 Thread 0x0000024478912f80 Exception <a 'sun/nio/fs/WindowsException'{0x00000000886a3b90}> (0x00000000886a3b90) 
thrown [./open/src/hotspot/share/prims/jni.cpp, line 578]
Event: 0.269 Thread 0x0000024478912f80 Exception <a 'sun/nio/fs/WindowsException'{0x00000000885d7718}> (0x00000000885d7718) 
thrown [./open/src/hotspot/share/prims/jni.cpp, line 578]
Event: 0.269 Thread 0x0000024478912f80 Exception <a 'sun/nio/fs/WindowsException'{0x00000000885d7a88}> (0x00000000885d7a88) 
thrown [./open/src/hotspot/share/prims/jni.cpp, line 578]
Event: 0.760 Thread 0x0000024478912f80 Exception <a 'sun/nio/fs/WindowsException'{0x000000008845a8b8}> (0x000000008845a8b8) 
thrown [./open/src/hotspot/share/prims/jni.cpp, line 578]
Event: 0.760 Thread 0x0000024478912f80 Exception <a 'sun/nio/fs/WindowsException'{0x000000008845ac68}> (0x000000008845ac68) 
thrown [./open/src/hotspot/share/prims/jni.cpp, line 578]
Event: 0.766 Thread 0x0000024478912f80 Exception <a 'sun/nio/fs/WindowsException'{0x0000000088468dd8}> (0x0000000088468dd8) 
thrown [./open/src/hotspot/share/prims/jni.cpp, line 578]
Event: 0.766 Thread 0x0000024478912f80 Exception <a 'sun/nio/fs/WindowsException'{0x00000000884690c0}> (0x00000000884690c0) 
thrown [./open/src/hotspot/share/prims/jni.cpp, line 578]
Event: 0.960 Thread 0x0000024478912f80 Exception <a 'java/lang/NoSuchMethodError'{0x0000000087d0da28}: 'void java.lang.invoke.DirectMethodHandle$Holder.invokeStatic(java.lang.Object, long, int, int)'> (0x0000000087d0da28) 
thrown [./open/src/hotspot/share/interpreter/linkResolver.cpp, line 782]

Events (20 events):
Event: 0.973 loading class java/lang/invoke/BoundMethodHandle$Species_LJ done
Event: 0.974 loading class java/lang/invoke/BoundMethodHandle$Species_LLLLLL
Event: 0.974 loading class java/lang/invoke/BoundMethodHandle$Species_LLLLLL done
Event: 0.998 Loaded shared library C:\Users\teuby\AppData\Local\Temp\lwjglteuby\3.2.3-build-13\lwjgl_opengl.dll
Event: 1.001 Loaded shared library C:\Users\teuby\AppData\Local\Temp\lwjglteuby\3.2.3-build-13\lwjgl_opengl.dll
Event: 1.004 Loaded shared library C:\Users\teuby\AppData\Local\Temp\lwjglteuby\3.2.3-build-13\lwjgl_opengl.dll
Event: 1.014 Loaded shared library C:\Users\teuby\AppData\Local\Temp\lwjglteuby\3.2.3-build-13\lwjgl_opengl.dll
Event: 1.016 Loaded shared library C:\Users\teuby\AppData\Local\Temp\lwjglteuby\3.2.3-build-13\lwjgl_opengl.dll
Event: 1.017 Loaded shared library C:\Users\teuby\AppData\Local\Temp\lwjglteuby\3.2.3-build-13\lwjgl.dll
Event: 1.023 Loaded shared library C:\Users\teuby\AppData\Local\Temp\lwjglteuby\3.2.3-build-13\lwjgl_opengl.dll
Event: 1.025 Loaded shared library C:\Users\teuby\AppData\Local\Temp\lwjglteuby\3.2.3-build-13\lwjgl_opengl.dll
Event: 1.041 loading class jdk/internal/access/foreign/MemorySegmentProxy
Event: 1.041 loading class jdk/internal/access/foreign/MemorySegmentProxy done
Event: 1.053 loading class jdk/internal/math/FDBigInteger
Event: 1.053 loading class jdk/internal/math/FDBigInteger done
Event: 1.086 Loaded shared library C:\Users\teuby\AppData\Local\Temp\lwjglteuby\3.2.3-build-13\lwjgl_opengl.dll
Event: 1.780 Executing VM operation: HandshakeAllThreads
Event: 1.781 Executing VM operation: HandshakeAllThreads done
Event: 1.920 Executing VM operation: G1CollectForAllocation
Event: 1.932 Executing VM operation: G1CollectForAllocation done


Dynamic libraries:
0x00007ff6d79d0000 - 0x00007ff6d79df000 	C:\Program Files\Java\jdk-15.0.1\bin\java.exe
0x00007ffef4170000 - 0x00007ffef4365000 	C:\Windows\SYSTEM32\ntdll.dll
0x00007ffef3fa0000 - 0x00007ffef405d000 	C:\Windows\System32\KERNEL32.DLL
0x00007ffef1f00000 - 0x00007ffef21c9000 	C:\Windows\System32\KERNELBASE.dll
0x00007ffef1db0000 - 0x00007ffef1eb0000 	C:\Windows\System32\ucrtbase.dll
0x00007ffee6340000 - 0x00007ffee6358000 	C:\Program Files\Java\jdk-15.0.1\bin\jli.dll
0x00007ffee6140000 - 0x00007ffee6159000 	C:\Program Files\Java\jdk-15.0.1\bin\VCRUNTIME140.dll
0x00007ffef3810000 - 0x00007ffef38bc000 	C:\Windows\System32\ADVAPI32.dll
0x00007ffef21d0000 - 0x00007ffef226e000 	C:\Windows\System32\msvcrt.dll
0x00007ffef2950000 - 0x00007ffef29ec000 	C:\Windows\System32\sechost.dll
0x00007ffef29f0000 - 0x00007ffef2b1b000 	C:\Windows\System32\RPCRT4.dll
0x00007ffef2290000 - 0x00007ffef2430000 	C:\Windows\System32\USER32.dll
0x00007ffef1c70000 - 0x00007ffef1c92000 	C:\Windows\System32\win32u.dll
0x00007ffed71b0000 - 0x00007ffed744a000 	C:\Windows\WinSxS\amd64_microsoft.windows.common-controls_6595b64144ccf1df_6.0.19041.844_none_ca00b6081b84eb1d\COMCTL32.dll
0x00007ffef2560000 - 0x00007ffef258a000 	C:\Windows\System32\GDI32.dll
0x00007ffef18b0000 - 0x00007ffef19bb000 	C:\Windows\System32\gdi32full.dll
0x00007ffef1b50000 - 0x00007ffef1bed000 	C:\Windows\System32\msvcp_win.dll
0x00007ffee8e80000 - 0x00007ffee8e8a000 	C:\Windows\SYSTEM32\VERSION.dll
0x00007ffef3ec0000 - 0x00007ffef3ef0000 	C:\Windows\System32\IMM32.DLL
0x00007ffee4670000 - 0x00007ffee467c000 	C:\Program Files\Java\jdk-15.0.1\bin\vcruntime140_1.dll
0x00007ffee3510000 - 0x00007ffee35a1000 	C:\Program Files\Java\jdk-15.0.1\bin\msvcp140.dll
0x00007ffe86480000 - 0x00007ffe86fde000 	C:\Program Files\Java\jdk-15.0.1\bin\server\jvm.dll
0x00007ffef3d90000 - 0x00007ffef3d98000 	C:\Windows\System32\PSAPI.DLL
0x00007ffee8e50000 - 0x00007ffee8e77000 	C:\Windows\SYSTEM32\WINMM.dll
0x00007ffeed440000 - 0x00007ffeed449000 	C:\Windows\SYSTEM32\WSOCK32.dll
0x00007ffef40c0000 - 0x00007ffef412b000 	C:\Windows\System32\WS2_32.dll
0x00007ffeef810000 - 0x00007ffeef822000 	C:\Windows\SYSTEM32\kernel.appcore.dll
0x00007ffee45d0000 - 0x00007ffee45da000 	C:\Program Files\Java\jdk-15.0.1\bin\jimage.dll
0x00007ffee9220000 - 0x00007ffee9404000 	C:\Windows\SYSTEM32\DBGHELP.DLL
0x00007ffed7a70000 - 0x00007ffed7a9c000 	C:\Windows\SYSTEM32\dbgcore.DLL
0x00007ffef1bf0000 - 0x00007ffef1c70000 	C:\Windows\System32\bcryptPrimitives.dll
0x00007ffee2f60000 - 0x00007ffee2f85000 	C:\Program Files\Java\jdk-15.0.1\bin\java.dll
0x00007ffef2c50000 - 0x00007ffef3392000 	C:\Windows\System32\SHELL32.dll
0x00007ffeefa10000 - 0x00007ffef01a0000 	C:\Windows\SYSTEM32\windows.storage.dll
0x00007ffef25f0000 - 0x00007ffef2945000 	C:\Windows\System32\combase.dll
0x00007ffef1320000 - 0x00007ffef134c000 	C:\Windows\SYSTEM32\Wldp.dll
0x00007ffef3ef0000 - 0x00007ffef3f9e000 	C:\Windows\System32\SHCORE.dll
0x00007ffef3ad0000 - 0x00007ffef3b25000 	C:\Windows\System32\shlwapi.dll
0x00007ffef17f0000 - 0x00007ffef180f000 	C:\Windows\SYSTEM32\profapi.dll
0x00007ffee3dc0000 - 0x00007ffee3dd9000 	C:\Program Files\Java\jdk-15.0.1\bin\net.dll
0x00007ffeeb140000 - 0x00007ffeeb24c000 	C:\Windows\SYSTEM32\WINHTTP.dll
0x00007ffef10a0000 - 0x00007ffef110a000 	C:\Windows\system32\mswsock.dll
0x00007ffee3300000 - 0x00007ffee3312000 	C:\Program Files\Java\jdk-15.0.1\bin\nio.dll
0x00007ffee2f40000 - 0x00007ffee2f58000 	C:\Program Files\Java\jdk-15.0.1\bin\zip.dll
0x00007ffeda710000 - 0x00007ffeda774000 	C:\Users\teuby\AppData\Local\Temp\lwjglteuby\3.2.3-build-13\lwjgl.dll
0x00007ffeda560000 - 0x00007ffeda5c2000 	C:\Users\teuby\AppData\Local\Temp\lwjglteuby\3.2.3-build-13\glfw.dll
0x00007ffeef330000 - 0x00007ffeef3ce000 	C:\Windows\system32\uxtheme.dll
0x00007ffee4800000 - 0x00007ffee4845000 	C:\Windows\SYSTEM32\dinput8.dll
0x00007ffee2bc0000 - 0x00007ffee2bd1000 	C:\Windows\SYSTEM32\xinput1_4.dll
0x00007ffef1eb0000 - 0x00007ffef1efe000 	C:\Windows\System32\cfgmgr32.dll
0x00007ffef1660000 - 0x00007ffef168c000 	C:\Windows\SYSTEM32\DEVOBJ.dll
0x00007ffeef520000 - 0x00007ffeef54f000 	C:\Windows\SYSTEM32\dwmapi.dll
0x00007ffee4eb0000 - 0x00007ffee5002000 	C:\Windows\SYSTEM32\inputhost.dll
0x00007ffef3b30000 - 0x00007ffef3bfd000 	C:\Windows\System32\OLEAUT32.dll
0x00007ffeed150000 - 0x00007ffeed247000 	C:\Windows\SYSTEM32\PROPSYS.dll
0x00007ffeeef50000 - 0x00007ffeef042000 	C:\Windows\SYSTEM32\CoreMessaging.dll
0x00007ffeed7b0000 - 0x00007ffeed904000 	C:\Windows\SYSTEM32\wintypes.dll
0x00007ffeeeb10000 - 0x00007ffeeee6e000 	C:\Windows\SYSTEM32\CoreUIComponents.dll
0x00007ffef05e0000 - 0x00007ffef0613000 	C:\Windows\SYSTEM32\ntmarta.dll
0x00007ffef3da0000 - 0x00007ffef3eb5000 	C:\Windows\System32\MSCTF.dll
0x00007ffef01a0000 - 0x00007ffef01ad000 	C:\Windows\SYSTEM32\HID.DLL
0x00007ffef33a0000 - 0x00007ffef3809000 	C:\Windows\System32\SETUPAPI.DLL
0x00007ffef19c0000 - 0x00007ffef19e7000 	C:\Windows\System32\bcrypt.dll
0x00007ffef1ca0000 - 0x00007ffef1d00000 	C:\Windows\System32\WINTRUST.dll
0x00007ffef19f0000 - 0x00007ffef1b4f000 	C:\Windows\System32\CRYPT32.dll
0x00007ffef14a0000 - 0x00007ffef14b2000 	C:\Windows\SYSTEM32\MSASN1.dll
0x00007ffebad00000 - 0x00007ffebae26000 	C:\Windows\SYSTEM32\opengl32.dll
0x00007ffecb260000 - 0x00007ffecb28c000 	C:\Windows\SYSTEM32\GLU32.dll
0x00007ffef24b0000 - 0x00007ffef2559000 	C:\Windows\System32\clbcatq.dll
0x00007ffecb490000 - 0x00007ffecb4ba000 	C:\Windows\System32\DriverStore\FileRepository\u0359160.inf_amd64_2abe2598d9a3141f\B358802\atig6pxx.dll
0x00007ffe8c710000 - 0x00007ffe8f422000 	C:\Windows\System32\DriverStore\FileRepository\u0359160.inf_amd64_2abe2598d9a3141f\B358802\atio6axx.dll
0x00007ffef2b20000 - 0x00007ffef2c4a000 	C:\Windows\System32\ole32.dll
0x00007ffec1ae0000 - 0x00007ffec1b04000 	C:\Windows\SYSTEM32\dxva2.dll
0x00007ffecb570000 - 0x00007ffecb5ac000 	C:\Windows\System32\DriverStore\FileRepository\u0359160.inf_amd64_2abe2598d9a3141f\B358802\atig6txx.dll
0x00007ffeaa120000 - 0x00007ffeaa2dc000 	C:\Windows\SYSTEM32\atiadlxx.dll
0x00007ffee91e0000 - 0x00007ffee921b000 	C:\Windows\SYSTEM32\dxcore.dll
0x00007ffee5010000 - 0x00007ffee510b000 	C:\Windows\SYSTEM32\textinputframework.dll
0x00007ffeda630000 - 0x00007ffeda689000 	C:\Users\teuby\AppData\Local\Temp\lwjglteuby\3.2.3-build-13\lwjgl_opengl.dll

dbghelp: loaded successfully - version: 4.0.5 - missing functions: none
symbol engine: initialized successfully - sym options: 0x614 - pdb path: .;C:\Program Files\Java\jdk-15.0.1\bin;C:\Windows\SYSTEM32;C:\Windows\WinSxS\amd64_microsoft.windows.common-controls_6595b64144ccf1df_6.0.19041.844_none_ca00b6081b84eb1d;C:\Program Files\Java\jdk-15.0.1\bin\server;C:\Users\teuby\AppData\Local\Temp\lwjglteuby\3.2.3-build-13;C:\Windows\System32\DriverStore\FileRepository\u0359160.inf_amd64_2abe2598d9a3141f\B358802

VM Arguments:
jvm_args: -Dfile.encoding=windows-1250 -Duser.country=CZ -Duser.language=cs -Duser.variant 
java_command: educanet.Main
java_class_path (initial): D:\skola\GDV\OpenGl\maze\build\classes\java\main;D:\skola\GDV\OpenGl\maze\build\resources\main;C:\Users\teuby\.gradle\caches\modules-2\files-2.1\org.lwjgl\lwjgl-assimp\3.2.3\f62aa07a20afbdd3097efc296c4841e0d29700eb\lwjgl-assimp-3.2.3.jar;C:\Users\teuby\.gradle\caches\modules-2\files-2.1\org.lwjgl\lwjgl-assimp\3.2.3\4e60aeb75f0343c4a9ede4ef8b6b32ca702a00a3\lwjgl-assimp-3.2.3-natives-windows.jar;C:\Users\teuby\.gradle\caches\modules-2\files-2.1\org.lwjgl\lwjgl-glfw\3.2.3\5e520d5c290c8b012545a8d34fa5db5ab051ea53\lwjgl-glfw-3.2.3.jar;C:\Users\teuby\.gradle\caches\modules-2\files-2.1\org.lwjgl\lwjgl-glfw\3.2.3\b4d8a3477cdc2edcf7a5f1e822926be846223f54\lwjgl-glfw-3.2.3-natives-windows.jar;C:\Users\teuby\.gradle\caches\modules-2\files-2.1\org.lwjgl\lwjgl-openal\3.2.3\106742e805803ab9eab8e343f0fb31a3d263903c\lwjgl-openal-3.2.3.jar;C:\Users\teuby\.gradle\caches\modules-2\files-2.1\org.lwjgl\lwjgl-openal\3.2.3\ec898e8ce11b5886f4f532a1536283ef2817758d\lwjgl-openal-3.2.3-natives-windows.jar;C:\Users\teuby\.gradle\caches\modules-2\files-2.1\org.lwjgl\lwjgl-opengl\3.2.3\bdd534a323d0c8f54969b95e424b6ac8984f7d6e\lwjgl-opengl-3.2.3.jar;C:\Users\teuby\.gradle\caches\modules-2\files-2.1\org.lwjgl\lwjgl-opengl\3.2.3\e81cfc73ec8708e5e791ed770e4ec3edfc1bbab1\lwjgl-opengl-3.2.3-natives-windows.jar;C:\Users\teuby\.gradle\caches\modules-2\files-2.1\org.lwjgl\lwjgl-stb\3.2.3\40eccaa4fa86fc815f2e17946a392fb5fdcc286a\lwjgl-stb-3.2.3.jar;C:\Users\teuby\.gradle\caches\modules-2\files-2.1\org.lwjgl\lwjgl-stb\3.2.3\817b21ec286f0ba3dcedb56a3bd275e6a9345be9\lwjgl-stb-3.2.3-natives-windows.jar;C:\Users\teuby\.gradle\caches\modules-2\files-2.1\org.lwjgl\lwjgl\3.2.3\17a59ba0fe8d474ec9dbe0d5db40d2cfe59c4c08\lwjgl-3.2.3.jar;C:\Users\teuby\.gradle\caches\modules-2\files-2.1\org.lwjgl\lwjgl\3.2.3\27f32cd35349684745951e04388e8e00d681cdcd\lwjgl-3.2.3-natives-windows.jar;C:\Users\teuby\.gradle\caches\modules-2\files-2.1\org.jetbrains\annotations\20.1.0\2fcd1f3225bca0c4a7bc931142076
Launcher Type: SUN_STANDARD

[Global flags]
     intx CICompilerCount                          = 4                                         {product} {ergonomic}
     uint ConcGCThreads                            = 2                                         {product} {ergonomic}
     uint G1ConcRefinementThreads                  = 8                                         {product} {ergonomic}
   size_t G1HeapRegionSize                         = 1048576                                   {product} {ergonomic}
    uintx GCDrainStackTargetSize                   = 64                                        {product} {ergonomic}
   size_t InitialHeapSize                          = 134217728                                 {product} {ergonomic}
   size_t MarkStackSize                            = 4194304                                   {product} {ergonomic}
   size_t MaxHeapSize                              = 2136997888                                {product} {ergonomic}
   size_t MaxNewSize                               = 1281359872                                {product} {ergonomic}
   size_t MinHeapDeltaBytes                        = 1048576                                   {product} {ergonomic}
   size_t MinHeapSize                              = 8388608                                   {product} {ergonomic}
    uintx NonNMethodCodeHeapSize                   = 5839372                                {pd product} {ergonomic}
    uintx NonProfiledCodeHeapSize                  = 122909434                              {pd product} {ergonomic}
    uintx ProfiledCodeHeapSize                     = 122909434                              {pd product} {ergonomic}
    uintx ReservedCodeCacheSize                    = 251658240                              {pd product} {ergonomic}
     bool SegmentedCodeCache                       = true                                      {product} {ergonomic}
   size_t SoftMaxHeapSize                          = 2136997888                             {manageable} {ergonomic}
     bool UseCompressedClassPointers               = true                                 {lp64_product} {ergonomic}
     bool UseCompressedOops                        = true                                 {lp64_product} {ergonomic}
     bool UseG1GC                                  = true                                      {product} {ergonomic}
     bool UseLargePagesIndividualAllocation        = false                                  {pd product} {ergonomic}

Logging:
Log output configuration:
 #0: stdout all=warning uptime,level,tags
 #1: stderr all=off uptime,level,tags

Environment Variables:
PATH=C:\Program Files\Java\jdk-15.0.1\bin;C:\Program Files (x86)\Common Files\Oracle\Java\javapath;C:\Windows\system32;C:\Windows;C:\Windows\System32\Wbem;C:\Windows\System32\WindowsPowerShell\v1.0\;C:\Windows\System32\OpenSSH\;C:\Program Files\Git\cmd;C:\Program Files\nodejs\;C:\Gradle\gradle-6.8.2\bin;C:\wildfly-22.0.0.Final\bin;C:\maven\apache-maven-3.6.3\bin;C:\Users\teuby\AppData\Local\Microsoft\WindowsApps;C:\Users\teuby\AppData\Local\Programs\Microsoft VS Code\bin;C:\Users\teuby\AppData\Roaming\npm;C:\Users\teuby\AppData\Local\GitHubDesktop\bin;C:\Program Files\JetBrains\IntelliJ IDEA 2020.3.2\bin;
USERNAME=teuby
OS=Windows_NT
PROCESSOR_IDENTIFIER=AMD64 Family 21 Model 2 Stepping 0, AuthenticAMD



---------------  S Y S T E M  ---------------

OS:
 Windows 10 , 64 bit Build 19041 (10.0.19041.804)
OS uptime: 2 days 7:20 hours

CPU: total 8 (initial active 8) (8 cores per cpu, 1 threads per core) family 21 model 2 stepping 0 microcode 0x0, cmov, cx8, fxsr, mmx, sse, sse2, sse3, ssse3, sse4.1, sse4.2, popcnt, vzeroupper, avx, aes, clmul, 3dnowpref, lzcnt, sse4a, tsc, tscinvbit, tscinv, bmi1, fma, clflush

Memory: 4k page, system-wide physical 8149M (1817M free)
TotalPageFile size 22485M (AvailPageFile size 8762M)
current process WorkingSet (physical memory assigned to process): 126M, peak: 133M
current process commit charge ("private bytes"): 315M, peak: 324M

vm_info: Java HotSpot(TM) 64-Bit Server VM (15.0.1+9-18) for windows-amd64 JRE (15.0.1+9-18), built on Sep 15 2020 14:43:54 by "mach5one" with unknown MS VC++:1925

END.
