#
# A fatal error has been detected by the Java Runtime Environment:
#
#  EXCEPTION_ACCESS_VIOLATION (0xc0000005) at pc=0x00007ffe8eed5030, pid=22388, tid=14388
#
# JRE version: Java(TM) SE Runtime Environment (15.0.1+9) (build 15.0.1+9-18)
# Java VM: Java HotSpot(TM) 64-Bit Server VM (15.0.1+9-18, mixed mode, sharing, tiered, compressed oops, g1 gc, windows-amd64)
# Problematic frame:
# C  [atio6axx.dll+0x27c5030]
#
# No core dump will be written. Minidumps are not enabled by default on client versions of Windows
#
# If you would like to submit a bug report, please visit:
#   https://bugreport.java.com/bugreport/crash.jsp
# The crash happened outside the Java Virtual Machine in native code.
# See problematic frame for where to report the bug.
#

---------------  S U M M A R Y ------------

Command Line: -Dfile.encoding=windows-1250 -Duser.country=CZ -Duser.language=cs -Duser.variant educanet.Main

Host: AMD FX(tm)-8350 Eight-Core Processor           , 8 cores, 7G,  Windows 10 , 64 bit Build 19041 (10.0.19041.804)
Time: Wed Mar 17 00:36:38 2021 Støední Evropa (bìžný èas) elapsed time: 2.259254 seconds (0d 0h 0m 2s)

---------------  T H R E A D  ---------------

Current thread (0x00000182dbaa1ef0):  JavaThread "main" [_thread_in_native, id=14388, stack(0x000000277e600000,0x000000277e700000)]

Stack: [0x000000277e600000,0x000000277e700000],  sp=0x000000277e6ff158,  free space=1020k
Native frames: (J=compiled Java code, j=interpreted, Vv=VM code, C=native code)
C  [atio6axx.dll+0x27c5030]

Java frames: (J=compiled Java code, j=interpreted, Vv=VM code)
J 800  org.lwjgl.opengl.GL15C.nglBufferData(IJJI)V (0 bytes) @ 0x00000182eb7ec27e [0x00000182eb7ec220+0x000000000000005e]
J 920 c2 educanet.models.Square.update()V (5 bytes) @ 0x00000182eb7fffdc [0x00000182eb7ffb20+0x00000000000004bc]
j  educanet.Game.update(J)V+36
j  educanet.Main.loop()V+54
j  educanet.Main.run()V+3
j  educanet.Main.main([Ljava/lang/String;)V+0
v  ~StubRoutines::call_stub

siginfo: EXCEPTION_ACCESS_VIOLATION (0xc0000005), data execution prevention violation at address 0x00007ffe8eed5030


Register to memory mapping:

RIP=0x00007ffe8eed5030 atio6axx.dll
RAX=0x00007ffe8ee30cb8 atio6axx.dll
RBX=0x00000182885a1780 points into unknown readable memory: 0x0000018282805760 | 60 57 80 82 82 01 00 00
RCX=0x00000182882f7070 points into unknown readable memory: 0x00007ffe8ee30cb8 | b8 0c e3 8e fe 7f 00 00
RDX=0x0000018282547060 points into unknown readable memory: 0x00007ffe8ee2ff70 | 70 ff e2 8e fe 7f 00 00
RSP=0x000000277e6ff158 is pointing into the stack for thread: 0x00000182dbaa1ef0
RBP=0x00000182822de3b0 points into unknown readable memory: 0x00000182821cbe50 | 50 be 1c 82 82 01 00 00
RSI=0x00000182822de3b0 points into unknown readable memory: 0x00000182821cbe50 | 50 be 1c 82 82 01 00 00
RDI=0x0000018282547060 points into unknown readable memory: 0x00007ffe8ee2ff70 | 70 ff e2 8e fe 7f 00 00
R8 =0x0000000000000019 is an unknown value
R9 =0x0 is NULL
R10=0x0000000000008000 is an unknown value
R11=0x000000277e6ff0d0 is pointing into the stack for thread: 0x00000182dbaa1ef0
R12=0x00000182fb033db0 points into unknown readable memory: 0x00007ffe8ee1ce58 | 58 ce e1 8e fe 7f 00 00
R13=0x0000018282411810 points into unknown readable memory: 0x00000182821caf00 | 00 af 1c 82 82 01 00 00
R14=0x00000182885a1780 points into unknown readable memory: 0x0000018282805760 | 60 57 80 82 82 01 00 00
R15=0x0000000000003801 is an unknown value


Registers:
RAX=0x00007ffe8ee30cb8, RBX=0x00000182885a1780, RCX=0x00000182882f7070, RDX=0x0000018282547060
RSP=0x000000277e6ff158, RBP=0x00000182822de3b0, RSI=0x00000182822de3b0, RDI=0x0000018282547060
R8 =0x0000000000000019, R9 =0x0000000000000000, R10=0x0000000000008000, R11=0x000000277e6ff0d0
R12=0x00000182fb033db0, R13=0x0000018282411810, R14=0x00000182885a1780, R15=0x0000000000003801
RIP=0x00007ffe8eed5030, EFLAGS=0x0000000000010246

Top of Stack: (sp=0x000000277e6ff158)
0x000000277e6ff158:   00007ffe8da8fd9e 00000182885a1780
0x000000277e6ff168:   00007ffe8da911a7 0000000000000000
0x000000277e6ff178:   00007ffe00000000 000000000000fffc
0x000000277e6ff188:   0000000000000000 00000182fb033db0
0x000000277e6ff198:   00007ffe8da8087f 00000182885a1780
0x000000277e6ff1a8:   00000182fb033db0 0000000000000000
0x000000277e6ff1b8:   0000000000000000 0000018288eef220
0x000000277e6ff1c8:   00007ffe8da5eeb0 00000182880e3e80
0x000000277e6ff1d8:   0000000000014000 0000000000014000
0x000000277e6ff1e8:   0000018288eef220 0000000000000001
0x000000277e6ff1f8:   0000000000000000 0000000000000000
0x000000277e6ff208:   0000000000000040 0000000000000030
0x000000277e6ff218:   0000000000000010 000001820000000c
0x000000277e6ff228:   000000277e6ff2e9 0000000000000004
0x000000277e6ff238:   00007ffef419b3c7 00000182d99c0000
0x000000277e6ff248:   0000018200000005 0000000000000030 

Instructions: (pc=0x00007ffe8eed5030)
0x00007ffe8eed4f30:   01 00 00 00 00 00 00 00 00 00 00 00 e0 c2 a7 02
0x00007ffe8eed4f40:   30 49 7c 02 30 4f 7c 02 00 00 00 00 00 00 00 00
0x00007ffe8eed4f50:   00 00 00 00 00 00 00 00 00 00 00 00 00 00 00 00
0x00007ffe8eed4f60:   03 00 00 00 c0 53 7c 02 00 00 00 00 00 00 00 00
0x00007ffe8eed4f70:   98 c4 a7 02 03 00 00 00 00 00 00 00 ff ff ff ff
0x00007ffe8eed4f80:   00 00 00 00 40 00 00 00 90 54 7c 02 00 00 00 00
0x00007ffe8eed4f90:   00 00 00 00 00 00 00 00 e8 41 7c 02 e8 eb 7b 02
0x00007ffe8eed4fa0:   50 98 7b 02 b0 98 7b 02 00 00 00 00 00 00 00 00
0x00007ffe8eed4fb0:   00 00 00 00 00 00 00 00 00 00 00 00 00 00 00 00
0x00007ffe8eed4fc0:   01 00 00 00 00 00 00 00 00 00 00 00 b0 c5 a7 02
0x00007ffe8eed4fd0:   88 58 7c 02 c0 4f 7c 02 00 00 00 00 00 00 00 00
0x00007ffe8eed4fe0:   00 00 00 00 00 00 00 00 60 43 7c 02 a0 4b 7c 02
0x00007ffe8eed4ff0:   a8 97 7b 02 50 98 7b 02 b0 98 7b 02 00 00 00 00
0x00007ffe8eed5000:   00 00 00 00 00 00 00 00 00 00 00 00 00 00 00 00
0x00007ffe8eed5010:   00 00 00 00 00 00 00 00 00 00 00 00 00 00 00 00
0x00007ffe8eed5020:   04 00 00 00 c8 45 7c 02 00 00 00 00 00 00 00 00
0x00007ffe8eed5030:   01 00 00 00 00 00 00 00 00 00 00 00 f8 bf a7 02
0x00007ffe8eed5040:   48 43 7c 02 30 50 7c 02 00 00 00 00 00 00 00 00
0x00007ffe8eed5050:   00 00 00 00 00 00 00 00 01 00 00 00 00 00 00 00
0x00007ffe8eed5060:   00 00 00 00 28 c7 a7 02 00 4d 7c 02 58 50 7c 02
0x00007ffe8eed5070:   00 00 00 00 00 00 00 00 00 00 00 00 00 00 00 00
0x00007ffe8eed5080:   60 c4 a7 02 03 00 00 00 00 00 00 00 ff ff ff ff
0x00007ffe8eed5090:   00 00 00 00 40 00 00 00 60 4b 7c 02 00 00 00 00
0x00007ffe8eed50a0:   00 00 00 00 00 00 00 00 28 c4 a7 02 03 00 00 00
0x00007ffe8eed50b0:   00 00 00 00 ff ff ff ff 00 00 00 00 40 00 00 00
0x00007ffe8eed50c0:   20 5c 7c 02 00 00 00 00 00 00 00 00 00 00 00 00
0x00007ffe8eed50d0:   b8 c7 a7 02 03 00 00 00 00 00 00 00 ff ff ff ff
0x00007ffe8eed50e0:   00 00 00 00 40 00 00 00 80 53 7c 02 00 00 00 00
0x00007ffe8eed50f0:   00 00 00 00 00 00 00 00 38 5c 7c 02 b0 56 7c 02
0x00007ffe8eed5100:   50 98 7b 02 b0 98 7b 02 00 00 00 00 00 00 00 00
0x00007ffe8eed5110:   00 00 00 00 00 00 00 00 00 00 00 00 00 00 00 00
0x00007ffe8eed5120:   01 00 00 00 00 00 00 00 00 00 00 00 08 94 a7 02 


Stack slot to memory mapping:
stack at sp + 0 slots: 0x00007ffe8da8fd9e atio6axx.dll
stack at sp + 1 slots: 0x00000182885a1780 points into unknown readable memory: 0x0000018282805760 | 60 57 80 82 82 01 00 00
stack at sp + 2 slots: 0x00007ffe8da911a7 atio6axx.dll
stack at sp + 3 slots: 0x0 is NULL
stack at sp + 4 slots: 0x00007ffe00000000 is an unknown value
stack at sp + 5 slots: 0x000000000000fffc is an unknown value
stack at sp + 6 slots: 0x0 is NULL
stack at sp + 7 slots: 0x00000182fb033db0 points into unknown readable memory: 0x00007ffe8ee1ce58 | 58 ce e1 8e fe 7f 00 00


---------------  P R O C E S S  ---------------

Threads class SMR info:
_java_thread_list=0x0000018282757260, length=12, elements={
0x00000182dbaa1ef0, 0x00000182fa621bc0, 0x00000182fa622790, 0x00000182fa63c030,
0x00000182fa63eaf0, 0x00000182fa63f5a0, 0x00000182fa644890, 0x00000182fa647740,
0x00000182fa650140, 0x00000182fb085cb0, 0x00000182fb086630, 0x000001828273c9c0
}

Java Threads: ( => current thread )
=>0x00000182dbaa1ef0 JavaThread "main" [_thread_in_native, id=14388, stack(0x000000277e600000,0x000000277e700000)]
  0x00000182fa621bc0 JavaThread "Reference Handler" daemon [_thread_in_vm, id=18792, stack(0x000000277ed00000,0x000000277ee00000)]
  0x00000182fa622790 JavaThread "Finalizer" daemon [_thread_blocked, id=21460, stack(0x000000277ee00000,0x000000277ef00000)]
  0x00000182fa63c030 JavaThread "Signal Dispatcher" daemon [_thread_blocked, id=7336, stack(0x000000277ef00000,0x000000277f000000)]
  0x00000182fa63eaf0 JavaThread "Attach Listener" daemon [_thread_blocked, id=20124, stack(0x000000277f000000,0x000000277f100000)]
  0x00000182fa63f5a0 JavaThread "Service Thread" daemon [_thread_blocked, id=11584, stack(0x000000277f100000,0x000000277f200000)]
  0x00000182fa644890 JavaThread "C2 CompilerThread0" daemon [_thread_blocked, id=12120, stack(0x000000277f200000,0x000000277f300000)]
  0x00000182fa647740 JavaThread "C1 CompilerThread0" daemon [_thread_blocked, id=12972, stack(0x000000277f300000,0x000000277f400000)]
  0x00000182fa650140 JavaThread "Sweeper thread" daemon [_thread_blocked, id=12708, stack(0x000000277f400000,0x000000277f500000)]
  0x00000182fb085cb0 JavaThread "Notification Thread" daemon [_thread_blocked, id=2344, stack(0x000000277f500000,0x000000277f600000)]
  0x00000182fb086630 JavaThread "Common-Cleaner" daemon [_thread_blocked, id=7760, stack(0x000000277f700000,0x000000277f800000)]
  0x000001828273c9c0 JavaThread "C2 CompilerThread1" daemon [_thread_blocked, id=10304, stack(0x000000277fb00000,0x000000277fc00000)]

Other Threads:
  0x00000182fa61c320 VMThread "VM Thread" [stack: 0x000000277ec00000,0x000000277ed00000] [id=12220]
  0x00000182fb086180 WatcherThread [stack: 0x000000277f600000,0x000000277f700000] [id=21476]
  0x00000182dbae1cb0 GCTaskThread "GC Thread#0" [stack: 0x000000277e700000,0x000000277e800000] [id=17896]
  0x00000182fb19e980 GCTaskThread "GC Thread#1" [stack: 0x000000277fc00000,0x000000277fd00000] [id=4932]
  0x00000182fb19d000 GCTaskThread "GC Thread#2" [stack: 0x000000277fd00000,0x000000277fe00000] [id=12632]
  0x00000182dbaf4de0 ConcurrentGCThread "G1 Main Marker" [stack: 0x000000277e800000,0x000000277e900000] [id=15740]
  0x00000182dbaf6170 ConcurrentGCThread "G1 Conc#0" [stack: 0x000000277e900000,0x000000277ea00000] [id=5152]
  0x00000182fa4920c0 ConcurrentGCThread "G1 Refine#0" [stack: 0x000000277ea00000,0x000000277eb00000] [id=5864]
  0x00000182889a8c50 ConcurrentGCThread "G1 Refine#1" [stack: 0x000000277fe00000,0x000000277ff00000] [id=16472]
  0x00000182885abc50 ConcurrentGCThread "G1 Refine#2" [stack: 0x000000277ff00000,0x0000002780000000] [id=5904]
  0x0000018288effc40 ConcurrentGCThread "G1 Refine#3" [stack: 0x0000002700000000,0x0000002700100000] [id=13680]
  0x00000182fa493a80 ConcurrentGCThread "G1 Young RemSet Sampling" [stack: 0x000000277eb00000,0x000000277ec00000] [id=10276]

Threads with active compile tasks:

VM state: not at safepoint (normal execution)

VM Mutex/Monitor currently owned by a thread: None

Heap address: 0x0000000080a00000, size: 2038 MB, Compressed Oops mode: 32-bit
CDS archive(s) mapped at: [0x0000000800000000-0x0000000800b50000-0x0000000800b50000), size 11862016, SharedBaseAddress: 0x0000000800000000, ArchiveRelocationMode: 0.
Compressed class space mapped at: 0x0000000800b50000-0x0000000840b50000, size: 1073741824
Narrow klass base: 0x0000000800000000, Narrow klass shift: 3, Narrow klass range: 0x100000000

GC Precious Log:
 CPUs: 8 total, 8 available
 Memory: 8149M
 Large Page Support: Disabled
 NUMA Support: Disabled
 Compressed Oops: Enabled (32-bit)
 Heap Region Size: 1M
 Heap Min Capacity: 8M
 Heap Initial Capacity: 128M
 Heap Max Capacity: 2038M
 Pre-touch: Disabled
 Parallel Workers: 8
 Concurrent Workers: 2
 Concurrent Refinement Workers: 8
 Periodic GC: Disabled

Heap:
 garbage-first heap   total 131072K, used 8917K [0x0000000080a00000, 0x0000000100000000)
  region size 1024K, 4 young (4096K), 3 survivors (3072K)
 Metaspace       used 5409K, capacity 8261K, committed 8576K, reserved 1056768K
  class space    used 287K, capacity 581K, committed 640K, reserved 1048576K

Heap Regions: E=young(eden), S=young(survivor), O=old, HS=humongous(starts), HC=humongous(continues), CS=collection set, F=free, OA=open archive, CA=closed archive, TAMS=top-at-mark-start (previous, next)
|   0|0x0000000080a00000, 0x0000000080b00000, 0x0000000080b00000|100%| O|  |TAMS 0x0000000080a00000, 0x0000000080a00000| Untracked 
|   1|0x0000000080b00000, 0x0000000080c00000, 0x0000000080c00000|100%| O|  |TAMS 0x0000000080b00000, 0x0000000080b00000| Untracked 
|   2|0x0000000080c00000, 0x0000000080d00000, 0x0000000080d00000|100%| O|  |TAMS 0x0000000080c00000, 0x0000000080c00000| Untracked 
|   3|0x0000000080d00000, 0x0000000080e00000, 0x0000000080e00000|100%| O|  |TAMS 0x0000000080d00000, 0x0000000080d00000| Untracked 
|   4|0x0000000080e00000, 0x0000000080f00000, 0x0000000080f00000|100%| O|  |TAMS 0x0000000080e00000, 0x0000000080e00000| Untracked 
|   5|0x0000000080f00000, 0x0000000080fb5400, 0x0000000081000000| 70%| O|  |TAMS 0x0000000080f00000, 0x0000000080f00000| Untracked 
|   6|0x0000000081000000, 0x0000000081000000, 0x0000000081100000|  0%| F|  |TAMS 0x0000000081000000, 0x0000000081000000| Untracked 
|   7|0x0000000081100000, 0x0000000081100000, 0x0000000081200000|  0%| F|  |TAMS 0x0000000081100000, 0x0000000081100000| Untracked 
|   8|0x0000000081200000, 0x0000000081200000, 0x0000000081300000|  0%| F|  |TAMS 0x0000000081200000, 0x0000000081200000| Untracked 
|   9|0x0000000081300000, 0x0000000081300000, 0x0000000081400000|  0%| F|  |TAMS 0x0000000081300000, 0x0000000081300000| Untracked 
|  10|0x0000000081400000, 0x0000000081400000, 0x0000000081500000|  0%| F|  |TAMS 0x0000000081400000, 0x0000000081400000| Untracked 
|  11|0x0000000081500000, 0x0000000081500000, 0x0000000081600000|  0%| F|  |TAMS 0x0000000081500000, 0x0000000081500000| Untracked 
|  12|0x0000000081600000, 0x0000000081600000, 0x0000000081700000|  0%| F|  |TAMS 0x0000000081600000, 0x0000000081600000| Untracked 
|  13|0x0000000081700000, 0x0000000081700000, 0x0000000081800000|  0%| F|  |TAMS 0x0000000081700000, 0x0000000081700000| Untracked 
|  14|0x0000000081800000, 0x0000000081800000, 0x0000000081900000|  0%| F|  |TAMS 0x0000000081800000, 0x0000000081800000| Untracked 
|  15|0x0000000081900000, 0x0000000081900000, 0x0000000081a00000|  0%| F|  |TAMS 0x0000000081900000, 0x0000000081900000| Untracked 
|  16|0x0000000081a00000, 0x0000000081a00000, 0x0000000081b00000|  0%| F|  |TAMS 0x0000000081a00000, 0x0000000081a00000| Untracked 
|  17|0x0000000081b00000, 0x0000000081b00000, 0x0000000081c00000|  0%| F|  |TAMS 0x0000000081b00000, 0x0000000081b00000| Untracked 
|  18|0x0000000081c00000, 0x0000000081c00000, 0x0000000081d00000|  0%| F|  |TAMS 0x0000000081c00000, 0x0000000081c00000| Untracked 
|  19|0x0000000081d00000, 0x0000000081d00000, 0x0000000081e00000|  0%| F|  |TAMS 0x0000000081d00000, 0x0000000081d00000| Untracked 
|  20|0x0000000081e00000, 0x0000000081e00000, 0x0000000081f00000|  0%| F|  |TAMS 0x0000000081e00000, 0x0000000081e00000| Untracked 
|  21|0x0000000081f00000, 0x0000000081f00000, 0x0000000082000000|  0%| F|  |TAMS 0x0000000081f00000, 0x0000000081f00000| Untracked 
|  22|0x0000000082000000, 0x0000000082000000, 0x0000000082100000|  0%| F|  |TAMS 0x0000000082000000, 0x0000000082000000| Untracked 
|  23|0x0000000082100000, 0x0000000082100000, 0x0000000082200000|  0%| F|  |TAMS 0x0000000082100000, 0x0000000082100000| Untracked 
|  24|0x0000000082200000, 0x0000000082200000, 0x0000000082300000|  0%| F|  |TAMS 0x0000000082200000, 0x0000000082200000| Untracked 
|  25|0x0000000082300000, 0x0000000082300000, 0x0000000082400000|  0%| F|  |TAMS 0x0000000082300000, 0x0000000082300000| Untracked 
|  26|0x0000000082400000, 0x0000000082400000, 0x0000000082500000|  0%| F|  |TAMS 0x0000000082400000, 0x0000000082400000| Untracked 
|  27|0x0000000082500000, 0x0000000082500000, 0x0000000082600000|  0%| F|  |TAMS 0x0000000082500000, 0x0000000082500000| Untracked 
|  28|0x0000000082600000, 0x0000000082600000, 0x0000000082700000|  0%| F|  |TAMS 0x0000000082600000, 0x0000000082600000| Untracked 
|  29|0x0000000082700000, 0x0000000082700000, 0x0000000082800000|  0%| F|  |TAMS 0x0000000082700000, 0x0000000082700000| Untracked 
|  30|0x0000000082800000, 0x0000000082800000, 0x0000000082900000|  0%| F|  |TAMS 0x0000000082800000, 0x0000000082800000| Untracked 
|  31|0x0000000082900000, 0x0000000082900000, 0x0000000082a00000|  0%| F|  |TAMS 0x0000000082900000, 0x0000000082900000| Untracked 
|  32|0x0000000082a00000, 0x0000000082a00000, 0x0000000082b00000|  0%| F|  |TAMS 0x0000000082a00000, 0x0000000082a00000| Untracked 
|  33|0x0000000082b00000, 0x0000000082b00000, 0x0000000082c00000|  0%| F|  |TAMS 0x0000000082b00000, 0x0000000082b00000| Untracked 
|  34|0x0000000082c00000, 0x0000000082c00000, 0x0000000082d00000|  0%| F|  |TAMS 0x0000000082c00000, 0x0000000082c00000| Untracked 
|  35|0x0000000082d00000, 0x0000000082d00000, 0x0000000082e00000|  0%| F|  |TAMS 0x0000000082d00000, 0x0000000082d00000| Untracked 
|  36|0x0000000082e00000, 0x0000000082e00000, 0x0000000082f00000|  0%| F|  |TAMS 0x0000000082e00000, 0x0000000082e00000| Untracked 
|  37|0x0000000082f00000, 0x0000000082f00000, 0x0000000083000000|  0%| F|  |TAMS 0x0000000082f00000, 0x0000000082f00000| Untracked 
|  38|0x0000000083000000, 0x0000000083000000, 0x0000000083100000|  0%| F|  |TAMS 0x0000000083000000, 0x0000000083000000| Untracked 
|  39|0x0000000083100000, 0x0000000083100000, 0x0000000083200000|  0%| F|  |TAMS 0x0000000083100000, 0x0000000083100000| Untracked 
|  40|0x0000000083200000, 0x0000000083200000, 0x0000000083300000|  0%| F|  |TAMS 0x0000000083200000, 0x0000000083200000| Untracked 
|  41|0x0000000083300000, 0x0000000083300000, 0x0000000083400000|  0%| F|  |TAMS 0x0000000083300000, 0x0000000083300000| Untracked 
|  42|0x0000000083400000, 0x0000000083400000, 0x0000000083500000|  0%| F|  |TAMS 0x0000000083400000, 0x0000000083400000| Untracked 
|  43|0x0000000083500000, 0x0000000083500000, 0x0000000083600000|  0%| F|  |TAMS 0x0000000083500000, 0x0000000083500000| Untracked 
|  44|0x0000000083600000, 0x0000000083600000, 0x0000000083700000|  0%| F|  |TAMS 0x0000000083600000, 0x0000000083600000| Untracked 
|  45|0x0000000083700000, 0x0000000083700000, 0x0000000083800000|  0%| F|  |TAMS 0x0000000083700000, 0x0000000083700000| Untracked 
|  46|0x0000000083800000, 0x0000000083800000, 0x0000000083900000|  0%| F|  |TAMS 0x0000000083800000, 0x0000000083800000| Untracked 
|  47|0x0000000083900000, 0x0000000083900000, 0x0000000083a00000|  0%| F|  |TAMS 0x0000000083900000, 0x0000000083900000| Untracked 
|  48|0x0000000083a00000, 0x0000000083a00000, 0x0000000083b00000|  0%| F|  |TAMS 0x0000000083a00000, 0x0000000083a00000| Untracked 
|  49|0x0000000083b00000, 0x0000000083b00000, 0x0000000083c00000|  0%| F|  |TAMS 0x0000000083b00000, 0x0000000083b00000| Untracked 
|  50|0x0000000083c00000, 0x0000000083c00000, 0x0000000083d00000|  0%| F|  |TAMS 0x0000000083c00000, 0x0000000083c00000| Untracked 
|  51|0x0000000083d00000, 0x0000000083d00000, 0x0000000083e00000|  0%| F|  |TAMS 0x0000000083d00000, 0x0000000083d00000| Untracked 
|  52|0x0000000083e00000, 0x0000000083e00000, 0x0000000083f00000|  0%| F|  |TAMS 0x0000000083e00000, 0x0000000083e00000| Untracked 
|  53|0x0000000083f00000, 0x0000000083f00000, 0x0000000084000000|  0%| F|  |TAMS 0x0000000083f00000, 0x0000000083f00000| Untracked 
|  54|0x0000000084000000, 0x0000000084000000, 0x0000000084100000|  0%| F|  |TAMS 0x0000000084000000, 0x0000000084000000| Untracked 
|  55|0x0000000084100000, 0x0000000084100000, 0x0000000084200000|  0%| F|  |TAMS 0x0000000084100000, 0x0000000084100000| Untracked 
|  56|0x0000000084200000, 0x0000000084200000, 0x0000000084300000|  0%| F|  |TAMS 0x0000000084200000, 0x0000000084200000| Untracked 
|  57|0x0000000084300000, 0x0000000084300000, 0x0000000084400000|  0%| F|  |TAMS 0x0000000084300000, 0x0000000084300000| Untracked 
|  58|0x0000000084400000, 0x0000000084400000, 0x0000000084500000|  0%| F|  |TAMS 0x0000000084400000, 0x0000000084400000| Untracked 
|  59|0x0000000084500000, 0x0000000084500000, 0x0000000084600000|  0%| F|  |TAMS 0x0000000084500000, 0x0000000084500000| Untracked 
|  60|0x0000000084600000, 0x0000000084600000, 0x0000000084700000|  0%| F|  |TAMS 0x0000000084600000, 0x0000000084600000| Untracked 
|  61|0x0000000084700000, 0x0000000084700000, 0x0000000084800000|  0%| F|  |TAMS 0x0000000084700000, 0x0000000084700000| Untracked 
|  62|0x0000000084800000, 0x0000000084800000, 0x0000000084900000|  0%| F|  |TAMS 0x0000000084800000, 0x0000000084800000| Untracked 
|  63|0x0000000084900000, 0x0000000084900000, 0x0000000084a00000|  0%| F|  |TAMS 0x0000000084900000, 0x0000000084900000| Untracked 
|  64|0x0000000084a00000, 0x0000000084a00000, 0x0000000084b00000|  0%| F|  |TAMS 0x0000000084a00000, 0x0000000084a00000| Untracked 
|  65|0x0000000084b00000, 0x0000000084b00000, 0x0000000084c00000|  0%| F|  |TAMS 0x0000000084b00000, 0x0000000084b00000| Untracked 
|  66|0x0000000084c00000, 0x0000000084c00000, 0x0000000084d00000|  0%| F|  |TAMS 0x0000000084c00000, 0x0000000084c00000| Untracked 
|  67|0x0000000084d00000, 0x0000000084d00000, 0x0000000084e00000|  0%| F|  |TAMS 0x0000000084d00000, 0x0000000084d00000| Untracked 
|  68|0x0000000084e00000, 0x0000000084e00000, 0x0000000084f00000|  0%| F|  |TAMS 0x0000000084e00000, 0x0000000084e00000| Untracked 
|  69|0x0000000084f00000, 0x0000000084f00000, 0x0000000085000000|  0%| F|  |TAMS 0x0000000084f00000, 0x0000000084f00000| Untracked 
|  70|0x0000000085000000, 0x0000000085000000, 0x0000000085100000|  0%| F|  |TAMS 0x0000000085000000, 0x0000000085000000| Untracked 
|  71|0x0000000085100000, 0x0000000085100000, 0x0000000085200000|  0%| F|  |TAMS 0x0000000085100000, 0x0000000085100000| Untracked 
|  72|0x0000000085200000, 0x0000000085200000, 0x0000000085300000|  0%| F|  |TAMS 0x0000000085200000, 0x0000000085200000| Untracked 
|  73|0x0000000085300000, 0x0000000085300000, 0x0000000085400000|  0%| F|  |TAMS 0x0000000085300000, 0x0000000085300000| Untracked 
|  74|0x0000000085400000, 0x0000000085400000, 0x0000000085500000|  0%| F|  |TAMS 0x0000000085400000, 0x0000000085400000| Untracked 
|  75|0x0000000085500000, 0x0000000085500000, 0x0000000085600000|  0%| F|  |TAMS 0x0000000085500000, 0x0000000085500000| Untracked 
|  76|0x0000000085600000, 0x0000000085600000, 0x0000000085700000|  0%| F|  |TAMS 0x0000000085600000, 0x0000000085600000| Untracked 
|  77|0x0000000085700000, 0x0000000085700000, 0x0000000085800000|  0%| F|  |TAMS 0x0000000085700000, 0x0000000085700000| Untracked 
|  78|0x0000000085800000, 0x0000000085800000, 0x0000000085900000|  0%| F|  |TAMS 0x0000000085800000, 0x0000000085800000| Untracked 
|  79|0x0000000085900000, 0x0000000085900000, 0x0000000085a00000|  0%| F|  |TAMS 0x0000000085900000, 0x0000000085900000| Untracked 
|  80|0x0000000085a00000, 0x0000000085a00000, 0x0000000085b00000|  0%| F|  |TAMS 0x0000000085a00000, 0x0000000085a00000| Untracked 
|  81|0x0000000085b00000, 0x0000000085b00000, 0x0000000085c00000|  0%| F|  |TAMS 0x0000000085b00000, 0x0000000085b00000| Untracked 
|  82|0x0000000085c00000, 0x0000000085c00000, 0x0000000085d00000|  0%| F|  |TAMS 0x0000000085c00000, 0x0000000085c00000| Untracked 
|  83|0x0000000085d00000, 0x0000000085d00000, 0x0000000085e00000|  0%| F|  |TAMS 0x0000000085d00000, 0x0000000085d00000| Untracked 
|  84|0x0000000085e00000, 0x0000000085e00000, 0x0000000085f00000|  0%| F|  |TAMS 0x0000000085e00000, 0x0000000085e00000| Untracked 
|  85|0x0000000085f00000, 0x0000000085f00000, 0x0000000086000000|  0%| F|  |TAMS 0x0000000085f00000, 0x0000000085f00000| Untracked 
|  86|0x0000000086000000, 0x0000000086000000, 0x0000000086100000|  0%| F|  |TAMS 0x0000000086000000, 0x0000000086000000| Untracked 
|  87|0x0000000086100000, 0x0000000086100000, 0x0000000086200000|  0%| F|  |TAMS 0x0000000086100000, 0x0000000086100000| Untracked 
|  88|0x0000000086200000, 0x0000000086200000, 0x0000000086300000|  0%| F|  |TAMS 0x0000000086200000, 0x0000000086200000| Untracked 
|  89|0x0000000086300000, 0x0000000086300000, 0x0000000086400000|  0%| F|  |TAMS 0x0000000086300000, 0x0000000086300000| Untracked 
|  90|0x0000000086400000, 0x0000000086400000, 0x0000000086500000|  0%| F|  |TAMS 0x0000000086400000, 0x0000000086400000| Untracked 
|  91|0x0000000086500000, 0x0000000086500000, 0x0000000086600000|  0%| F|  |TAMS 0x0000000086500000, 0x0000000086500000| Untracked 
|  92|0x0000000086600000, 0x0000000086600000, 0x0000000086700000|  0%| F|  |TAMS 0x0000000086600000, 0x0000000086600000| Untracked 
|  93|0x0000000086700000, 0x0000000086700000, 0x0000000086800000|  0%| F|  |TAMS 0x0000000086700000, 0x0000000086700000| Untracked 
|  94|0x0000000086800000, 0x0000000086800000, 0x0000000086900000|  0%| F|  |TAMS 0x0000000086800000, 0x0000000086800000| Untracked 
|  95|0x0000000086900000, 0x0000000086900000, 0x0000000086a00000|  0%| F|  |TAMS 0x0000000086900000, 0x0000000086900000| Untracked 
|  96|0x0000000086a00000, 0x0000000086a00000, 0x0000000086b00000|  0%| F|  |TAMS 0x0000000086a00000, 0x0000000086a00000| Untracked 
|  97|0x0000000086b00000, 0x0000000086b00000, 0x0000000086c00000|  0%| F|  |TAMS 0x0000000086b00000, 0x0000000086b00000| Untracked 
|  98|0x0000000086c00000, 0x0000000086c00000, 0x0000000086d00000|  0%| F|  |TAMS 0x0000000086c00000, 0x0000000086c00000| Untracked 
|  99|0x0000000086d00000, 0x0000000086d00000, 0x0000000086e00000|  0%| F|  |TAMS 0x0000000086d00000, 0x0000000086d00000| Untracked 
| 100|0x0000000086e00000, 0x0000000086e00000, 0x0000000086f00000|  0%| F|  |TAMS 0x0000000086e00000, 0x0000000086e00000| Untracked 
| 101|0x0000000086f00000, 0x0000000086f00000, 0x0000000087000000|  0%| F|  |TAMS 0x0000000086f00000, 0x0000000086f00000| Untracked 
| 102|0x0000000087000000, 0x0000000087100000, 0x0000000087100000|100%| S|CS|TAMS 0x0000000087000000, 0x0000000087000000| Complete 
| 103|0x0000000087100000, 0x0000000087200000, 0x0000000087200000|100%| S|CS|TAMS 0x0000000087100000, 0x0000000087100000| Complete 
| 104|0x0000000087200000, 0x0000000087300000, 0x0000000087300000|100%| S|CS|TAMS 0x0000000087200000, 0x0000000087200000| Complete 
| 105|0x0000000087300000, 0x0000000087300000, 0x0000000087400000|  0%| F|  |TAMS 0x0000000087300000, 0x0000000087300000| Untracked 
| 106|0x0000000087400000, 0x0000000087400000, 0x0000000087500000|  0%| F|  |TAMS 0x0000000087400000, 0x0000000087400000| Untracked 
| 107|0x0000000087500000, 0x0000000087500000, 0x0000000087600000|  0%| F|  |TAMS 0x0000000087500000, 0x0000000087500000| Untracked 
| 108|0x0000000087600000, 0x0000000087600000, 0x0000000087700000|  0%| F|  |TAMS 0x0000000087600000, 0x0000000087600000| Untracked 
| 109|0x0000000087700000, 0x0000000087700000, 0x0000000087800000|  0%| F|  |TAMS 0x0000000087700000, 0x0000000087700000| Untracked 
| 110|0x0000000087800000, 0x0000000087800000, 0x0000000087900000|  0%| F|  |TAMS 0x0000000087800000, 0x0000000087800000| Untracked 
| 111|0x0000000087900000, 0x0000000087900000, 0x0000000087a00000|  0%| F|  |TAMS 0x0000000087900000, 0x0000000087900000| Untracked 
| 112|0x0000000087a00000, 0x0000000087a00000, 0x0000000087b00000|  0%| F|  |TAMS 0x0000000087a00000, 0x0000000087a00000| Untracked 
| 113|0x0000000087b00000, 0x0000000087b00000, 0x0000000087c00000|  0%| F|  |TAMS 0x0000000087b00000, 0x0000000087b00000| Untracked 
| 114|0x0000000087c00000, 0x0000000087c00000, 0x0000000087d00000|  0%| F|  |TAMS 0x0000000087c00000, 0x0000000087c00000| Untracked 
| 115|0x0000000087d00000, 0x0000000087d00000, 0x0000000087e00000|  0%| F|  |TAMS 0x0000000087d00000, 0x0000000087d00000| Untracked 
| 116|0x0000000087e00000, 0x0000000087e00000, 0x0000000087f00000|  0%| F|  |TAMS 0x0000000087e00000, 0x0000000087e00000| Untracked 
| 117|0x0000000087f00000, 0x0000000087f00000, 0x0000000088000000|  0%| F|  |TAMS 0x0000000087f00000, 0x0000000087f00000| Untracked 
| 118|0x0000000088000000, 0x0000000088000000, 0x0000000088100000|  0%| F|  |TAMS 0x0000000088000000, 0x0000000088000000| Untracked 
| 119|0x0000000088100000, 0x0000000088100000, 0x0000000088200000|  0%| F|  |TAMS 0x0000000088100000, 0x0000000088100000| Untracked 
| 120|0x0000000088200000, 0x0000000088200000, 0x0000000088300000|  0%| F|  |TAMS 0x0000000088200000, 0x0000000088200000| Untracked 
| 121|0x0000000088300000, 0x0000000088300000, 0x0000000088400000|  0%| F|  |TAMS 0x0000000088300000, 0x0000000088300000| Untracked 
| 122|0x0000000088400000, 0x0000000088400000, 0x0000000088500000|  0%| F|  |TAMS 0x0000000088400000, 0x0000000088400000| Untracked 
| 123|0x0000000088500000, 0x0000000088500000, 0x0000000088600000|  0%| F|  |TAMS 0x0000000088500000, 0x0000000088500000| Untracked 
| 124|0x0000000088600000, 0x0000000088600000, 0x0000000088700000|  0%| F|  |TAMS 0x0000000088600000, 0x0000000088600000| Untracked 
| 125|0x0000000088700000, 0x0000000088700000, 0x0000000088800000|  0%| F|  |TAMS 0x0000000088700000, 0x0000000088700000| Untracked 
| 126|0x0000000088800000, 0x0000000088800000, 0x0000000088900000|  0%| F|  |TAMS 0x0000000088800000, 0x0000000088800000| Untracked 
| 127|0x0000000088900000, 0x0000000088974dc0, 0x0000000088a00000| 45%| E|  |TAMS 0x0000000088900000, 0x0000000088900000| Complete 

Card table byte_map: [0x00000182f3410000,0x00000182f3810000] _byte_map_base: 0x00000182f300b000

Marking Bits (Prev, Next): (CMBitMap*) 0x00000182dbae3530, (CMBitMap*) 0x00000182dbae3570
 Prev Bits: [0x00000182f3c10000, 0x00000182f5be8000)
 Next Bits: [0x00000182f5bf0000, 0x00000182f7bc8000)

Polling page: 0x00000182d9a60000

Metaspace:

Usage:
  Non-class:      7.50 MB capacity,     5.00 MB ( 67%) used,     2.49 MB ( 33%) free+waste,     7.12 KB ( <1%) overhead. 
      Class:    581.00 KB capacity,   287.09 KB ( 49%) used,   291.53 KB ( 50%) free+waste,     2.38 KB ( <1%) overhead. 
       Both:      8.07 MB capacity,     5.28 MB ( 65%) used,     2.78 MB ( 34%) free+waste,     9.50 KB ( <1%) overhead. 

Virtual space:
  Non-class space:        8.00 MB reserved,       7.75 MB ( 97%) committed 
      Class space:        1.00 GB reserved,     640.00 KB ( <1%) committed 
             Both:        1.01 GB reserved,       8.38 MB ( <1%) committed 

Chunk freelists:
   Non-Class:  64.00 KB
       Class:  27.00 KB
        Both:  91.00 KB

MaxMetaspaceSize: 17179869184.00 GB
CompressedClassSpaceSize: 1.00 GB

CodeHeap 'non-profiled nmethods': size=120000Kb used=327Kb max_used=327Kb free=119672Kb
 bounds [0x00000182eb7b0000, 0x00000182eba20000, 0x00000182f2ce0000]
CodeHeap 'profiled nmethods': size=120000Kb used=1372Kb max_used=1372Kb free=118628Kb
 bounds [0x00000182e4280000, 0x00000182e44f0000, 0x00000182eb7b0000]
CodeHeap 'non-nmethods': size=5760Kb used=1554Kb max_used=1582Kb free=4205Kb
 bounds [0x00000182e3ce0000, 0x00000182e3f50000, 0x00000182e4280000]
 total_blobs=1853 nmethods=920 adapters=847
 compilation: enabled
              stopped_count=0, restarted_count=0
 full_count=0

Compilation events (20 events):
Event: 1.294 Thread 0x00000182fa644890 nmethod 911 0x00000182eb7f9a10 code [0x00000182eb7f9ba0, 0x00000182eb7f9c28]
Event: 1.297 Thread 0x000001828273c9c0 nmethod 910 0x00000182eb7f9d10 code [0x00000182eb7f9ea0, 0x00000182eb7fa228]
Event: 1.325 Thread 0x00000182fa644890  912       4       jdk.internal.util.Preconditions::checkFromIndexSize (25 bytes)
Event: 1.325 Thread 0x00000182fa644890 nmethod 912 0x00000182eb7fa690 code [0x00000182eb7fa800, 0x00000182eb7fa898]
Event: 1.383 Thread 0x00000182fa644890  913       4       java.nio.DirectIntBufferU::<init> (50 bytes)
Event: 1.383 Thread 0x000001828273c9c0  914       4       java.nio.DirectByteBuffer::asIntBuffer (179 bytes)
Event: 1.387 Thread 0x00000182fa644890 nmethod 913 0x00000182eb7fa990 code [0x00000182eb7fab20, 0x00000182eb7fafb8]
Event: 1.389 Thread 0x000001828273c9c0 nmethod 914 0x00000182eb7fb410 code [0x00000182eb7fb5a0, 0x00000182eb7fb9b8]
Event: 1.404 Thread 0x000001828273c9c0  915       4       educanet.Game::drawSquare (9 bytes)
Event: 1.404 Thread 0x00000182fa644890  916       4       educanet.models.Square::draw (21 bytes)
Event: 1.405 Thread 0x000001828273c9c0 nmethod 915 0x00000182eb7fbd10 code [0x00000182eb7fbea0, 0x00000182eb7fbf58]
Event: 1.405 Thread 0x00000182fa644890 nmethod 916 0x00000182eb7fc090 code [0x00000182eb7fc220, 0x00000182eb7fc2d8]
Event: 1.406 Thread 0x00000182fa644890  917       4       educanet.models.Square::theFuckingMessyCodeIDontUnderstandAtAll (160 bytes)
Event: 1.408 Thread 0x000001828273c9c0  918   !   4       java.nio.DirectIntBufferU::put (192 bytes)
Event: 1.413 Thread 0x000001828273c9c0 nmethod 918 0x00000182eb7fc410 code [0x00000182eb7fc5a0, 0x00000182eb7fc918]
Event: 1.422 Thread 0x000001828273c9c0  919       4       educanet.Game::updateSquareColor (14 bytes)
Event: 1.426 Thread 0x000001828273c9c0 nmethod 919 0x00000182eb7fcd90 code [0x00000182eb7fcf40, 0x00000182eb7fd198]
Event: 1.426 Thread 0x000001828273c9c0  920       4       educanet.models.Square::update (5 bytes)
Event: 1.436 Thread 0x00000182fa644890 nmethod 917 0x00000182eb7fd390 code [0x00000182eb7fd620, 0x00000182eb7fe108]
Event: 1.460 Thread 0x000001828273c9c0 nmethod 920 0x00000182eb7ff890 code [0x00000182eb7ffb20, 0x00000182eb800608]

GC Heap History (2 events):
Event: 2.163 GC heap before
{Heap before GC invocations=0 (full 0):
 garbage-first heap   total 131072K, used 23552K [0x0000000080a00000, 0x0000000100000000)
  region size 1024K, 23 young (23552K), 0 survivors (0K)
 Metaspace       used 5409K, capacity 8261K, committed 8576K, reserved 1056768K
  class space    used 287K, capacity 581K, committed 640K, reserved 1048576K
}
Event: 2.187 GC heap after
{Heap after GC invocations=1 (full 0):
 garbage-first heap   total 131072K, used 8917K [0x0000000080a00000, 0x0000000100000000)
  region size 1024K, 3 young (3072K), 3 survivors (3072K)
 Metaspace       used 5409K, capacity 8261K, committed 8576K, reserved 1056768K
  class space    used 287K, capacity 581K, committed 640K, reserved 1048576K
}

Deoptimization events (20 events):
Event: 0.260 Thread 0x00000182dbaa1ef0 DEOPT PACKING pc=0x00000182eb7c58e0 sp=0x000000277e6fb0a0
Event: 0.260 Thread 0x00000182dbaa1ef0 DEOPT UNPACKING pc=0x00000182e3d2e12f sp=0x000000277e6fb028 mode 2
Event: 0.315 Thread 0x00000182dbaa1ef0 Uncommon trap: trap_request=0xffffff45 fr.pc=0x00000182eb7b50d8 relative=0x0000000000000058
Event: 0.315 Thread 0x00000182dbaa1ef0 Uncommon trap: reason=unstable_if action=reinterpret pc=0x00000182eb7b50d8 method=java.lang.String.isLatin1()Z @ 10 c2
Event: 0.315 Thread 0x00000182dbaa1ef0 DEOPT PACKING pc=0x00000182eb7b50d8 sp=0x000000277e6fbd60
Event: 0.315 Thread 0x00000182dbaa1ef0 DEOPT UNPACKING pc=0x00000182e3d2e12f sp=0x000000277e6fbcf0 mode 2
Event: 0.954 Thread 0x00000182dbaa1ef0 DEOPT PACKING pc=0x00000182e42b49df sp=0x000000277e6fdfa0
Event: 0.954 Thread 0x00000182dbaa1ef0 DEOPT UNPACKING pc=0x00000182e3d2df3f sp=0x000000277e6fd3f0 mode 0
Event: 1.049 Thread 0x00000182dbaa1ef0 Uncommon trap: trap_request=0xffffff54 fr.pc=0x00000182eb7d91e0 relative=0x0000000000000060
Event: 1.049 Thread 0x00000182dbaa1ef0 Uncommon trap: reason=speculate_null_assert action=make_not_entrant pc=0x00000182eb7d91e0 method=sun.misc.Unsafe.putLong(Ljava/lang/Object;JJ)V @ 7 c2
Event: 1.049 Thread 0x00000182dbaa1ef0 DEOPT PACKING pc=0x00000182eb7d91e0 sp=0x000000277e6ff200
Event: 1.049 Thread 0x00000182dbaa1ef0 DEOPT UNPACKING pc=0x00000182e3d2e12f sp=0x000000277e6ff178 mode 2
Event: 1.067 Thread 0x00000182dbaa1ef0 Uncommon trap: trap_request=0xffffff45 fr.pc=0x00000182eb7b4a90 relative=0x0000000000000070
Event: 1.067 Thread 0x00000182dbaa1ef0 Uncommon trap: reason=unstable_if action=reinterpret pc=0x00000182eb7b4a90 method=java.lang.String.isLatin1()Z @ 10 c2
Event: 1.067 Thread 0x00000182dbaa1ef0 DEOPT PACKING pc=0x00000182eb7b4a90 sp=0x000000277e6ff000
Event: 1.067 Thread 0x00000182dbaa1ef0 DEOPT UNPACKING pc=0x00000182e3d2e12f sp=0x000000277e6fef40 mode 2
Event: 1.097 Thread 0x00000182dbaa1ef0 Uncommon trap: trap_request=0xffffff54 fr.pc=0x00000182eb7eb258 relative=0x0000000000000058
Event: 1.097 Thread 0x00000182dbaa1ef0 Uncommon trap: reason=speculate_null_assert action=make_not_entrant pc=0x00000182eb7eb258 method=sun.misc.Unsafe.getLong(Ljava/lang/Object;J)J @ 5 c2
Event: 1.097 Thread 0x00000182dbaa1ef0 DEOPT PACKING pc=0x00000182eb7eb258 sp=0x000000277e6ff320
Event: 1.097 Thread 0x00000182dbaa1ef0 DEOPT UNPACKING pc=0x00000182e3d2e12f sp=0x000000277e6ff2a8 mode 2

Classes unloaded (0 events):
No events

Classes redefined (0 events):
No events

Internal exceptions (16 events):
Event: 0.202 Thread 0x00000182dbaa1ef0 Exception <a 'java/lang/NoSuchMethodError'{0x0000000088779380}: 'java.lang.Object java.lang.invoke.DirectMethodHandle$Holder.invokeStatic(java.lang.Object)'> (0x0000000088779380) 
thrown [./open/src/hotspot/share/interpreter/linkResolver.cpp, line 782]
Event: 0.203 Thread 0x00000182dbaa1ef0 Exception <a 'java/lang/NoSuchMethodError'{0x00000000887885f8}: 'java.lang.Object java.lang.invoke.DirectMethodHandle$Holder.invokeStaticInit(java.lang.Object)'> (0x00000000887885f8) 
thrown [./open/src/hotspot/share/interpreter/linkResolver.cpp, line 782]
Event: 0.220 Thread 0x00000182dbaa1ef0 Exception <a 'java/lang/NoSuchMethodError'{0x00000000887dcbc8}: 'void java.lang.invoke.DirectMethodHandle$Holder.invokeStatic(java.lang.Object, java.lang.Object)'> (0x00000000887dcbc8) 
thrown [./open/src/hotspot/share/interpreter/linkResolver.cpp, line 782]
Event: 0.221 Thread 0x00000182dbaa1ef0 Exception <a 'java/lang/NoSuchMethodError'{0x00000000887e2500}: 'void java.lang.invoke.DirectMethodHandle$Holder.invokeSpecial(java.lang.Object, java.lang.Object, java.lang.Object)'> (0x00000000887e2500) 
thrown [./open/src/hotspot/share/interpreter/linkResolver.cpp, line 782]
Event: 0.227 Thread 0x00000182dbaa1ef0 Exception <a 'java/lang/NoSuchMethodError'{0x00000000887f7170}: 'java.lang.Object java.lang.invoke.DirectMethodHandle$Holder.invokeStatic(java.lang.Object, java.lang.Object, int)'> (0x00000000887f7170) 
thrown [./open/src/hotspot/share/interpreter/linkResolver.cpp, line 782]
Event: 0.230 Thread 0x00000182dbaa1ef0 Exception <a 'java/lang/NoSuchMethodError'{0x00000000886039d8}: 'void java.lang.invoke.DelegatingMethodHandle$Holder.delegate(java.lang.Object, java.lang.Object, int, java.lang.Object)'> (0x00000000886039d8) 
thrown [./open/src/hotspot/share/interpreter/linkResolver.cpp, line 782]
Event: 0.230 Thread 0x00000182dbaa1ef0 Exception <a 'java/lang/NoSuchMethodError'{0x0000000088607d20}: 'int java.lang.invoke.DirectMethodHandle$Holder.invokeSpecial(java.lang.Object, java.lang.Object, java.lang.Object)'> (0x0000000088607d20) 
thrown [./open/src/hotspot/share/interpreter/linkResolver.cpp, line 782]
Event: 0.294 Thread 0x00000182dbaa1ef0 Exception <a 'sun/nio/fs/WindowsException'{0x00000000886a3638}> (0x00000000886a3638) 
thrown [./open/src/hotspot/share/prims/jni.cpp, line 578]
Event: 0.294 Thread 0x00000182dbaa1ef0 Exception <a 'sun/nio/fs/WindowsException'{0x00000000886a3b90}> (0x00000000886a3b90) 
thrown [./open/src/hotspot/share/prims/jni.cpp, line 578]
Event: 0.355 Thread 0x00000182dbaa1ef0 Exception <a 'sun/nio/fs/WindowsException'{0x00000000885d7718}> (0x00000000885d7718) 
thrown [./open/src/hotspot/share/prims/jni.cpp, line 578]
Event: 0.355 Thread 0x00000182dbaa1ef0 Exception <a 'sun/nio/fs/WindowsException'{0x00000000885d7a88}> (0x00000000885d7a88) 
thrown [./open/src/hotspot/share/prims/jni.cpp, line 578]
Event: 0.858 Thread 0x00000182dbaa1ef0 Exception <a 'sun/nio/fs/WindowsException'{0x000000008845a8b8}> (0x000000008845a8b8) 
thrown [./open/src/hotspot/share/prims/jni.cpp, line 578]
Event: 0.858 Thread 0x00000182dbaa1ef0 Exception <a 'sun/nio/fs/WindowsException'{0x000000008845ac68}> (0x000000008845ac68) 
thrown [./open/src/hotspot/share/prims/jni.cpp, line 578]
Event: 0.865 Thread 0x00000182dbaa1ef0 Exception <a 'sun/nio/fs/WindowsException'{0x0000000088468dd8}> (0x0000000088468dd8) 
thrown [./open/src/hotspot/share/prims/jni.cpp, line 578]
Event: 0.865 Thread 0x00000182dbaa1ef0 Exception <a 'sun/nio/fs/WindowsException'{0x00000000884690c0}> (0x00000000884690c0) 
thrown [./open/src/hotspot/share/prims/jni.cpp, line 578]
Event: 1.063 Thread 0x00000182dbaa1ef0 Exception <a 'java/lang/NoSuchMethodError'{0x0000000087d0da28}: 'void java.lang.invoke.DirectMethodHandle$Holder.invokeStatic(java.lang.Object, long, int, int)'> (0x0000000087d0da28) 
thrown [./open/src/hotspot/share/interpreter/linkResolver.cpp, line 782]

Events (20 events):
Event: 1.076 loading class java/lang/invoke/BoundMethodHandle$Species_LLLLL done
Event: 1.078 loading class java/lang/invoke/BoundMethodHandle$Species_LJ
Event: 1.078 loading class java/lang/invoke/BoundMethodHandle$Species_LJ done
Event: 1.079 loading class java/lang/invoke/BoundMethodHandle$Species_LLLLLL
Event: 1.079 loading class java/lang/invoke/BoundMethodHandle$Species_LLLLLL done
Event: 1.102 Loaded shared library C:\Users\teuby\AppData\Local\Temp\lwjglteuby\3.2.3-build-13\lwjgl_opengl.dll
Event: 1.105 Loaded shared library C:\Users\teuby\AppData\Local\Temp\lwjglteuby\3.2.3-build-13\lwjgl_opengl.dll
Event: 1.107 Loaded shared library C:\Users\teuby\AppData\Local\Temp\lwjglteuby\3.2.3-build-13\lwjgl_opengl.dll
Event: 1.112 Loaded shared library C:\Users\teuby\AppData\Local\Temp\lwjglteuby\3.2.3-build-13\lwjgl_opengl.dll
Event: 1.115 Loaded shared library C:\Users\teuby\AppData\Local\Temp\lwjglteuby\3.2.3-build-13\lwjgl_opengl.dll
Event: 1.120 Loaded shared library C:\Users\teuby\AppData\Local\Temp\lwjglteuby\3.2.3-build-13\lwjgl.dll
Event: 1.134 Loaded shared library C:\Users\teuby\AppData\Local\Temp\lwjglteuby\3.2.3-build-13\lwjgl_opengl.dll
Event: 1.137 Loaded shared library C:\Users\teuby\AppData\Local\Temp\lwjglteuby\3.2.3-build-13\lwjgl_opengl.dll
Event: 1.147 loading class jdk/internal/access/foreign/MemorySegmentProxy
Event: 1.147 loading class jdk/internal/access/foreign/MemorySegmentProxy done
Event: 1.164 Loaded shared library C:\Users\teuby\AppData\Local\Temp\lwjglteuby\3.2.3-build-13\lwjgl_opengl.dll
Event: 1.883 Executing VM operation: HandshakeAllThreads
Event: 1.883 Executing VM operation: HandshakeAllThreads done
Event: 2.162 Executing VM operation: G1CollectForAllocation
Event: 2.187 Executing VM operation: G1CollectForAllocation done


Dynamic libraries:
0x00007ff6d79d0000 - 0x00007ff6d79df000 	C:\Program Files\Java\jdk-15.0.1\bin\java.exe
0x00007ffef4170000 - 0x00007ffef4365000 	C:\Windows\SYSTEM32\ntdll.dll
0x00007ffef3fa0000 - 0x00007ffef405d000 	C:\Windows\System32\KERNEL32.DLL
0x00007ffef1f00000 - 0x00007ffef21c9000 	C:\Windows\System32\KERNELBASE.dll
0x00007ffef1db0000 - 0x00007ffef1eb0000 	C:\Windows\System32\ucrtbase.dll
0x00007ffee6140000 - 0x00007ffee6159000 	C:\Program Files\Java\jdk-15.0.1\bin\VCRUNTIME140.dll
0x00007ffee6340000 - 0x00007ffee6358000 	C:\Program Files\Java\jdk-15.0.1\bin\jli.dll
0x00007ffef3810000 - 0x00007ffef38bc000 	C:\Windows\System32\ADVAPI32.dll
0x00007ffef21d0000 - 0x00007ffef226e000 	C:\Windows\System32\msvcrt.dll
0x00007ffef2950000 - 0x00007ffef29ec000 	C:\Windows\System32\sechost.dll
0x00007ffef29f0000 - 0x00007ffef2b1b000 	C:\Windows\System32\RPCRT4.dll
0x00007ffef2290000 - 0x00007ffef2430000 	C:\Windows\System32\USER32.dll
0x00007ffed71b0000 - 0x00007ffed744a000 	C:\Windows\WinSxS\amd64_microsoft.windows.common-controls_6595b64144ccf1df_6.0.19041.844_none_ca00b6081b84eb1d\COMCTL32.dll
0x00007ffef1c70000 - 0x00007ffef1c92000 	C:\Windows\System32\win32u.dll
0x00007ffef2560000 - 0x00007ffef258a000 	C:\Windows\System32\GDI32.dll
0x00007ffef18b0000 - 0x00007ffef19bb000 	C:\Windows\System32\gdi32full.dll
0x00007ffef1b50000 - 0x00007ffef1bed000 	C:\Windows\System32\msvcp_win.dll
0x00007ffee8e80000 - 0x00007ffee8e8a000 	C:\Windows\SYSTEM32\VERSION.dll
0x00007ffef3ec0000 - 0x00007ffef3ef0000 	C:\Windows\System32\IMM32.DLL
0x00007ffee4670000 - 0x00007ffee467c000 	C:\Program Files\Java\jdk-15.0.1\bin\vcruntime140_1.dll
0x00007ffee3510000 - 0x00007ffee35a1000 	C:\Program Files\Java\jdk-15.0.1\bin\msvcp140.dll
0x00007ffe86480000 - 0x00007ffe86fde000 	C:\Program Files\Java\jdk-15.0.1\bin\server\jvm.dll
0x00007ffef3d90000 - 0x00007ffef3d98000 	C:\Windows\System32\PSAPI.DLL
0x00007ffee8e50000 - 0x00007ffee8e77000 	C:\Windows\SYSTEM32\WINMM.dll
0x00007ffeed440000 - 0x00007ffeed449000 	C:\Windows\SYSTEM32\WSOCK32.dll
0x00007ffef40c0000 - 0x00007ffef412b000 	C:\Windows\System32\ws2_32.DLL
0x00007ffeef810000 - 0x00007ffeef822000 	C:\Windows\SYSTEM32\kernel.appcore.dll
0x00007ffee45d0000 - 0x00007ffee45da000 	C:\Program Files\Java\jdk-15.0.1\bin\jimage.dll
0x00007ffee9220000 - 0x00007ffee9404000 	C:\Windows\SYSTEM32\DBGHELP.DLL
0x00007ffed7a70000 - 0x00007ffed7a9c000 	C:\Windows\SYSTEM32\dbgcore.DLL
0x00007ffef1bf0000 - 0x00007ffef1c70000 	C:\Windows\System32\bcryptPrimitives.dll
0x00007ffee2f60000 - 0x00007ffee2f85000 	C:\Program Files\Java\jdk-15.0.1\bin\java.dll
0x00007ffef2c50000 - 0x00007ffef3392000 	C:\Windows\System32\SHELL32.dll
0x00007ffeefa10000 - 0x00007ffef01a0000 	C:\Windows\SYSTEM32\windows.storage.dll
0x00007ffef25f0000 - 0x00007ffef2945000 	C:\Windows\System32\combase.dll
0x00007ffef1320000 - 0x00007ffef134c000 	C:\Windows\SYSTEM32\Wldp.dll
0x00007ffef3ef0000 - 0x00007ffef3f9e000 	C:\Windows\System32\SHCORE.dll
0x00007ffef3ad0000 - 0x00007ffef3b25000 	C:\Windows\System32\shlwapi.dll
0x00007ffef17f0000 - 0x00007ffef180f000 	C:\Windows\SYSTEM32\profapi.dll
0x00007ffee3dc0000 - 0x00007ffee3dd9000 	C:\Program Files\Java\jdk-15.0.1\bin\net.dll
0x00007ffeeb140000 - 0x00007ffeeb24c000 	C:\Windows\SYSTEM32\WINHTTP.dll
0x00007ffef10a0000 - 0x00007ffef110a000 	C:\Windows\system32\mswsock.dll
0x00007ffee3300000 - 0x00007ffee3312000 	C:\Program Files\Java\jdk-15.0.1\bin\nio.dll
0x00007ffee2f40000 - 0x00007ffee2f58000 	C:\Program Files\Java\jdk-15.0.1\bin\zip.dll
0x00007ffeda840000 - 0x00007ffeda8a4000 	C:\Users\teuby\AppData\Local\Temp\lwjglteuby\3.2.3-build-13\lwjgl.dll
0x00007ffeda7d0000 - 0x00007ffeda832000 	C:\Users\teuby\AppData\Local\Temp\lwjglteuby\3.2.3-build-13\glfw.dll
0x00007ffeef330000 - 0x00007ffeef3ce000 	C:\Windows\system32\uxtheme.dll
0x00007ffee4800000 - 0x00007ffee4845000 	C:\Windows\SYSTEM32\dinput8.dll
0x00007ffeed590000 - 0x00007ffeed5a1000 	C:\Windows\SYSTEM32\xinput1_4.dll
0x00007ffef1eb0000 - 0x00007ffef1efe000 	C:\Windows\System32\cfgmgr32.dll
0x00007ffef1660000 - 0x00007ffef168c000 	C:\Windows\SYSTEM32\DEVOBJ.dll
0x00007ffeef520000 - 0x00007ffeef54f000 	C:\Windows\SYSTEM32\dwmapi.dll
0x00007ffee4eb0000 - 0x00007ffee5002000 	C:\Windows\SYSTEM32\inputhost.dll
0x00007ffef3b30000 - 0x00007ffef3bfd000 	C:\Windows\System32\OLEAUT32.dll
0x00007ffeeef50000 - 0x00007ffeef042000 	C:\Windows\SYSTEM32\CoreMessaging.dll
0x00007ffeed150000 - 0x00007ffeed247000 	C:\Windows\SYSTEM32\PROPSYS.dll
0x00007ffeed7b0000 - 0x00007ffeed904000 	C:\Windows\SYSTEM32\wintypes.dll
0x00007ffeeeb10000 - 0x00007ffeeee6e000 	C:\Windows\SYSTEM32\CoreUIComponents.dll
0x00007ffef05e0000 - 0x00007ffef0613000 	C:\Windows\SYSTEM32\ntmarta.dll
0x00007ffef3da0000 - 0x00007ffef3eb5000 	C:\Windows\System32\MSCTF.dll
0x00007ffef01a0000 - 0x00007ffef01ad000 	C:\Windows\SYSTEM32\HID.DLL
0x00007ffef33a0000 - 0x00007ffef3809000 	C:\Windows\System32\SETUPAPI.DLL
0x00007ffef19c0000 - 0x00007ffef19e7000 	C:\Windows\System32\bcrypt.dll
0x00007ffef1ca0000 - 0x00007ffef1d00000 	C:\Windows\System32\WINTRUST.dll
0x00007ffef19f0000 - 0x00007ffef1b4f000 	C:\Windows\System32\CRYPT32.dll
0x00007ffef14a0000 - 0x00007ffef14b2000 	C:\Windows\SYSTEM32\MSASN1.dll
0x00007ffebad00000 - 0x00007ffebae26000 	C:\Windows\SYSTEM32\opengl32.dll
0x00007ffecb260000 - 0x00007ffecb28c000 	C:\Windows\SYSTEM32\GLU32.dll
0x00007ffef24b0000 - 0x00007ffef2559000 	C:\Windows\System32\clbcatq.dll
0x00007ffecb490000 - 0x00007ffecb4ba000 	C:\Windows\System32\DriverStore\FileRepository\u0359160.inf_amd64_2abe2598d9a3141f\B358802\atig6pxx.dll
0x00007ffe8c710000 - 0x00007ffe8f422000 	C:\Windows\System32\DriverStore\FileRepository\u0359160.inf_amd64_2abe2598d9a3141f\B358802\atio6axx.dll
0x00007ffef2b20000 - 0x00007ffef2c4a000 	C:\Windows\System32\ole32.dll
0x00007ffec1ae0000 - 0x00007ffec1b04000 	C:\Windows\SYSTEM32\dxva2.dll
0x00007ffecb570000 - 0x00007ffecb5ac000 	C:\Windows\System32\DriverStore\FileRepository\u0359160.inf_amd64_2abe2598d9a3141f\B358802\atig6txx.dll
0x00007ffeaa120000 - 0x00007ffeaa2dc000 	C:\Windows\SYSTEM32\atiadlxx.dll
0x00007ffee91e0000 - 0x00007ffee921b000 	C:\Windows\SYSTEM32\dxcore.dll
0x00007ffee5010000 - 0x00007ffee510b000 	C:\Windows\SYSTEM32\textinputframework.dll
0x00007ffeda770000 - 0x00007ffeda7c9000 	C:\Users\teuby\AppData\Local\Temp\lwjglteuby\3.2.3-build-13\lwjgl_opengl.dll

dbghelp: loaded successfully - version: 4.0.5 - missing functions: none
symbol engine: initialized successfully - sym options: 0x614 - pdb path: .;C:\Program Files\Java\jdk-15.0.1\bin;C:\Windows\SYSTEM32;C:\Windows\WinSxS\amd64_microsoft.windows.common-controls_6595b64144ccf1df_6.0.19041.844_none_ca00b6081b84eb1d;C:\Program Files\Java\jdk-15.0.1\bin\server;C:\Users\teuby\AppData\Local\Temp\lwjglteuby\3.2.3-build-13;C:\Windows\System32\DriverStore\FileRepository\u0359160.inf_amd64_2abe2598d9a3141f\B358802

VM Arguments:
jvm_args: -Dfile.encoding=windows-1250 -Duser.country=CZ -Duser.language=cs -Duser.variant 
java_command: educanet.Main
java_class_path (initial): D:\skola\GDV\OpenGl\maze\build\classes\java\main;D:\skola\GDV\OpenGl\maze\build\resources\main;C:\Users\teuby\.gradle\caches\modules-2\files-2.1\org.lwjgl\lwjgl-assimp\3.2.3\f62aa07a20afbdd3097efc296c4841e0d29700eb\lwjgl-assimp-3.2.3.jar;C:\Users\teuby\.gradle\caches\modules-2\files-2.1\org.lwjgl\lwjgl-assimp\3.2.3\4e60aeb75f0343c4a9ede4ef8b6b32ca702a00a3\lwjgl-assimp-3.2.3-natives-windows.jar;C:\Users\teuby\.gradle\caches\modules-2\files-2.1\org.lwjgl\lwjgl-glfw\3.2.3\5e520d5c290c8b012545a8d34fa5db5ab051ea53\lwjgl-glfw-3.2.3.jar;C:\Users\teuby\.gradle\caches\modules-2\files-2.1\org.lwjgl\lwjgl-glfw\3.2.3\b4d8a3477cdc2edcf7a5f1e822926be846223f54\lwjgl-glfw-3.2.3-natives-windows.jar;C:\Users\teuby\.gradle\caches\modules-2\files-2.1\org.lwjgl\lwjgl-openal\3.2.3\106742e805803ab9eab8e343f0fb31a3d263903c\lwjgl-openal-3.2.3.jar;C:\Users\teuby\.gradle\caches\modules-2\files-2.1\org.lwjgl\lwjgl-openal\3.2.3\ec898e8ce11b5886f4f532a1536283ef2817758d\lwjgl-openal-3.2.3-natives-windows.jar;C:\Users\teuby\.gradle\caches\modules-2\files-2.1\org.lwjgl\lwjgl-opengl\3.2.3\bdd534a323d0c8f54969b95e424b6ac8984f7d6e\lwjgl-opengl-3.2.3.jar;C:\Users\teuby\.gradle\caches\modules-2\files-2.1\org.lwjgl\lwjgl-opengl\3.2.3\e81cfc73ec8708e5e791ed770e4ec3edfc1bbab1\lwjgl-opengl-3.2.3-natives-windows.jar;C:\Users\teuby\.gradle\caches\modules-2\files-2.1\org.lwjgl\lwjgl-stb\3.2.3\40eccaa4fa86fc815f2e17946a392fb5fdcc286a\lwjgl-stb-3.2.3.jar;C:\Users\teuby\.gradle\caches\modules-2\files-2.1\org.lwjgl\lwjgl-stb\3.2.3\817b21ec286f0ba3dcedb56a3bd275e6a9345be9\lwjgl-stb-3.2.3-natives-windows.jar;C:\Users\teuby\.gradle\caches\modules-2\files-2.1\org.lwjgl\lwjgl\3.2.3\17a59ba0fe8d474ec9dbe0d5db40d2cfe59c4c08\lwjgl-3.2.3.jar;C:\Users\teuby\.gradle\caches\modules-2\files-2.1\org.lwjgl\lwjgl\3.2.3\27f32cd35349684745951e04388e8e00d681cdcd\lwjgl-3.2.3-natives-windows.jar;C:\Users\teuby\.gradle\caches\modules-2\files-2.1\org.jetbrains\annotations\20.1.0\2fcd1f3225bca0c4a7bc931142076
Launcher Type: SUN_STANDARD

[Global flags]
     intx CICompilerCount                          = 4                                         {product} {ergonomic}
     uint ConcGCThreads                            = 2                                         {product} {ergonomic}
     uint G1ConcRefinementThreads                  = 8                                         {product} {ergonomic}
   size_t G1HeapRegionSize                         = 1048576                                   {product} {ergonomic}
    uintx GCDrainStackTargetSize                   = 64                                        {product} {ergonomic}
   size_t InitialHeapSize                          = 134217728                                 {product} {ergonomic}
   size_t MarkStackSize                            = 4194304                                   {product} {ergonomic}
   size_t MaxHeapSize                              = 2136997888                                {product} {ergonomic}
   size_t MaxNewSize                               = 1281359872                                {product} {ergonomic}
   size_t MinHeapDeltaBytes                        = 1048576                                   {product} {ergonomic}
   size_t MinHeapSize                              = 8388608                                   {product} {ergonomic}
    uintx NonNMethodCodeHeapSize                   = 5839372                                {pd product} {ergonomic}
    uintx NonProfiledCodeHeapSize                  = 122909434                              {pd product} {ergonomic}
    uintx ProfiledCodeHeapSize                     = 122909434                              {pd product} {ergonomic}
    uintx ReservedCodeCacheSize                    = 251658240                              {pd product} {ergonomic}
     bool SegmentedCodeCache                       = true                                      {product} {ergonomic}
   size_t SoftMaxHeapSize                          = 2136997888                             {manageable} {ergonomic}
     bool UseCompressedClassPointers               = true                                 {lp64_product} {ergonomic}
     bool UseCompressedOops                        = true                                 {lp64_product} {ergonomic}
     bool UseG1GC                                  = true                                      {product} {ergonomic}
     bool UseLargePagesIndividualAllocation        = false                                  {pd product} {ergonomic}

Logging:
Log output configuration:
 #0: stdout all=warning uptime,level,tags
 #1: stderr all=off uptime,level,tags

Environment Variables:
PATH=C:\Program Files\Java\jdk-15.0.1\bin;C:\Program Files (x86)\Common Files\Oracle\Java\javapath;C:\Windows\system32;C:\Windows;C:\Windows\System32\Wbem;C:\Windows\System32\WindowsPowerShell\v1.0\;C:\Windows\System32\OpenSSH\;C:\Program Files\Git\cmd;C:\Program Files\nodejs\;C:\Gradle\gradle-6.8.2\bin;C:\wildfly-22.0.0.Final\bin;C:\maven\apache-maven-3.6.3\bin;C:\Users\teuby\AppData\Local\Microsoft\WindowsApps;C:\Users\teuby\AppData\Local\Programs\Microsoft VS Code\bin;C:\Users\teuby\AppData\Roaming\npm;C:\Users\teuby\AppData\Local\GitHubDesktop\bin;C:\Program Files\JetBrains\IntelliJ IDEA 2020.3.2\bin;
USERNAME=teuby
OS=Windows_NT
PROCESSOR_IDENTIFIER=AMD64 Family 21 Model 2 Stepping 0, AuthenticAMD



---------------  S Y S T E M  ---------------

OS:
 Windows 10 , 64 bit Build 19041 (10.0.19041.804)
OS uptime: 2 days 7:37 hours

CPU: total 8 (initial active 8) (8 cores per cpu, 1 threads per core) family 21 model 2 stepping 0 microcode 0x0, cmov, cx8, fxsr, mmx, sse, sse2, sse3, ssse3, sse4.1, sse4.2, popcnt, vzeroupper, avx, aes, clmul, 3dnowpref, lzcnt, sse4a, tsc, tscinvbit, tscinv, bmi1, fma, clflush

Memory: 4k page, system-wide physical 8149M (2074M free)
TotalPageFile size 22485M (AvailPageFile size 8799M)
current process WorkingSet (physical memory assigned to process): 131M, peak: 137M
current process commit charge ("private bytes"): 316M, peak: 323M

vm_info: Java HotSpot(TM) 64-Bit Server VM (15.0.1+9-18) for windows-amd64 JRE (15.0.1+9-18), built on Sep 15 2020 14:43:54 by "mach5one" with unknown MS VC++:1925

END.
